<?xml version="1.0" encoding="UTF-8"?>
<testsuite xmlns:xsi="http://www.w3.org/2001/XMLSchema-instance" xsi:noNamespaceSchemaLocation="https://maven.apache.org/surefire/maven-surefire-plugin/xsd/surefire-test-report-3.0.xsd" version="3.0" name="TestSuite" time="159.836" tests="5" errors="0" skipped="0" failures="0">
  <properties>
    <property name="sun.desktop" value="windows"/>
    <property name="awt.toolkit" value="sun.awt.windows.WToolkit"/>
    <property name="file.encoding.pkg" value="sun.io"/>
    <property name="java.specification.version" value="1.8"/>
    <property name="sun.cpu.isalist" value="amd64"/>
    <property name="sun.jnu.encoding" value="Cp1252"/>
    <property name="java.class.path" value="C:\Notes-MobileTesting\KhanAcademy\target\test-classes;C:\Notes-MobileTesting\KhanAcademy\target\classes;C:\Users\MathanRajS\.m2\repository\junit\junit\3.8.1\junit-3.8.1.jar;C:\Users\MathanRajS\.m2\repository\org\testng\testng\6.14.3\testng-6.14.3.jar;C:\Users\MathanRajS\.m2\repository\com\beust\jcommander\1.72\jcommander-1.72.jar;C:\Users\MathanRajS\.m2\repository\org\apache-extras\beanshell\bsh\2.0b6\bsh-2.0b6.jar;C:\Users\MathanRajS\.m2\repository\org\seleniumhq\selenium\selenium-java\3.141.59\selenium-java-3.141.59.jar;C:\Users\MathanRajS\.m2\repository\org\seleniumhq\selenium\selenium-api\3.141.59\selenium-api-3.141.59.jar;C:\Users\MathanRajS\.m2\repository\org\seleniumhq\selenium\selenium-chrome-driver\3.141.59\selenium-chrome-driver-3.141.59.jar;C:\Users\MathanRajS\.m2\repository\org\seleniumhq\selenium\selenium-edge-driver\3.141.59\selenium-edge-driver-3.141.59.jar;C:\Users\MathanRajS\.m2\repository\org\seleniumhq\selenium\selenium-firefox-driver\3.141.59\selenium-firefox-driver-3.141.59.jar;C:\Users\MathanRajS\.m2\repository\org\seleniumhq\selenium\selenium-ie-driver\3.141.59\selenium-ie-driver-3.141.59.jar;C:\Users\MathanRajS\.m2\repository\org\seleniumhq\selenium\selenium-opera-driver\3.141.59\selenium-opera-driver-3.141.59.jar;C:\Users\MathanRajS\.m2\repository\org\seleniumhq\selenium\selenium-remote-driver\3.141.59\selenium-remote-driver-3.141.59.jar;C:\Users\MathanRajS\.m2\repository\org\seleniumhq\selenium\selenium-safari-driver\3.141.59\selenium-safari-driver-3.141.59.jar;C:\Users\MathanRajS\.m2\repository\org\seleniumhq\selenium\selenium-support\3.141.59\selenium-support-3.141.59.jar;C:\Users\MathanRajS\.m2\repository\net\bytebuddy\byte-buddy\1.8.15\byte-buddy-1.8.15.jar;C:\Users\MathanRajS\.m2\repository\org\apache\commons\commons-exec\1.3\commons-exec-1.3.jar;C:\Users\MathanRajS\.m2\repository\com\google\guava\guava\25.0-jre\guava-25.0-jre.jar;C:\Users\MathanRajS\.m2\repository\com\google\code\findbugs\jsr305\1.3.9\jsr305-1.3.9.jar;C:\Users\MathanRajS\.m2\repository\org\checkerframework\checker-compat-qual\2.0.0\checker-compat-qual-2.0.0.jar;C:\Users\MathanRajS\.m2\repository\com\google\errorprone\error_prone_annotations\2.1.3\error_prone_annotations-2.1.3.jar;C:\Users\MathanRajS\.m2\repository\com\google\j2objc\j2objc-annotations\1.1\j2objc-annotations-1.1.jar;C:\Users\MathanRajS\.m2\repository\org\codehaus\mojo\animal-sniffer-annotations\1.14\animal-sniffer-annotations-1.14.jar;C:\Users\MathanRajS\.m2\repository\com\squareup\okhttp3\okhttp\3.11.0\okhttp-3.11.0.jar;C:\Users\MathanRajS\.m2\repository\com\squareup\okio\okio\1.14.0\okio-1.14.0.jar;C:\Users\MathanRajS\.m2\repository\io\appium\java-client\7.3.0\java-client-7.3.0.jar;C:\Users\MathanRajS\.m2\repository\com\google\code\gson\gson\2.8.5\gson-2.8.5.jar;C:\Users\MathanRajS\.m2\repository\org\apache\httpcomponents\httpclient\4.5.9\httpclient-4.5.9.jar;C:\Users\MathanRajS\.m2\repository\org\apache\httpcomponents\httpcore\4.4.11\httpcore-4.4.11.jar;C:\Users\MathanRajS\.m2\repository\commons-logging\commons-logging\1.2\commons-logging-1.2.jar;C:\Users\MathanRajS\.m2\repository\commons-codec\commons-codec\1.11\commons-codec-1.11.jar;C:\Users\MathanRajS\.m2\repository\cglib\cglib\3.2.12\cglib-3.2.12.jar;C:\Users\MathanRajS\.m2\repository\org\ow2\asm\asm\7.1\asm-7.1.jar;C:\Users\MathanRajS\.m2\repository\commons-validator\commons-validator\1.6\commons-validator-1.6.jar;C:\Users\MathanRajS\.m2\repository\commons-beanutils\commons-beanutils\1.9.2\commons-beanutils-1.9.2.jar;C:\Users\MathanRajS\.m2\repository\commons-digester\commons-digester\1.8.1\commons-digester-1.8.1.jar;C:\Users\MathanRajS\.m2\repository\commons-collections\commons-collections\3.2.2\commons-collections-3.2.2.jar;C:\Users\MathanRajS\.m2\repository\org\apache\commons\commons-lang3\3.9\commons-lang3-3.9.jar;C:\Users\MathanRajS\.m2\repository\commons-io\commons-io\2.6\commons-io-2.6.jar;C:\Users\MathanRajS\.m2\repository\org\springframework\spring-context\5.1.8.RELEASE\spring-context-5.1.8.RELEASE.jar;C:\Users\MathanRajS\.m2\repository\org\springframework\spring-aop\5.1.8.RELEASE\spring-aop-5.1.8.RELEASE.jar;C:\Users\MathanRajS\.m2\repository\org\springframework\spring-beans\5.1.8.RELEASE\spring-beans-5.1.8.RELEASE.jar;C:\Users\MathanRajS\.m2\repository\org\springframework\spring-core\5.1.8.RELEASE\spring-core-5.1.8.RELEASE.jar;C:\Users\MathanRajS\.m2\repository\org\springframework\spring-jcl\5.1.8.RELEASE\spring-jcl-5.1.8.RELEASE.jar;C:\Users\MathanRajS\.m2\repository\org\springframework\spring-expression\5.1.8.RELEASE\spring-expression-5.1.8.RELEASE.jar;C:\Users\MathanRajS\.m2\repository\org\aspectj\aspectjweaver\1.9.4\aspectjweaver-1.9.4.jar;C:\Users\MathanRajS\.m2\repository\org\slf4j\slf4j-api\1.7.26\slf4j-api-1.7.26.jar;C:\Users\MathanRajS\.m2\repository\com\aventstack\extentreports\4.0.9\extentreports-4.0.9.jar;C:\Users\MathanRajS\.m2\repository\org\freemarker\freemarker\2.3.23\freemarker-2.3.23.jar;C:\Users\MathanRajS\.m2\repository\org\mongodb\mongodb-driver\3.3.0\mongodb-driver-3.3.0.jar;C:\Users\MathanRajS\.m2\repository\org\mongodb\mongodb-driver-core\3.3.0\mongodb-driver-core-3.3.0.jar;C:\Users\MathanRajS\.m2\repository\org\mongodb\bson\3.3.0\bson-3.3.0.jar;C:\Users\MathanRajS\.m2\repository\org\apache\httpcomponents\httpmime\4.5.2\httpmime-4.5.2.jar;"/>
    <property name="java.vm.vendor" value="Oracle Corporation"/>
    <property name="sun.arch.data.model" value="64"/>
    <property name="user.variant" value=""/>
    <property name="java.vendor.url" value="http://java.oracle.com/"/>
    <property name="user.timezone" value="Asia/Calcutta"/>
    <property name="java.vm.specification.version" value="1.8"/>
    <property name="os.name" value="Windows 10"/>
    <property name="user.country" value="IN"/>
    <property name="sun.java.launcher" value="SUN_STANDARD"/>
    <property name="sun.boot.library.path" value="C:\Program Files\Java\jdk1.8.0_201\jre\bin"/>
    <property name="sun.java.command" value="C:\Users\MathanRajS\AppData\Local\Temp\surefire3477184079247335846\surefirebooter3627008301254192221.jar C:\Users\MathanRajS\AppData\Local\Temp\surefire3477184079247335846 2021-01-10T02-53-51_876-jvmRun1 surefire4445596121193706657tmp surefire_05789788782946609167tmp"/>
    <property name="surefire.test.class.path" value="C:\Notes-MobileTesting\KhanAcademy\target\test-classes;C:\Notes-MobileTesting\KhanAcademy\target\classes;C:\Users\MathanRajS\.m2\repository\junit\junit\3.8.1\junit-3.8.1.jar;C:\Users\MathanRajS\.m2\repository\org\testng\testng\6.14.3\testng-6.14.3.jar;C:\Users\MathanRajS\.m2\repository\com\beust\jcommander\1.72\jcommander-1.72.jar;C:\Users\MathanRajS\.m2\repository\org\apache-extras\beanshell\bsh\2.0b6\bsh-2.0b6.jar;C:\Users\MathanRajS\.m2\repository\org\seleniumhq\selenium\selenium-java\3.141.59\selenium-java-3.141.59.jar;C:\Users\MathanRajS\.m2\repository\org\seleniumhq\selenium\selenium-api\3.141.59\selenium-api-3.141.59.jar;C:\Users\MathanRajS\.m2\repository\org\seleniumhq\selenium\selenium-chrome-driver\3.141.59\selenium-chrome-driver-3.141.59.jar;C:\Users\MathanRajS\.m2\repository\org\seleniumhq\selenium\selenium-edge-driver\3.141.59\selenium-edge-driver-3.141.59.jar;C:\Users\MathanRajS\.m2\repository\org\seleniumhq\selenium\selenium-firefox-driver\3.141.59\selenium-firefox-driver-3.141.59.jar;C:\Users\MathanRajS\.m2\repository\org\seleniumhq\selenium\selenium-ie-driver\3.141.59\selenium-ie-driver-3.141.59.jar;C:\Users\MathanRajS\.m2\repository\org\seleniumhq\selenium\selenium-opera-driver\3.141.59\selenium-opera-driver-3.141.59.jar;C:\Users\MathanRajS\.m2\repository\org\seleniumhq\selenium\selenium-remote-driver\3.141.59\selenium-remote-driver-3.141.59.jar;C:\Users\MathanRajS\.m2\repository\org\seleniumhq\selenium\selenium-safari-driver\3.141.59\selenium-safari-driver-3.141.59.jar;C:\Users\MathanRajS\.m2\repository\org\seleniumhq\selenium\selenium-support\3.141.59\selenium-support-3.141.59.jar;C:\Users\MathanRajS\.m2\repository\net\bytebuddy\byte-buddy\1.8.15\byte-buddy-1.8.15.jar;C:\Users\MathanRajS\.m2\repository\org\apache\commons\commons-exec\1.3\commons-exec-1.3.jar;C:\Users\MathanRajS\.m2\repository\com\google\guava\guava\25.0-jre\guava-25.0-jre.jar;C:\Users\MathanRajS\.m2\repository\com\google\code\findbugs\jsr305\1.3.9\jsr305-1.3.9.jar;C:\Users\MathanRajS\.m2\repository\org\checkerframework\checker-compat-qual\2.0.0\checker-compat-qual-2.0.0.jar;C:\Users\MathanRajS\.m2\repository\com\google\errorprone\error_prone_annotations\2.1.3\error_prone_annotations-2.1.3.jar;C:\Users\MathanRajS\.m2\repository\com\google\j2objc\j2objc-annotations\1.1\j2objc-annotations-1.1.jar;C:\Users\MathanRajS\.m2\repository\org\codehaus\mojo\animal-sniffer-annotations\1.14\animal-sniffer-annotations-1.14.jar;C:\Users\MathanRajS\.m2\repository\com\squareup\okhttp3\okhttp\3.11.0\okhttp-3.11.0.jar;C:\Users\MathanRajS\.m2\repository\com\squareup\okio\okio\1.14.0\okio-1.14.0.jar;C:\Users\MathanRajS\.m2\repository\io\appium\java-client\7.3.0\java-client-7.3.0.jar;C:\Users\MathanRajS\.m2\repository\com\google\code\gson\gson\2.8.5\gson-2.8.5.jar;C:\Users\MathanRajS\.m2\repository\org\apache\httpcomponents\httpclient\4.5.9\httpclient-4.5.9.jar;C:\Users\MathanRajS\.m2\repository\org\apache\httpcomponents\httpcore\4.4.11\httpcore-4.4.11.jar;C:\Users\MathanRajS\.m2\repository\commons-logging\commons-logging\1.2\commons-logging-1.2.jar;C:\Users\MathanRajS\.m2\repository\commons-codec\commons-codec\1.11\commons-codec-1.11.jar;C:\Users\MathanRajS\.m2\repository\cglib\cglib\3.2.12\cglib-3.2.12.jar;C:\Users\MathanRajS\.m2\repository\org\ow2\asm\asm\7.1\asm-7.1.jar;C:\Users\MathanRajS\.m2\repository\commons-validator\commons-validator\1.6\commons-validator-1.6.jar;C:\Users\MathanRajS\.m2\repository\commons-beanutils\commons-beanutils\1.9.2\commons-beanutils-1.9.2.jar;C:\Users\MathanRajS\.m2\repository\commons-digester\commons-digester\1.8.1\commons-digester-1.8.1.jar;C:\Users\MathanRajS\.m2\repository\commons-collections\commons-collections\3.2.2\commons-collections-3.2.2.jar;C:\Users\MathanRajS\.m2\repository\org\apache\commons\commons-lang3\3.9\commons-lang3-3.9.jar;C:\Users\MathanRajS\.m2\repository\commons-io\commons-io\2.6\commons-io-2.6.jar;C:\Users\MathanRajS\.m2\repository\org\springframework\spring-context\5.1.8.RELEASE\spring-context-5.1.8.RELEASE.jar;C:\Users\MathanRajS\.m2\repository\org\springframework\spring-aop\5.1.8.RELEASE\spring-aop-5.1.8.RELEASE.jar;C:\Users\MathanRajS\.m2\repository\org\springframework\spring-beans\5.1.8.RELEASE\spring-beans-5.1.8.RELEASE.jar;C:\Users\MathanRajS\.m2\repository\org\springframework\spring-core\5.1.8.RELEASE\spring-core-5.1.8.RELEASE.jar;C:\Users\MathanRajS\.m2\repository\org\springframework\spring-jcl\5.1.8.RELEASE\spring-jcl-5.1.8.RELEASE.jar;C:\Users\MathanRajS\.m2\repository\org\springframework\spring-expression\5.1.8.RELEASE\spring-expression-5.1.8.RELEASE.jar;C:\Users\MathanRajS\.m2\repository\org\aspectj\aspectjweaver\1.9.4\aspectjweaver-1.9.4.jar;C:\Users\MathanRajS\.m2\repository\org\slf4j\slf4j-api\1.7.26\slf4j-api-1.7.26.jar;C:\Users\MathanRajS\.m2\repository\com\aventstack\extentreports\4.0.9\extentreports-4.0.9.jar;C:\Users\MathanRajS\.m2\repository\org\freemarker\freemarker\2.3.23\freemarker-2.3.23.jar;C:\Users\MathanRajS\.m2\repository\org\mongodb\mongodb-driver\3.3.0\mongodb-driver-3.3.0.jar;C:\Users\MathanRajS\.m2\repository\org\mongodb\mongodb-driver-core\3.3.0\mongodb-driver-core-3.3.0.jar;C:\Users\MathanRajS\.m2\repository\org\mongodb\bson\3.3.0\bson-3.3.0.jar;C:\Users\MathanRajS\.m2\repository\org\apache\httpcomponents\httpmime\4.5.2\httpmime-4.5.2.jar;"/>
    <property name="sun.cpu.endian" value="little"/>
    <property name="user.home" value="C:\Users\MathanRajS"/>
    <property name="user.language" value="en"/>
    <property name="java.specification.vendor" value="Oracle Corporation"/>
    <property name="java.home" value="C:\Program Files\Java\jdk1.8.0_201\jre"/>
    <property name="basedir" value="C:\Notes-MobileTesting\KhanAcademy"/>
    <property name="file.separator" value="\"/>
    <property name="line.separator" value="&#10;"/>
    <property name="java.vm.specification.vendor" value="Oracle Corporation"/>
    <property name="java.specification.name" value="Java Platform API Specification"/>
    <property name="java.awt.graphicsenv" value="sun.awt.Win32GraphicsEnvironment"/>
    <property name="surefire.real.class.path" value="C:\Users\MathanRajS\AppData\Local\Temp\surefire3477184079247335846\surefirebooter3627008301254192221.jar"/>
    <property name="sun.boot.class.path" value="C:\Program Files\Java\jdk1.8.0_201\jre\lib\resources.jar;C:\Program Files\Java\jdk1.8.0_201\jre\lib\rt.jar;C:\Program Files\Java\jdk1.8.0_201\jre\lib\sunrsasign.jar;C:\Program Files\Java\jdk1.8.0_201\jre\lib\jsse.jar;C:\Program Files\Java\jdk1.8.0_201\jre\lib\jce.jar;C:\Program Files\Java\jdk1.8.0_201\jre\lib\charsets.jar;C:\Program Files\Java\jdk1.8.0_201\jre\lib\jfr.jar;C:\Program Files\Java\jdk1.8.0_201\jre\classes"/>
    <property name="user.script" value=""/>
    <property name="sun.management.compiler" value="HotSpot 64-Bit Tiered Compilers"/>
    <property name="java.runtime.version" value="1.8.0_201-b09"/>
    <property name="user.name" value="MathanRajS"/>
    <property name="path.separator" value=";"/>
    <property name="os.version" value="10.0"/>
    <property name="java.endorsed.dirs" value="C:\Program Files\Java\jdk1.8.0_201\jre\lib\endorsed"/>
    <property name="java.runtime.name" value="Java(TM) SE Runtime Environment"/>
    <property name="file.encoding" value="Cp1252"/>
    <property name="java.vm.name" value="Java HotSpot(TM) 64-Bit Server VM"/>
    <property name="localRepository" value="C:\Users\MathanRajS\.m2\repository"/>
    <property name="java.vendor.url.bug" value="http://bugreport.sun.com/bugreport/"/>
    <property name="java.io.tmpdir" value="C:\Users\MATHAN~1\AppData\Local\Temp\"/>
    <property name="java.version" value="1.8.0_201"/>
    <property name="user.dir" value="C:\Notes-MobileTesting\KhanAcademy"/>
    <property name="os.arch" value="amd64"/>
    <property name="java.vm.specification.name" value="Java Virtual Machine Specification"/>
    <property name="java.awt.printerjob" value="sun.awt.windows.WPrinterJob"/>
    <property name="sun.os.patch.level" value=""/>
    <property name="java.library.path" value="C:\Program Files\Java\jdk1.8.0_201\jre\bin;C:\WINDOWS\Sun\Java\bin;C:\WINDOWS\system32;C:\WINDOWS;C:\Program Files (x86)\Common Files\Oracle\Java\javapath;C:\ProgramData\Oracle\Java\javapath;C:\WINDOWS\system32;C:\WINDOWS;C:\WINDOWS\System32\Wbem;C:\WINDOWS\System32\WindowsPowerShell\v1.0\;C:\WINDOWS\System32\OpenSSH\;C:\Program Files\Git\cmd;C:\Program Files\Java\jdk1.8.0_201\bin;C:\Program Files\Intel\WiFi\bin\;C:\Program Files\Common Files\Intel\WirelessCommon\;C:\Program Files (x86)\PuTTY\;C:\Program Files (x86)\IBM\Personal Communications\;C:\Program Files (x86)\IBM\Trace Facility\;C:\Program Files (x86)\HP\Unified Functional Testing\bin;C:\Program Files (x86)\Intel\Intel(R) Management Engine Components\DAL;C:\Program Files\Intel\Intel(R) Management Engine Components\DAL;C:\Users\MathanRajS\Downloads\apache-maven-3.6.3-bin\apache-maven-3.6.3\bin;C:\Program Files\nodejs\;C:\Program Files\nodejs\node_modules\npm\bin;C:\Users\MathanRajS\AppData\Local\Android\Sdk\tools;C:\Users\MathanRajS\AppData\Local\Android\Sdk\tools\bin;C:\Users\MathanRajS\AppData\Local\Android\Sdk\platform-tools;C:\Users\MathanRajS\AppData\Local\Programs\Python\Python38\Scripts\;C:\Users\MathanRajS\AppData\Local\Programs\Python\Python38\;C:\Users\MathanRajS\AppData\Local\Microsoft\WindowsApps;C:\Program Files\Java\jdk1.8.0_201\bin;C:\Program Files\Intel\WiFi\bin\;C:\Program Files\Common Files\Intel\WirelessCommon\;C:\Users\MathanRajS\AppData\Roaming\npm;."/>
    <property name="java.vm.info" value="mixed mode"/>
    <property name="java.vendor" value="Oracle Corporation"/>
    <property name="java.vm.version" value="25.201-b09"/>
    <property name="java.ext.dirs" value="C:\Program Files\Java\jdk1.8.0_201\jre\lib\ext;C:\WINDOWS\Sun\Java\lib\ext"/>
    <property name="sun.io.unicode.encoding" value="UnicodeLittle"/>
    <property name="java.class.version" value="52.0"/>
  </properties>
  <testcase name="TC_001" classname="SDETAssignment.KhanAcademy.TC_01" time="85.282">
    <system-out><![CDATA[&amp#27;[35m[Appium]&amp#27;[39m Welcome to Appium v1.17.1
&amp#27;[35m[Appium]&amp#27;[39m Appium REST http interface listener started on 0.0.0.0:4723
&amp#27;[35m[HTTP]&amp#27;[39m &amp#27;[37m-->&amp#27;[39m &amp#27;[37mGET&amp#27;[39m &amp#27;[37m/wd/hub/status&amp#27;[39m
&amp#27;[35m[HTTP]&amp#27;[39m &amp#27;[90m{}&amp#27;[39m
[debug] &amp#27;[35m[GENERIC]&amp#27;[39m Calling AppiumDriver.getStatus() with args: []
[debug] &amp#27;[35m[GENERIC]&amp#27;[39m Responding to client with driver.getStatus() result: {"build":{"version":"1.17.1"}}
&amp#27;[35m[HTTP]&amp#27;[39m &amp#27;[37m<-- GET /wd/hub/status &amp#27;[39m&amp#27;[32m200&amp#27;[39m &amp#27;[90m58 ms - 68&amp#27;[39m
&amp#27;[35m[HTTP]&amp#27;[39m &amp#27;[90m&amp#27;[39m
&amp#27;[35m[HTTP]&amp#27;[39m &amp#27;[37m-->&amp#27;[39m &amp#27;[37mPOST&amp#27;[39m &amp#27;[37m/wd/hub/session&amp#27;[39m
&amp#27;[35m[HTTP]&amp#27;[39m &amp#27;[90m{"desiredCapabilities":{"appActivity":"org.khanacademy.android.ui.library.MainActivity","appPackage":"org.khanacademy.android","chromedriverExecutable":"C:\\Users\\MathanRajS\\eclipse-workspace\\CSEIBM23\\drivers\\chromedriver_87.exe","automationName":"UIAutomator2","platformName":"Android","deviceName":"Mathan"},"capabilities":{"firstMatch":[{"appium:appActivity":"org.khanacademy.android.ui.library.MainActivity","appium:appPackage":"org.khanacademy.android","appium:automationName":"UIAutomator2","appium:chromedriverExecutable":"C:\\Users\\MathanRajS\\eclipse-workspace\\CSEIBM23\\drivers\\chromedriver_87.exe","appium:deviceName":"Mathan","platformName":"android"}]}}&amp#27;[39m
[debug] &amp#27;[35m[W3C]&amp#27;[39m Calling AppiumDriver.createSession() with args: [{"appActivity":"org.khanacademy.android.ui.library.MainActivity","appPackage":"org.khanacademy.android","chromedriverExecutable":"C:\\Users\\MathanRajS\\eclipse-workspace\\CSEIBM23\\drivers\\chromedriver_87.exe","automationName":"UIAutomator2","platformName":"Android","deviceName":"Mathan"},null,{"firstMatch":[{"appium:appActivity":"org.khanacademy.android.ui.library.MainActivity","appium:appPackage":"org.khanacademy.android","appium:automationName":"UIAutomator2","appium:chromedriverExecutable":"C:\\Users\\MathanRajS\\eclipse-workspace\\CSEIBM23\\drivers\\chromedriver_87.exe","appium:deviceName":"Mathan","platformName":"android"}]}]
[debug] &amp#27;[35m[BaseDriver]&amp#27;[39m Event 'newSessionRequested' logged at 1610227467317 (02:54:27 GMT+0530 (India Standard Time))
&amp#27;[35m[Appium]&amp#27;[39m Appium v1.17.1 creating new AndroidUiautomator2Driver (v1.44.2) session
[debug] &amp#27;[35m[BaseDriver]&amp#27;[39m W3C capabilities and MJSONWP desired capabilities were provided
[debug] &amp#27;[35m[BaseDriver]&amp#27;[39m Creating session with W3C capabilities: {
[debug] &amp#27;[35m[BaseDriver]&amp#27;[39m   "alwaysMatch": {
[debug] &amp#27;[35m[BaseDriver]&amp#27;[39m     "platformName": "android",
[debug] &amp#27;[35m[BaseDriver]&amp#27;[39m     "appium:appActivity": "org.khanacademy.android.ui.library.MainActivity",
[debug] &amp#27;[35m[BaseDriver]&amp#27;[39m     "appium:appPackage": "org.khanacademy.android",
[debug] &amp#27;[35m[BaseDriver]&amp#27;[39m     "appium:automationName": "UIAutomator2",
[debug] &amp#27;[35m[BaseDriver]&amp#27;[39m     "appium:chromedriverExecutable": "C:\\Users\\MathanRajS\\eclipse-workspace\\CSEIBM23\\drivers\\chromedriver_87.exe",
[debug] &amp#27;[35m[BaseDriver]&amp#27;[39m     "appium:deviceName": "Mathan"
[debug] &amp#27;[35m[BaseDriver]&amp#27;[39m   },
[debug] &amp#27;[35m[BaseDriver]&amp#27;[39m   "firstMatch": [
[debug] &amp#27;[35m[BaseDriver]&amp#27;[39m     {}
[debug] &amp#27;[35m[BaseDriver]&amp#27;[39m   ]
[debug] &amp#27;[35m[BaseDriver]&amp#27;[39m }
&amp#27;[35m[BaseDriver]&amp#27;[39m Session created with session id: ebb62c54-6b49-441c-b8af-5401626c3d62
&amp#27;[35m[UiAutomator2]&amp#27;[39m Starting 'org.khanacademy.android' directly on the device
&amp#27;[35m[ADB]&amp#27;[39m Found 1 'build-tools' folders under 'C:\Users\MathanRajS\AppData\Local\Android\Sdk' (newest first):
&amp#27;[35m[ADB]&amp#27;[39m     C:/Users/MathanRajS/AppData/Local/Android/Sdk/build-tools/30.0.3
&amp#27;[35m[ADB]&amp#27;[39m Using 'adb.exe' from 'C:\Users\MathanRajS\AppData\Local\Android\Sdk\platform-tools\adb.exe'
&amp#27;[35m[AndroidDriver]&amp#27;[39m Retrieving device list
[debug] &amp#27;[35m[ADB]&amp#27;[39m Trying to find a connected android device
[debug] &amp#27;[35m[ADB]&amp#27;[39m Getting connected devices...
[debug] &amp#27;[35m[ADB]&amp#27;[39m Connected devices: [{"udid":"emulator-5554","state":"device"}]
&amp#27;[35m[AndroidDriver]&amp#27;[39m Using device: emulator-5554
&amp#27;[35m[ADB]&amp#27;[39m Using 'adb.exe' from 'C:\Users\MathanRajS\AppData\Local\Android\Sdk\platform-tools\adb.exe'
[debug] &amp#27;[35m[ADB]&amp#27;[39m Setting device id to emulator-5554
[debug] &amp#27;[35m[ADB]&amp#27;[39m Running 'C:\Users\MathanRajS\AppData\Local\Android\Sdk\platform-tools\adb.exe -P 5037 -s emulator-5554 shell getprop ro.build.version.sdk'
[debug] &amp#27;[35m[ADB]&amp#27;[39m Current device property 'ro.build.version.sdk': 26
[debug] &amp#27;[35m[ADB]&amp#27;[39m Device API level: 26
&amp#27;[35m[AndroidDriver]&amp#27;[39m No app sent in, not parsing package/activity
[debug] &amp#27;[35m[ADB]&amp#27;[39m Running 'C:\Users\MathanRajS\AppData\Local\Android\Sdk\platform-tools\adb.exe -P 5037 -s emulator-5554 wait-for-device'
[debug] &amp#27;[35m[ADB]&amp#27;[39m Running 'C:\Users\MathanRajS\AppData\Local\Android\Sdk\platform-tools\adb.exe -P 5037 -s emulator-5554 shell echo ping'
[debug] &amp#27;[35m[AndroidDriver]&amp#27;[39m Pushing settings apk to device...
[debug] &amp#27;[35m[ADB]&amp#27;[39m Getting install status for io.appium.settings
[debug] &amp#27;[35m[ADB]&amp#27;[39m Running 'C:\Users\MathanRajS\AppData\Local\Android\Sdk\platform-tools\adb.exe -P 5037 -s emulator-5554 shell dumpsys package io.appium.settings'
[debug] &amp#27;[35m[ADB]&amp#27;[39m 'io.appium.settings' is installed
[debug] &amp#27;[35m[ADB]&amp#27;[39m Getting package info for 'io.appium.settings'
[debug] &amp#27;[35m[ADB]&amp#27;[39m Running 'C:\Users\MathanRajS\AppData\Local\Android\Sdk\platform-tools\adb.exe -P 5037 -s emulator-5554 shell dumpsys package io.appium.settings'
[debug] &amp#27;[35m[ADB]&amp#27;[39m The version name of the installed 'io.appium.settings' is greater or equal to the application version name ('3.1.0' >= '3.1.0')
[debug] &amp#27;[35m[ADB]&amp#27;[39m There is no need to install/upgrade 'C:\Users\MathanRajS\AppData\Roaming\npm\node_modules\appium\node_modules\io.appium.settings\apks\settings_apk-debug.apk'
[debug] &amp#27;[35m[ADB]&amp#27;[39m Getting IDs of all 'io.appium.settings' processes
[debug] &amp#27;[35m[ADB]&amp#27;[39m Running 'C:\Users\MathanRajS\AppData\Local\Android\Sdk\platform-tools\adb.exe -P 5037 -s emulator-5554 shell 'pgrep --help; echo $?''
[debug] &amp#27;[35m[ADB]&amp#27;[39m Running 'C:\Users\MathanRajS\AppData\Local\Android\Sdk\platform-tools\adb.exe -P 5037 -s emulator-5554 shell 'pgrep ^appium\\.settings$ || pgrep ^io\\.appium\\.setti$''
[debug] &amp#27;[35m[AndroidDriver]&amp#27;[39m io.appium.settings is already running. There is no need to reset its permissions.
[debug] &amp#27;[35m[ADB]&amp#27;[39m Running 'C:\Users\MathanRajS\AppData\Local\Android\Sdk\platform-tools\adb.exe -P 5037 -s emulator-5554 shell appops set io.appium.settings android\:mock_location allow'
[debug] &amp#27;[35m[Logcat]&amp#27;[39m Starting logcat capture
[debug] &amp#27;[35m[UiAutomator2]&amp#27;[39m Forwarding UiAutomator2 Server port 6790 to 8200
[debug] &amp#27;[35m[ADB]&amp#27;[39m Forwarding system: 8200 to device: 6790
[debug] &amp#27;[35m[ADB]&amp#27;[39m Running 'C:\Users\MathanRajS\AppData\Local\Android\Sdk\platform-tools\adb.exe -P 5037 -s emulator-5554 forward tcp\:8200 tcp\:6790'
[debug] &amp#27;[35m[ADB]&amp#27;[39m Getting install status for io.appium.uiautomator2.server
[debug] &amp#27;[35m[ADB]&amp#27;[39m Running 'C:\Users\MathanRajS\AppData\Local\Android\Sdk\platform-tools\adb.exe -P 5037 -s emulator-5554 shell dumpsys package io.appium.uiautomator2.server'
[debug] &amp#27;[35m[ADB]&amp#27;[39m 'io.appium.uiautomator2.server' is installed
[debug] &amp#27;[35m[ADB]&amp#27;[39m Getting package info for 'io.appium.uiautomator2.server'
[debug] &amp#27;[35m[ADB]&amp#27;[39m Running 'C:\Users\MathanRajS\AppData\Local\Android\Sdk\platform-tools\adb.exe -P 5037 -s emulator-5554 shell dumpsys package io.appium.uiautomator2.server'
[debug] &amp#27;[35m[ADB]&amp#27;[39m The version name of the installed 'io.appium.uiautomator2.server' is greater or equal to the application version name ('4.5.5' >= '4.5.5')
[debug] &amp#27;[35m[UiAutomator2]&amp#27;[39m io.appium.uiautomator2.server installation state: sameVersionInstalled
[debug] &amp#27;[35m[ADB]&amp#27;[39m Checking app cert for C:\Users\MathanRajS\AppData\Roaming\npm\node_modules\appium\node_modules\appium-uiautomator2-server\apks\appium-uiautomator2-server-v4.5.5.apk
&amp#27;[35m[ADB]&amp#27;[39m Using 'apksigner.jar' from 'C:\Users\MathanRajS\AppData\Local\Android\Sdk\build-tools\30.0.3\lib\apksigner.jar'
[debug] &amp#27;[35m[ADB]&amp#27;[39m Starting apksigner: 'C:\\Program Files\\Java\\jdk1.8.0_201\\bin\\java.exe' -Xmx1024M -Xss1m -jar C:\\Users\\MathanRajS\\AppData\\Local\\Android\\Sdk\\build-tools\\30.0.3\\lib\\apksigner.jar verify --print-certs C:\\Users\\MathanRajS\\AppData\\Roaming\\npm\\node_modules\\appium\\node_modules\\appium-uiautomator2-server\\apks\\appium-uiautomator2-server-v4.5.5.apk
[debug] &amp#27;[35m[ADB]&amp#27;[39m apksigner stdout: Signer #1 certificate DN: EMAILADDRESS=android@android.com, CN=Android, OU=Android, O=Android, L=Mountain View, ST=California, C=US
[debug] &amp#27;[35m[ADB]&amp#27;[39m Signer #1 certificate SHA-256 digest: a40da80a59d170caa950cf15c18c454d47a39b26989d8b640ecd745ba71bf5dc
[debug] &amp#27;[35m[ADB]&amp#27;[39m Signer #1 certificate SHA-1 digest: 61ed377e85d386a8dfee6b864bd85b0bfaa5af81
[debug] &amp#27;[35m[ADB]&amp#27;[39m Signer #1 certificate MD5 digest: e89b158e4bcf988ebd09eb83f5378e87
[debug] &amp#27;[35m[ADB]&amp#27;[39m 
[debug] &amp#27;[35m[ADB]&amp#27;[39m 'C:\Users\MathanRajS\AppData\Roaming\npm\node_modules\appium\node_modules\appium-uiautomator2-server\apks\appium-uiautomator2-server-v4.5.5.apk' is signed with the default certificate
[debug] &amp#27;[35m[ADB]&amp#27;[39m Getting install status for io.appium.uiautomator2.server.test
[debug] &amp#27;[35m[ADB]&amp#27;[39m Running 'C:\Users\MathanRajS\AppData\Local\Android\Sdk\platform-tools\adb.exe -P 5037 -s emulator-5554 shell dumpsys package io.appium.uiautomator2.server.test'
[debug] &amp#27;[35m[ADB]&amp#27;[39m 'io.appium.uiautomator2.server.test' is installed
[debug] &amp#27;[35m[ADB]&amp#27;[39m Checking app cert for C:\Users\MathanRajS\AppData\Roaming\npm\node_modules\appium\node_modules\appium-uiautomator2-server\apks\appium-uiautomator2-server-debug-androidTest.apk
[debug] &amp#27;[35m[ADB]&amp#27;[39m Starting apksigner: 'C:\\Program Files\\Java\\jdk1.8.0_201\\bin\\java.exe' -Xmx1024M -Xss1m -jar C:\\Users\\MathanRajS\\AppData\\Local\\Android\\Sdk\\build-tools\\30.0.3\\lib\\apksigner.jar verify --print-certs C:\\Users\\MathanRajS\\AppData\\Roaming\\npm\\node_modules\\appium\\node_modules\\appium-uiautomator2-server\\apks\\appium-uiautomator2-server-debug-androidTest.apk
[debug] &amp#27;[35m[ADB]&amp#27;[39m apksigner stdout: Signer #1 certificate DN: EMAILADDRESS=android@android.com, CN=Android, OU=Android, O=Android, L=Mountain View, ST=California, C=US
[debug] &amp#27;[35m[ADB]&amp#27;[39m Signer #1 certificate SHA-256 digest: a40da80a59d170caa950cf15c18c454d47a39b26989d8b640ecd745ba71bf5dc
[debug] &amp#27;[35m[ADB]&amp#27;[39m Signer #1 certificate SHA-1 digest: 61ed377e85d386a8dfee6b864bd85b0bfaa5af81
[debug] &amp#27;[35m[ADB]&amp#27;[39m Signer #1 certificate MD5 digest: e89b158e4bcf988ebd09eb83f5378e87
[debug] &amp#27;[35m[ADB]&amp#27;[39m 
[debug] &amp#27;[35m[ADB]&amp#27;[39m 'C:\Users\MathanRajS\AppData\Roaming\npm\node_modules\appium\node_modules\appium-uiautomator2-server\apks\appium-uiautomator2-server-debug-androidTest.apk' is signed with the default certificate
&amp#27;[35m[UiAutomator2]&amp#27;[39m Server packages are not going to be (re)installed
[debug] &amp#27;[35m[UiAutomator2]&amp#27;[39m Waiting up to 30000ms for services to be available
[debug] &amp#27;[35m[ADB]&amp#27;[39m Running 'C:\Users\MathanRajS\AppData\Local\Android\Sdk\platform-tools\adb.exe -P 5037 -s emulator-5554 shell pm list instrumentation'
[debug] &amp#27;[35m[UiAutomator2]&amp#27;[39m Instrumentation target 'io.appium.uiautomator2.server.test/androidx.test.runner.AndroidJUnitRunner' is available
[debug] &amp#27;[35m[UiAutomator2]&amp#27;[39m No app capability. Assuming it is already on the device
[debug] &amp#27;[35m[ADB]&amp#27;[39m Getting install status for org.khanacademy.android
[debug] &amp#27;[35m[ADB]&amp#27;[39m Running 'C:\Users\MathanRajS\AppData\Local\Android\Sdk\platform-tools\adb.exe -P 5037 -s emulator-5554 shell dumpsys package org.khanacademy.android'
[debug] &amp#27;[35m[ADB]&amp#27;[39m 'org.khanacademy.android' is installed
[debug] &amp#27;[35m[ADB]&amp#27;[39m Running 'C:\Users\MathanRajS\AppData\Local\Android\Sdk\platform-tools\adb.exe -P 5037 -s emulator-5554 shell am force-stop org.khanacademy.android'
[debug] &amp#27;[35m[ADB]&amp#27;[39m Running 'C:\Users\MathanRajS\AppData\Local\Android\Sdk\platform-tools\adb.exe -P 5037 -s emulator-5554 shell pm clear org.khanacademy.android'
[debug] &amp#27;[35m[AndroidDriver]&amp#27;[39m Performed fast reset on the installed 'org.khanacademy.android' application (stop and clear)
[debug] &amp#27;[35m[UiAutomator2]&amp#27;[39m Performing shallow cleanup of automation leftovers
[debug] &amp#27;[35m[UiAutomator2]&amp#27;[39m The following obsolete sessions are still running: ["2ab08481-a42e-4ac1-b787-f9ca1d7279b0"]
[debug] &amp#27;[35m[UiAutomator2]&amp#27;[39m Cleaning up the obsolete sessions
[debug] &amp#27;[35m[ADB]&amp#27;[39m Running 'C:\Users\MathanRajS\AppData\Local\Android\Sdk\platform-tools\adb.exe -P 5037 -s emulator-5554 shell am force-stop io.appium.uiautomator2.server.test'
&amp#27;[35m[UiAutomator2]&amp#27;[39m Starting UIAutomator2 server 4.5.5
&amp#27;[35m[UiAutomator2]&amp#27;[39m Using UIAutomator2 server from 'C:\Users\MathanRajS\AppData\Roaming\npm\node_modules\appium\node_modules\appium-uiautomator2-server\apks\appium-uiautomator2-server-v4.5.5.apk' and test from 'C:\Users\MathanRajS\AppData\Roaming\npm\node_modules\appium\node_modules\appium-uiautomator2-server\apks\appium-uiautomator2-server-debug-androidTest.apk'
&amp#27;[35m[UiAutomator2]&amp#27;[39m Waiting up to 30000ms for UiAutomator2 to be online...
[debug] &amp#27;[35m[ADB]&amp#27;[39m Creating ADB subprocess with args: ["-P",5037,"-s","emulator-5554","shell","am","instrument","-w","io.appium.uiautomator2.server.test/androidx.test.runner.AndroidJUnitRunner"]
[debug] &amp#27;[35m[WD Proxy]&amp#27;[39m Matched '/status' to command name 'getStatus'
[debug] &amp#27;[35m[WD Proxy]&amp#27;[39m Proxying [GET /status] to [GET http://127.0.0.1:8200/wd/hub/status] with no body
&amp#27;[35m[WD Proxy]&amp#27;[39m Got response with unknown status: {"code":"ECONNRESET"}
[debug] &amp#27;[35m[WD Proxy]&amp#27;[39m Matched '/status' to command name 'getStatus'
[debug] &amp#27;[35m[WD Proxy]&amp#27;[39m Proxying [GET /status] to [GET http://127.0.0.1:8200/wd/hub/status] with no body
&amp#27;[35m[WD Proxy]&amp#27;[39m Got response with unknown status: {"code":"ECONNRESET"}
[debug] &amp#27;[35m[Instrumentation]&amp#27;[39m io.appium.uiautomator2.server.test.AppiumUiAutomator2Server:
[debug] &amp#27;[35m[WD Proxy]&amp#27;[39m Matched '/status' to command name 'getStatus'
[debug] &amp#27;[35m[WD Proxy]&amp#27;[39m Proxying [GET /status] to [GET http://127.0.0.1:8200/wd/hub/status] with no body
&amp#27;[35m[WD Proxy]&amp#27;[39m Got response with unknown status: {"code":"ECONNRESET"}
[debug] &amp#27;[35m[WD Proxy]&amp#27;[39m Matched '/status' to command name 'getStatus'
[debug] &amp#27;[35m[WD Proxy]&amp#27;[39m Proxying [GET /status] to [GET http://127.0.0.1:8200/wd/hub/status] with no body
[debug] &amp#27;[35m[WD Proxy]&amp#27;[39m Got response with status 200: {"sessionId":"None","value":{"ready":true,"message":"UiAutomator2 Server is ready to accept commands"}}
[debug] &amp#27;[35m[UiAutomator2]&amp#27;[39m The initialization of the instrumentation process took 4316ms
[debug] &amp#27;[35m[WD Proxy]&amp#27;[39m Matched '/session' to command name 'createSession'
[debug] &amp#27;[35m[WD Proxy]&amp#27;[39m Proxying [POST /session] to [POST http://127.0.0.1:8200/wd/hub/session] with body: {"capabilities":{"firstMatch":[{"platform":"LINUX","webStorageEnabled":false,"takesScreenshot":true,"javascriptEnabled":true,"databaseEnabled":false,"networkConnectionEnabled":true,"locationContextEnabled":false,"warnings":{},"desired":{"platformName":"android","appActivity":"org.khanacademy.android.ui.library.MainActivity","appPackage":"org.khanacademy.android","automationName":"UIAutomator2","chromedriverExecutable":"C:\\Users\\MathanRajS\\eclipse-workspace\\CSEIBM23\\drivers\\chromedriver_87.exe","deviceName":"Mathan"},"platformName":"android","appActivity":"org.khanacademy.android.ui.library.MainActivity","appPackage":"org.khanacademy.android","automationName":"UIAutomator2","chromedriverExecutable":"C:\\Users\\MathanRajS\\eclipse-workspace\\CSEIBM23\\drivers\\chromedriver_87.exe","deviceName":"emulator-5554","deviceUDID":"emulator-5554"}],"alwaysMatch":{}}}
[debug] &amp#27;[35m[WD Proxy]&amp#27;[39m Got response with status 200: {"sessionId":"9a894636-8253-4a63-b19c-662c637409ff","value":{"sessionId":"9a894636-8253-4a63-b19c-662c637409ff","capabilities":{"firstMatch":[{"platform":"LINUX","webStorageEnabled":false,"takesScreenshot":true,"javascriptEnabled":true,"databaseEnabled":false,"networkConnectionEnabled":true,"locationContextEnabled":false,"warnings":{},"desired":{"platformName":"android","appActivity":"org.khanacademy.android.ui.library.MainActivity","appPackage":"org.khanacademy.android","automationName":"UIAutomator2","chromedriverExecutable":"C:\\Users\\MathanRajS\\eclipse-workspace\\CSEIBM23\\drivers\\chromedriver_87.exe","deviceName":"Mathan"},"platformName":"android","appActivity":"org.khanacademy.android.ui.library.MainActivity","appPackage":"org.khanacademy.android","automationName":"UIAutomator2","chromedriverExecutable":"C:\\Users\\MathanRajS\\eclipse-workspace\\CSEIBM23\\drivers\\chromedriver_87.exe","deviceName":"emulator-5554","deviceUDID":"emulator-5554"}],"alwaysMatch":{}}}}
&amp#27;[35m[WD Proxy]&amp#27;[39m Determined the downstream protocol as 'W3C'
[debug] &amp#27;[35m[WD Proxy]&amp#27;[39m Proxying [GET /appium/device/info] to [GET http://127.0.0.1:8200/wd/hub/session/9a894636-8253-4a63-b19c-662c637409ff/appium/device/info] with no body
[debug] &amp#27;[35m[WD Proxy]&amp#27;[39m Got response with status 200: {"sessionId":"9a894636-8253-4a63-b19c-662c637409ff","value":{"androidId":"6f9ef76836b952c1","manufacturer":"Google","model":"Android SDK built for x86","brand":"google","apiVersion":"26","platformVersion":"8.0.0","carrierName":"Android","realDisplaySize":"1080x2220","displayDensity":440,"networks":[{"type":0,"typeName":"MOBILE","subtype":13,"subtypeName":"LTE","isConnected":true,"detailedState":"CONNECTED","state":"CONNECTED","extraInfo":"epc.tmobile.com","isAvailable":true,"isFailover":false,"isRoaming":false,"capabilities":{"transportTypes":"TRANSPORT_CELLULAR","networkCapabilities":"NET_CAPABILITY_MMS,NET_CAPABILITY_SUPL,NET_CAPABILITY_FOTA,NET_CAPABILITY_IMS,NET_CAPABILITY_CBS,NET_CAPABILITY_IA,NET_CAPABILITY_INTERNET,NET_CAPABILITY_NOT_RESTRICTED,NET_CAPABILITY_TRUSTED,NET_CAPABILITY_NOT_VPN,NET_CAPABILITY_VALIDATED","linkUpstreamBandwidthKbps":51200,"linkDownBandwidthKbps":102400,"signalStrength":-2147483648,"networkSpecifier":"1","SSID":null}},{"type":1,"typeName":"WIFI","subtype":0,"subtypeName":""...
[debug] &amp#27;[35m[ADB]&amp#27;[39m Running 'C:\Users\MathanRajS\AppData\Local\Android\Sdk\platform-tools\adb.exe -P 5037 -s emulator-5554 shell dumpsys window'
&amp#27;[35m[AndroidDriver]&amp#27;[39m Screen already unlocked, doing nothing
&amp#27;[35m[UiAutomator2]&amp#27;[39m Starting 'org.khanacademy.android/org.khanacademy.android.ui.library.MainActivity and waiting for 'org.khanacademy.android/org.khanacademy.android.ui.library.MainActivity'
[debug] &amp#27;[35m[ADB]&amp#27;[39m Running 'C:\Users\MathanRajS\AppData\Local\Android\Sdk\platform-tools\adb.exe -P 5037 -s emulator-5554 shell am start -W -n org.khanacademy.android/org.khanacademy.android.ui.library.MainActivity -S -a android.intent.action.MAIN -c android.intent.category.LAUNCHER -f 0x10200000'
[debug] &amp#27;[35m[WD Proxy]&amp#27;[39m Proxying [GET /appium/device/pixel_ratio] to [GET http://127.0.0.1:8200/wd/hub/session/9a894636-8253-4a63-b19c-662c637409ff/appium/device/pixel_ratio] with body: {}
[debug] &amp#27;[35m[WD Proxy]&amp#27;[39m Got response with status 200: {"sessionId":"9a894636-8253-4a63-b19c-662c637409ff","value":2.75}
[debug] &amp#27;[35m[WD Proxy]&amp#27;[39m Matched '/appium/device/system_bars' to command name 'getSystemBars'
[debug] &amp#27;[35m[WD Proxy]&amp#27;[39m Proxying [GET /appium/device/system_bars] to [GET http://127.0.0.1:8200/wd/hub/session/9a894636-8253-4a63-b19c-662c637409ff/appium/device/system_bars] with body: {}
[debug] &amp#27;[35m[WD Proxy]&amp#27;[39m Got response with status 200: {"sessionId":"9a894636-8253-4a63-b19c-662c637409ff","value":{"statusBar":66}}
[debug] &amp#27;[35m[WD Proxy]&amp#27;[39m Matched '/window/current/size' to command name 'getWindowSize'
[debug] &amp#27;[35m[WD Proxy]&amp#27;[39m Proxying [GET /window/current/size] to [GET http://127.0.0.1:8200/wd/hub/session/9a894636-8253-4a63-b19c-662c637409ff/window/current/size] with body: {}
[debug] &amp#27;[35m[WD Proxy]&amp#27;[39m Got response with status 200: {"sessionId":"9a894636-8253-4a63-b19c-662c637409ff","value":{"height":2088,"width":1080}}
&amp#27;[35m[Appium]&amp#27;[39m New AndroidUiautomator2Driver session created successfully, session ebb62c54-6b49-441c-b8af-5401626c3d62 added to master session list
[debug] &amp#27;[35m[BaseDriver]&amp#27;[39m Event 'newSessionStarted' logged at 1610227495546 (02:54:55 GMT+0530 (India Standard Time))
[debug] &amp#27;[35m[W3C (ebb62c54)]&amp#27;[39m Cached the protocol value 'W3C' for the new session ebb62c54-6b49-441c-b8af-5401626c3d62
[debug] &amp#27;[35m[W3C (ebb62c54)]&amp#27;[39m Responding to client with driver.createSession() result: {"capabilities":{"platform":"LINUX","webStorageEnabled":false,"takesScreenshot":true,"javascriptEnabled":true,"databaseEnabled":false,"networkConnectionEnabled":true,"locationContextEnabled":false,"warnings":{},"desired":{"platformName":"android","appActivity":"org.khanacademy.android.ui.library.MainActivity","appPackage":"org.khanacademy.android","automationName":"UIAutomator2","chromedriverExecutable":"C:\\Users\\MathanRajS\\eclipse-workspace\\CSEIBM23\\drivers\\chromedriver_87.exe","deviceName":"Mathan"},"platformName":"android","appActivity":"org.khanacademy.android.ui.library.MainActivity","appPackage":"org.khanacademy.android","automationName":"UIAutomator2","chromedriverExecutable":"C:\\Users\\MathanRajS\\eclipse-workspace\\CSEIBM23\\drivers\\chromedriver_87.exe","deviceName":"emulator-5554","deviceUDID":"emulator-5554","deviceApiLevel":26,"platformVersion":"8.0.0","deviceScreenSize":"1080x2220","deviceScreenDensity":440,"deviceModel":"Android SDK built for x86","deviceManufacturer":"Google","pixelR...
&amp#27;[35m[HTTP]&amp#27;[39m &amp#27;[37m<-- POST /wd/hub/session &amp#27;[39m&amp#27;[32m200&amp#27;[39m &amp#27;[90m28247 ms - 1175&amp#27;[39m
&amp#27;[35m[HTTP]&amp#27;[39m &amp#27;[90m&amp#27;[39m
&amp#27;[35m[HTTP]&amp#27;[39m &amp#27;[37m-->&amp#27;[39m &amp#27;[37mPOST&amp#27;[39m &amp#27;[37m/wd/hub/session/ebb62c54-6b49-441c-b8af-5401626c3d62/element&amp#27;[39m
&amp#27;[35m[HTTP]&amp#27;[39m &amp#27;[90m{"using":"-android uiautomator","value":"UiSelector().text(\"Dismiss\")"}&amp#27;[39m
[debug] &amp#27;[35m[W3C (ebb62c54)]&amp#27;[39m Calling AppiumDriver.findElement() with args: ["-android uiautomator","UiSelector().text(\"Dismiss\")","ebb62c54-6b49-441c-b8af-5401626c3d62"]
[debug] &amp#27;[35m[BaseDriver]&amp#27;[39m Valid locator strategies for this request: xpath, id, class name, accessibility id, -android uiautomator
[debug] &amp#27;[35m[BaseDriver]&amp#27;[39m Waiting up to 0 ms for condition
[debug] &amp#27;[35m[WD Proxy]&amp#27;[39m Matched '/element' to command name 'findElement'
[debug] &amp#27;[35m[WD Proxy]&amp#27;[39m Proxying [POST /element] to [POST http://127.0.0.1:8200/wd/hub/session/9a894636-8253-4a63-b19c-662c637409ff/element] with body: {"strategy":"-android uiautomator","selector":"UiSelector().text(\"Dismiss\")","context":"","multiple":false}
&amp#27;[35m[WD Proxy]&amp#27;[39m Got response with status 404: {"sessionId":"9a894636-8253-4a63-b19c-662c637409ff","value":{"error":"no such element","message":"An element could not be located on the page using the given search parameters","stacktrace":"io.appium.uiautomator2.common.exceptions.ElementNotFoundException: An element could not be located on the page using the given search parameters\n\tat io.appium.uiautomator2.handler.FindElement.safeHandle(FindElement.java:78)\n\tat io.appium.uiautomator2.handler.request.SafeRequestHandler.handle(SafeRequestHandler.java:38)\n\tat io.appium.uiautomator2.server.AppiumServlet.handleRequest(AppiumServlet.java:252)\n\tat io.appium.uiautomator2.server.AppiumServlet.handleHttpRequest(AppiumServlet.java:242)\n\tat io.appium.uiautomator2.http.ServerHandler.channelRead(ServerHandler.java:51)\n\tat io.netty.channel.AbstractChannelHandlerContext.invokeChannelRead(AbstractChannelHandlerContext.java:366)\n\tat io.netty.channel.AbstractChannelHandlerContext.invokeChannelRead(AbstractChannelHandlerContext.java:352)\n\tat io.netty.chann...
[debug] &amp#27;[35m[W3C]&amp#27;[39m Matched W3C error code 'no such element' to NoSuchElementError
[debug] &amp#27;[35m[W3C (ebb62c54)]&amp#27;[39m Encountered internal error running command: NoSuchElementError: An element could not be located on the page using the given search parameters.
[debug] &amp#27;[35m[W3C (ebb62c54)]&amp#27;[39m     at AndroidUiautomator2Driver.findElOrEls (C:\Users\MathanRajS\AppData\Roaming\npm\node_modules\appium\node_modules\appium-android-driver\lib\commands\find.js:75:11)
[debug] &amp#27;[35m[W3C (ebb62c54)]&amp#27;[39m     at AndroidUiautomator2Driver.findElOrElsWithProcessing (C:\Users\MathanRajS\AppData\Roaming\npm\node_modules\appium\node_modules\appium-base-driver\lib\basedriver\commands\find.js:33:12)
[debug] &amp#27;[35m[W3C (ebb62c54)]&amp#27;[39m     at AndroidUiautomator2Driver.findElement (C:\Users\MathanRajS\AppData\Roaming\npm\node_modules\appium\node_modules\appium-base-driver\lib\basedriver\commands\find.js:53:10)
&amp#27;[35m[HTTP]&amp#27;[39m &amp#27;[37m<-- POST /wd/hub/session/ebb62c54-6b49-441c-b8af-5401626c3d62/element &amp#27;[39m&amp#27;[33m404&amp#27;[39m &amp#27;[90m410 ms - 820&amp#27;[39m
&amp#27;[35m[HTTP]&amp#27;[39m &amp#27;[90m&amp#27;[39m
&amp#27;[35m[HTTP]&amp#27;[39m &amp#27;[37m-->&amp#27;[39m &amp#27;[37mPOST&amp#27;[39m &amp#27;[37m/wd/hub/session/ebb62c54-6b49-441c-b8af-5401626c3d62/element&amp#27;[39m
&amp#27;[35m[HTTP]&amp#27;[39m &amp#27;[90m{"using":"-android uiautomator","value":"UiSelector().text(\"Dismiss\")"}&amp#27;[39m
[debug] &amp#27;[35m[W3C (ebb62c54)]&amp#27;[39m Calling AppiumDriver.findElement() with args: ["-android uiautomator","UiSelector().text(\"Dismiss\")","ebb62c54-6b49-441c-b8af-5401626c3d62"]
[debug] &amp#27;[35m[BaseDriver]&amp#27;[39m Valid locator strategies for this request: xpath, id, class name, accessibility id, -android uiautomator
[debug] &amp#27;[35m[BaseDriver]&amp#27;[39m Waiting up to 0 ms for condition
[debug] &amp#27;[35m[WD Proxy]&amp#27;[39m Matched '/element' to command name 'findElement'
[debug] &amp#27;[35m[WD Proxy]&amp#27;[39m Proxying [POST /element] to [POST http://127.0.0.1:8200/wd/hub/session/9a894636-8253-4a63-b19c-662c637409ff/element] with body: {"strategy":"-android uiautomator","selector":"UiSelector().text(\"Dismiss\")","context":"","multiple":false}
&amp#27;[35m[WD Proxy]&amp#27;[39m Got response with status 404: {"sessionId":"9a894636-8253-4a63-b19c-662c637409ff","value":{"error":"no such element","message":"An element could not be located on the page using the given search parameters","stacktrace":"io.appium.uiautomator2.common.exceptions.ElementNotFoundException: An element could not be located on the page using the given search parameters\n\tat io.appium.uiautomator2.handler.FindElement.safeHandle(FindElement.java:78)\n\tat io.appium.uiautomator2.handler.request.SafeRequestHandler.handle(SafeRequestHandler.java:38)\n\tat io.appium.uiautomator2.server.AppiumServlet.handleRequest(AppiumServlet.java:252)\n\tat io.appium.uiautomator2.server.AppiumServlet.handleHttpRequest(AppiumServlet.java:242)\n\tat io.appium.uiautomator2.http.ServerHandler.channelRead(ServerHandler.java:51)\n\tat io.netty.channel.AbstractChannelHandlerContext.invokeChannelRead(AbstractChannelHandlerContext.java:366)\n\tat io.netty.channel.AbstractChannelHandlerContext.invokeChannelRead(AbstractChannelHandlerContext.java:352)\n\tat io.netty.chann...
[debug] &amp#27;[35m[W3C]&amp#27;[39m Matched W3C error code 'no such element' to NoSuchElementError
[debug] &amp#27;[35m[W3C (ebb62c54)]&amp#27;[39m Encountered internal error running command: NoSuchElementError: An element could not be located on the page using the given search parameters.
[debug] &amp#27;[35m[W3C (ebb62c54)]&amp#27;[39m     at AndroidUiautomator2Driver.findElOrEls (C:\Users\MathanRajS\AppData\Roaming\npm\node_modules\appium\node_modules\appium-android-driver\lib\commands\find.js:75:11)
[debug] &amp#27;[35m[W3C (ebb62c54)]&amp#27;[39m     at AndroidUiautomator2Driver.findElOrElsWithProcessing (C:\Users\MathanRajS\AppData\Roaming\npm\node_modules\appium\node_modules\appium-base-driver\lib\basedriver\commands\find.js:33:12)
[debug] &amp#27;[35m[W3C (ebb62c54)]&amp#27;[39m     at AndroidUiautomator2Driver.findElement (C:\Users\MathanRajS\AppData\Roaming\npm\node_modules\appium\node_modules\appium-base-driver\lib\basedriver\commands\find.js:53:10)
&amp#27;[35m[HTTP]&amp#27;[39m &amp#27;[37m<-- POST /wd/hub/session/ebb62c54-6b49-441c-b8af-5401626c3d62/element &amp#27;[39m&amp#27;[33m404&amp#27;[39m &amp#27;[90m83 ms - 820&amp#27;[39m
&amp#27;[35m[HTTP]&amp#27;[39m &amp#27;[90m&amp#27;[39m
&amp#27;[35m[HTTP]&amp#27;[39m &amp#27;[37m-->&amp#27;[39m &amp#27;[37mPOST&amp#27;[39m &amp#27;[37m/wd/hub/session/ebb62c54-6b49-441c-b8af-5401626c3d62/element&amp#27;[39m
&amp#27;[35m[HTTP]&amp#27;[39m &amp#27;[90m{"using":"-android uiautomator","value":"UiSelector().text(\"Dismiss\")"}&amp#27;[39m
[debug] &amp#27;[35m[W3C (ebb62c54)]&amp#27;[39m Calling AppiumDriver.findElement() with args: ["-android uiautomator","UiSelector().text(\"Dismiss\")","ebb62c54-6b49-441c-b8af-5401626c3d62"]
[debug] &amp#27;[35m[BaseDriver]&amp#27;[39m Valid locator strategies for this request: xpath, id, class name, accessibility id, -android uiautomator
[debug] &amp#27;[35m[BaseDriver]&amp#27;[39m Waiting up to 0 ms for condition
[debug] &amp#27;[35m[WD Proxy]&amp#27;[39m Matched '/element' to command name 'findElement'
[debug] &amp#27;[35m[WD Proxy]&amp#27;[39m Proxying [POST /element] to [POST http://127.0.0.1:8200/wd/hub/session/9a894636-8253-4a63-b19c-662c637409ff/element] with body: {"strategy":"-android uiautomator","selector":"UiSelector().text(\"Dismiss\")","context":"","multiple":false}
&amp#27;[35m[WD Proxy]&amp#27;[39m Got response with status 404: {"sessionId":"9a894636-8253-4a63-b19c-662c637409ff","value":{"error":"no such element","message":"An element could not be located on the page using the given search parameters","stacktrace":"io.appium.uiautomator2.common.exceptions.ElementNotFoundException: An element could not be located on the page using the given search parameters\n\tat io.appium.uiautomator2.handler.FindElement.safeHandle(FindElement.java:78)\n\tat io.appium.uiautomator2.handler.request.SafeRequestHandler.handle(SafeRequestHandler.java:38)\n\tat io.appium.uiautomator2.server.AppiumServlet.handleRequest(AppiumServlet.java:252)\n\tat io.appium.uiautomator2.server.AppiumServlet.handleHttpRequest(AppiumServlet.java:242)\n\tat io.appium.uiautomator2.http.ServerHandler.channelRead(ServerHandler.java:51)\n\tat io.netty.channel.AbstractChannelHandlerContext.invokeChannelRead(AbstractChannelHandlerContext.java:366)\n\tat io.netty.channel.AbstractChannelHandlerContext.invokeChannelRead(AbstractChannelHandlerContext.java:352)\n\tat io.netty.chann...
[debug] &amp#27;[35m[W3C]&amp#27;[39m Matched W3C error code 'no such element' to NoSuchElementError
[debug] &amp#27;[35m[W3C (ebb62c54)]&amp#27;[39m Encountered internal error running command: NoSuchElementError: An element could not be located on the page using the given search parameters.
[debug] &amp#27;[35m[W3C (ebb62c54)]&amp#27;[39m     at AndroidUiautomator2Driver.findElOrEls (C:\Users\MathanRajS\AppData\Roaming\npm\node_modules\appium\node_modules\appium-android-driver\lib\commands\find.js:75:11)
[debug] &amp#27;[35m[W3C (ebb62c54)]&amp#27;[39m     at AndroidUiautomator2Driver.findElOrElsWithProcessing (C:\Users\MathanRajS\AppData\Roaming\npm\node_modules\appium\node_modules\appium-base-driver\lib\basedriver\commands\find.js:33:12)
[debug] &amp#27;[35m[W3C (ebb62c54)]&amp#27;[39m     at AndroidUiautomator2Driver.findElement (C:\Users\MathanRajS\AppData\Roaming\npm\node_modules\appium\node_modules\appium-base-driver\lib\basedriver\commands\find.js:53:10)
&amp#27;[35m[HTTP]&amp#27;[39m &amp#27;[37m<-- POST /wd/hub/session/ebb62c54-6b49-441c-b8af-5401626c3d62/element &amp#27;[39m&amp#27;[33m404&amp#27;[39m &amp#27;[90m57 ms - 820&amp#27;[39m
&amp#27;[35m[HTTP]&amp#27;[39m &amp#27;[90m&amp#27;[39m
&amp#27;[35m[HTTP]&amp#27;[39m &amp#27;[37m-->&amp#27;[39m &amp#27;[37mPOST&amp#27;[39m &amp#27;[37m/wd/hub/session/ebb62c54-6b49-441c-b8af-5401626c3d62/element&amp#27;[39m
&amp#27;[35m[HTTP]&amp#27;[39m &amp#27;[90m{"using":"-android uiautomator","value":"UiSelector().text(\"Dismiss\")"}&amp#27;[39m
[debug] &amp#27;[35m[W3C (ebb62c54)]&amp#27;[39m Calling AppiumDriver.findElement() with args: ["-android uiautomator","UiSelector().text(\"Dismiss\")","ebb62c54-6b49-441c-b8af-5401626c3d62"]
[debug] &amp#27;[35m[BaseDriver]&amp#27;[39m Valid locator strategies for this request: xpath, id, class name, accessibility id, -android uiautomator
[debug] &amp#27;[35m[BaseDriver]&amp#27;[39m Waiting up to 0 ms for condition
[debug] &amp#27;[35m[WD Proxy]&amp#27;[39m Matched '/element' to command name 'findElement'
[debug] &amp#27;[35m[WD Proxy]&amp#27;[39m Proxying [POST /element] to [POST http://127.0.0.1:8200/wd/hub/session/9a894636-8253-4a63-b19c-662c637409ff/element] with body: {"strategy":"-android uiautomator","selector":"UiSelector().text(\"Dismiss\")","context":"","multiple":false}
&amp#27;[35m[WD Proxy]&amp#27;[39m Got response with status 404: {"sessionId":"9a894636-8253-4a63-b19c-662c637409ff","value":{"error":"no such element","message":"An element could not be located on the page using the given search parameters","stacktrace":"io.appium.uiautomator2.common.exceptions.ElementNotFoundException: An element could not be located on the page using the given search parameters\n\tat io.appium.uiautomator2.handler.FindElement.safeHandle(FindElement.java:78)\n\tat io.appium.uiautomator2.handler.request.SafeRequestHandler.handle(SafeRequestHandler.java:38)\n\tat io.appium.uiautomator2.server.AppiumServlet.handleRequest(AppiumServlet.java:252)\n\tat io.appium.uiautomator2.server.AppiumServlet.handleHttpRequest(AppiumServlet.java:242)\n\tat io.appium.uiautomator2.http.ServerHandler.channelRead(ServerHandler.java:51)\n\tat io.netty.channel.AbstractChannelHandlerContext.invokeChannelRead(AbstractChannelHandlerContext.java:366)\n\tat io.netty.channel.AbstractChannelHandlerContext.invokeChannelRead(AbstractChannelHandlerContext.java:352)\n\tat io.netty.chann...
[debug] &amp#27;[35m[W3C]&amp#27;[39m Matched W3C error code 'no such element' to NoSuchElementError
[debug] &amp#27;[35m[W3C (ebb62c54)]&amp#27;[39m Encountered internal error running command: NoSuchElementError: An element could not be located on the page using the given search parameters.
[debug] &amp#27;[35m[W3C (ebb62c54)]&amp#27;[39m     at AndroidUiautomator2Driver.findElOrEls (C:\Users\MathanRajS\AppData\Roaming\npm\node_modules\appium\node_modules\appium-android-driver\lib\commands\find.js:75:11)
[debug] &amp#27;[35m[W3C (ebb62c54)]&amp#27;[39m     at AndroidUiautomator2Driver.findElOrElsWithProcessing (C:\Users\MathanRajS\AppData\Roaming\npm\node_modules\appium\node_modules\appium-base-driver\lib\basedriver\commands\find.js:33:12)
[debug] &amp#27;[35m[W3C (ebb62c54)]&amp#27;[39m     at AndroidUiautomator2Driver.findElement (C:\Users\MathanRajS\AppData\Roaming\npm\node_modules\appium\node_modules\appium-base-driver\lib\basedriver\commands\find.js:53:10)
&amp#27;[35m[HTTP]&amp#27;[39m &amp#27;[37m<-- POST /wd/hub/session/ebb62c54-6b49-441c-b8af-5401626c3d62/element &amp#27;[39m&amp#27;[33m404&amp#27;[39m &amp#27;[90m53 ms - 820&amp#27;[39m
&amp#27;[35m[HTTP]&amp#27;[39m &amp#27;[90m&amp#27;[39m
&amp#27;[35m[HTTP]&amp#27;[39m &amp#27;[37m-->&amp#27;[39m &amp#27;[37mPOST&amp#27;[39m &amp#27;[37m/wd/hub/session/ebb62c54-6b49-441c-b8af-5401626c3d62/element&amp#27;[39m
&amp#27;[35m[HTTP]&amp#27;[39m &amp#27;[90m{"using":"-android uiautomator","value":"UiSelector().text(\"Dismiss\")"}&amp#27;[39m
[debug] &amp#27;[35m[W3C (ebb62c54)]&amp#27;[39m Calling AppiumDriver.findElement() with args: ["-android uiautomator","UiSelector().text(\"Dismiss\")","ebb62c54-6b49-441c-b8af-5401626c3d62"]
[debug] &amp#27;[35m[BaseDriver]&amp#27;[39m Valid locator strategies for this request: xpath, id, class name, accessibility id, -android uiautomator
[debug] &amp#27;[35m[BaseDriver]&amp#27;[39m Waiting up to 0 ms for condition
[debug] &amp#27;[35m[WD Proxy]&amp#27;[39m Matched '/element' to command name 'findElement'
[debug] &amp#27;[35m[WD Proxy]&amp#27;[39m Proxying [POST /element] to [POST http://127.0.0.1:8200/wd/hub/session/9a894636-8253-4a63-b19c-662c637409ff/element] with body: {"strategy":"-android uiautomator","selector":"UiSelector().text(\"Dismiss\")","context":"","multiple":false}
&amp#27;[35m[WD Proxy]&amp#27;[39m Got response with status 404: {"sessionId":"9a894636-8253-4a63-b19c-662c637409ff","value":{"error":"no such element","message":"An element could not be located on the page using the given search parameters","stacktrace":"io.appium.uiautomator2.common.exceptions.ElementNotFoundException: An element could not be located on the page using the given search parameters\n\tat io.appium.uiautomator2.handler.FindElement.safeHandle(FindElement.java:78)\n\tat io.appium.uiautomator2.handler.request.SafeRequestHandler.handle(SafeRequestHandler.java:38)\n\tat io.appium.uiautomator2.server.AppiumServlet.handleRequest(AppiumServlet.java:252)\n\tat io.appium.uiautomator2.server.AppiumServlet.handleHttpRequest(AppiumServlet.java:242)\n\tat io.appium.uiautomator2.http.ServerHandler.channelRead(ServerHandler.java:51)\n\tat io.netty.channel.AbstractChannelHandlerContext.invokeChannelRead(AbstractChannelHandlerContext.java:366)\n\tat io.netty.channel.AbstractChannelHandlerContext.invokeChannelRead(AbstractChannelHandlerContext.java:352)\n\tat io.netty.chann...
[debug] &amp#27;[35m[W3C]&amp#27;[39m Matched W3C error code 'no such element' to NoSuchElementError
[debug] &amp#27;[35m[W3C (ebb62c54)]&amp#27;[39m Encountered internal error running command: NoSuchElementError: An element could not be located on the page using the given search parameters.
[debug] &amp#27;[35m[W3C (ebb62c54)]&amp#27;[39m     at AndroidUiautomator2Driver.findElOrEls (C:\Users\MathanRajS\AppData\Roaming\npm\node_modules\appium\node_modules\appium-android-driver\lib\commands\find.js:75:11)
[debug] &amp#27;[35m[W3C (ebb62c54)]&amp#27;[39m     at AndroidUiautomator2Driver.findElOrElsWithProcessing (C:\Users\MathanRajS\AppData\Roaming\npm\node_modules\appium\node_modules\appium-base-driver\lib\basedriver\commands\find.js:33:12)
[debug] &amp#27;[35m[W3C (ebb62c54)]&amp#27;[39m     at AndroidUiautomator2Driver.findElement (C:\Users\MathanRajS\AppData\Roaming\npm\node_modules\appium\node_modules\appium-base-driver\lib\basedriver\commands\find.js:53:10)
&amp#27;[35m[HTTP]&amp#27;[39m &amp#27;[37m<-- POST /wd/hub/session/ebb62c54-6b49-441c-b8af-5401626c3d62/element &amp#27;[39m&amp#27;[33m404&amp#27;[39m &amp#27;[90m52 ms - 820&amp#27;[39m
&amp#27;[35m[HTTP]&amp#27;[39m &amp#27;[90m&amp#27;[39m
&amp#27;[35m[HTTP]&amp#27;[39m &amp#27;[37m-->&amp#27;[39m &amp#27;[37mPOST&amp#27;[39m &amp#27;[37m/wd/hub/session/ebb62c54-6b49-441c-b8af-5401626c3d62/element&amp#27;[39m
&amp#27;[35m[HTTP]&amp#27;[39m &amp#27;[90m{"using":"-android uiautomator","value":"UiSelector().text(\"Dismiss\")"}&amp#27;[39m
[debug] &amp#27;[35m[W3C (ebb62c54)]&amp#27;[39m Calling AppiumDriver.findElement() with args: ["-android uiautomator","UiSelector().text(\"Dismiss\")","ebb62c54-6b49-441c-b8af-5401626c3d62"]
[debug] &amp#27;[35m[BaseDriver]&amp#27;[39m Valid locator strategies for this request: xpath, id, class name, accessibility id, -android uiautomator
[debug] &amp#27;[35m[BaseDriver]&amp#27;[39m Waiting up to 0 ms for condition
[debug] &amp#27;[35m[WD Proxy]&amp#27;[39m Matched '/element' to command name 'findElement'
[debug] &amp#27;[35m[WD Proxy]&amp#27;[39m Proxying [POST /element] to [POST http://127.0.0.1:8200/wd/hub/session/9a894636-8253-4a63-b19c-662c637409ff/element] with body: {"strategy":"-android uiautomator","selector":"UiSelector().text(\"Dismiss\")","context":"","multiple":false}
&amp#27;[35m[WD Proxy]&amp#27;[39m Got response with status 404: {"sessionId":"9a894636-8253-4a63-b19c-662c637409ff","value":{"error":"no such element","message":"An element could not be located on the page using the given search parameters","stacktrace":"io.appium.uiautomator2.common.exceptions.ElementNotFoundException: An element could not be located on the page using the given search parameters\n\tat io.appium.uiautomator2.handler.FindElement.safeHandle(FindElement.java:78)\n\tat io.appium.uiautomator2.handler.request.SafeRequestHandler.handle(SafeRequestHandler.java:38)\n\tat io.appium.uiautomator2.server.AppiumServlet.handleRequest(AppiumServlet.java:252)\n\tat io.appium.uiautomator2.server.AppiumServlet.handleHttpRequest(AppiumServlet.java:242)\n\tat io.appium.uiautomator2.http.ServerHandler.channelRead(ServerHandler.java:51)\n\tat io.netty.channel.AbstractChannelHandlerContext.invokeChannelRead(AbstractChannelHandlerContext.java:366)\n\tat io.netty.channel.AbstractChannelHandlerContext.invokeChannelRead(AbstractChannelHandlerContext.java:352)\n\tat io.netty.chann...
[debug] &amp#27;[35m[W3C]&amp#27;[39m Matched W3C error code 'no such element' to NoSuchElementError
[debug] &amp#27;[35m[W3C (ebb62c54)]&amp#27;[39m Encountered internal error running command: NoSuchElementError: An element could not be located on the page using the given search parameters.
[debug] &amp#27;[35m[W3C (ebb62c54)]&amp#27;[39m     at AndroidUiautomator2Driver.findElOrEls (C:\Users\MathanRajS\AppData\Roaming\npm\node_modules\appium\node_modules\appium-android-driver\lib\commands\find.js:75:11)
[debug] &amp#27;[35m[W3C (ebb62c54)]&amp#27;[39m     at AndroidUiautomator2Driver.findElOrElsWithProcessing (C:\Users\MathanRajS\AppData\Roaming\npm\node_modules\appium\node_modules\appium-base-driver\lib\basedriver\commands\find.js:33:12)
[debug] &amp#27;[35m[W3C (ebb62c54)]&amp#27;[39m     at AndroidUiautomator2Driver.findElement (C:\Users\MathanRajS\AppData\Roaming\npm\node_modules\appium\node_modules\appium-base-driver\lib\basedriver\commands\find.js:53:10)
&amp#27;[35m[HTTP]&amp#27;[39m &amp#27;[37m<-- POST /wd/hub/session/ebb62c54-6b49-441c-b8af-5401626c3d62/element &amp#27;[39m&amp#27;[33m404&amp#27;[39m &amp#27;[90m92 ms - 820&amp#27;[39m
&amp#27;[35m[HTTP]&amp#27;[39m &amp#27;[90m&amp#27;[39m
&amp#27;[35m[HTTP]&amp#27;[39m &amp#27;[37m-->&amp#27;[39m &amp#27;[37mPOST&amp#27;[39m &amp#27;[37m/wd/hub/session/ebb62c54-6b49-441c-b8af-5401626c3d62/element&amp#27;[39m
&amp#27;[35m[HTTP]&amp#27;[39m &amp#27;[90m{"using":"-android uiautomator","value":"UiSelector().text(\"Dismiss\")"}&amp#27;[39m
[debug] &amp#27;[35m[W3C (ebb62c54)]&amp#27;[39m Calling AppiumDriver.findElement() with args: ["-android uiautomator","UiSelector().text(\"Dismiss\")","ebb62c54-6b49-441c-b8af-5401626c3d62"]
[debug] &amp#27;[35m[BaseDriver]&amp#27;[39m Valid locator strategies for this request: xpath, id, class name, accessibility id, -android uiautomator
[debug] &amp#27;[35m[BaseDriver]&amp#27;[39m Waiting up to 0 ms for condition
[debug] &amp#27;[35m[WD Proxy]&amp#27;[39m Matched '/element' to command name 'findElement'
[debug] &amp#27;[35m[WD Proxy]&amp#27;[39m Proxying [POST /element] to [POST http://127.0.0.1:8200/wd/hub/session/9a894636-8253-4a63-b19c-662c637409ff/element] with body: {"strategy":"-android uiautomator","selector":"UiSelector().text(\"Dismiss\")","context":"","multiple":false}
&amp#27;[35m[WD Proxy]&amp#27;[39m Got response with status 404: {"sessionId":"9a894636-8253-4a63-b19c-662c637409ff","value":{"error":"no such element","message":"An element could not be located on the page using the given search parameters","stacktrace":"io.appium.uiautomator2.common.exceptions.ElementNotFoundException: An element could not be located on the page using the given search parameters\n\tat io.appium.uiautomator2.handler.FindElement.safeHandle(FindElement.java:78)\n\tat io.appium.uiautomator2.handler.request.SafeRequestHandler.handle(SafeRequestHandler.java:38)\n\tat io.appium.uiautomator2.server.AppiumServlet.handleRequest(AppiumServlet.java:252)\n\tat io.appium.uiautomator2.server.AppiumServlet.handleHttpRequest(AppiumServlet.java:242)\n\tat io.appium.uiautomator2.http.ServerHandler.channelRead(ServerHandler.java:51)\n\tat io.netty.channel.AbstractChannelHandlerContext.invokeChannelRead(AbstractChannelHandlerContext.java:366)\n\tat io.netty.channel.AbstractChannelHandlerContext.invokeChannelRead(AbstractChannelHandlerContext.java:352)\n\tat io.netty.chann...
[debug] &amp#27;[35m[W3C]&amp#27;[39m Matched W3C error code 'no such element' to NoSuchElementError
[debug] &amp#27;[35m[W3C (ebb62c54)]&amp#27;[39m Encountered internal error running command: NoSuchElementError: An element could not be located on the page using the given search parameters.
[debug] &amp#27;[35m[W3C (ebb62c54)]&amp#27;[39m     at AndroidUiautomator2Driver.findElOrEls (C:\Users\MathanRajS\AppData\Roaming\npm\node_modules\appium\node_modules\appium-android-driver\lib\commands\find.js:75:11)
[debug] &amp#27;[35m[W3C (ebb62c54)]&amp#27;[39m     at AndroidUiautomator2Driver.findElOrElsWithProcessing (C:\Users\MathanRajS\AppData\Roaming\npm\node_modules\appium\node_modules\appium-base-driver\lib\basedriver\commands\find.js:33:12)
[debug] &amp#27;[35m[W3C (ebb62c54)]&amp#27;[39m     at AndroidUiautomator2Driver.findElement (C:\Users\MathanRajS\AppData\Roaming\npm\node_modules\appium\node_modules\appium-base-driver\lib\basedriver\commands\find.js:53:10)
&amp#27;[35m[HTTP]&amp#27;[39m &amp#27;[37m<-- POST /wd/hub/session/ebb62c54-6b49-441c-b8af-5401626c3d62/element &amp#27;[39m&amp#27;[33m404&amp#27;[39m &amp#27;[90m53 ms - 820&amp#27;[39m
&amp#27;[35m[HTTP]&amp#27;[39m &amp#27;[90m&amp#27;[39m
&amp#27;[35m[HTTP]&amp#27;[39m &amp#27;[37m-->&amp#27;[39m &amp#27;[37mPOST&amp#27;[39m &amp#27;[37m/wd/hub/session/ebb62c54-6b49-441c-b8af-5401626c3d62/element&amp#27;[39m
&amp#27;[35m[HTTP]&amp#27;[39m &amp#27;[90m{"using":"-android uiautomator","value":"UiSelector().text(\"Dismiss\")"}&amp#27;[39m
[debug] &amp#27;[35m[W3C (ebb62c54)]&amp#27;[39m Calling AppiumDriver.findElement() with args: ["-android uiautomator","UiSelector().text(\"Dismiss\")","ebb62c54-6b49-441c-b8af-5401626c3d62"]
[debug] &amp#27;[35m[BaseDriver]&amp#27;[39m Valid locator strategies for this request: xpath, id, class name, accessibility id, -android uiautomator
[debug] &amp#27;[35m[BaseDriver]&amp#27;[39m Waiting up to 0 ms for condition
[debug] &amp#27;[35m[WD Proxy]&amp#27;[39m Matched '/element' to command name 'findElement'
[debug] &amp#27;[35m[WD Proxy]&amp#27;[39m Proxying [POST /element] to [POST http://127.0.0.1:8200/wd/hub/session/9a894636-8253-4a63-b19c-662c637409ff/element] with body: {"strategy":"-android uiautomator","selector":"UiSelector().text(\"Dismiss\")","context":"","multiple":false}
&amp#27;[35m[WD Proxy]&amp#27;[39m Got response with status 404: {"sessionId":"9a894636-8253-4a63-b19c-662c637409ff","value":{"error":"no such element","message":"An element could not be located on the page using the given search parameters","stacktrace":"io.appium.uiautomator2.common.exceptions.ElementNotFoundException: An element could not be located on the page using the given search parameters\n\tat io.appium.uiautomator2.handler.FindElement.safeHandle(FindElement.java:78)\n\tat io.appium.uiautomator2.handler.request.SafeRequestHandler.handle(SafeRequestHandler.java:38)\n\tat io.appium.uiautomator2.server.AppiumServlet.handleRequest(AppiumServlet.java:252)\n\tat io.appium.uiautomator2.server.AppiumServlet.handleHttpRequest(AppiumServlet.java:242)\n\tat io.appium.uiautomator2.http.ServerHandler.channelRead(ServerHandler.java:51)\n\tat io.netty.channel.AbstractChannelHandlerContext.invokeChannelRead(AbstractChannelHandlerContext.java:366)\n\tat io.netty.channel.AbstractChannelHandlerContext.invokeChannelRead(AbstractChannelHandlerContext.java:352)\n\tat io.netty.chann...
[debug] &amp#27;[35m[W3C]&amp#27;[39m Matched W3C error code 'no such element' to NoSuchElementError
[debug] &amp#27;[35m[W3C (ebb62c54)]&amp#27;[39m Encountered internal error running command: NoSuchElementError: An element could not be located on the page using the given search parameters.
[debug] &amp#27;[35m[W3C (ebb62c54)]&amp#27;[39m     at AndroidUiautomator2Driver.findElOrEls (C:\Users\MathanRajS\AppData\Roaming\npm\node_modules\appium\node_modules\appium-android-driver\lib\commands\find.js:75:11)
[debug] &amp#27;[35m[W3C (ebb62c54)]&amp#27;[39m     at AndroidUiautomator2Driver.findElOrElsWithProcessing (C:\Users\MathanRajS\AppData\Roaming\npm\node_modules\appium\node_modules\appium-base-driver\lib\basedriver\commands\find.js:33:12)
[debug] &amp#27;[35m[W3C (ebb62c54)]&amp#27;[39m     at AndroidUiautomator2Driver.findElement (C:\Users\MathanRajS\AppData\Roaming\npm\node_modules\appium\node_modules\appium-base-driver\lib\basedriver\commands\find.js:53:10)
&amp#27;[35m[HTTP]&amp#27;[39m &amp#27;[37m<-- POST /wd/hub/session/ebb62c54-6b49-441c-b8af-5401626c3d62/element &amp#27;[39m&amp#27;[33m404&amp#27;[39m &amp#27;[90m61 ms - 820&amp#27;[39m
&amp#27;[35m[HTTP]&amp#27;[39m &amp#27;[90m&amp#27;[39m
&amp#27;[35m[HTTP]&amp#27;[39m &amp#27;[37m-->&amp#27;[39m &amp#27;[37mPOST&amp#27;[39m &amp#27;[37m/wd/hub/session/ebb62c54-6b49-441c-b8af-5401626c3d62/element&amp#27;[39m
&amp#27;[35m[HTTP]&amp#27;[39m &amp#27;[90m{"using":"-android uiautomator","value":"UiSelector().text(\"Dismiss\")"}&amp#27;[39m
[debug] &amp#27;[35m[W3C (ebb62c54)]&amp#27;[39m Calling AppiumDriver.findElement() with args: ["-android uiautomator","UiSelector().text(\"Dismiss\")","ebb62c54-6b49-441c-b8af-5401626c3d62"]
[debug] &amp#27;[35m[BaseDriver]&amp#27;[39m Valid locator strategies for this request: xpath, id, class name, accessibility id, -android uiautomator
[debug] &amp#27;[35m[BaseDriver]&amp#27;[39m Waiting up to 0 ms for condition
[debug] &amp#27;[35m[WD Proxy]&amp#27;[39m Matched '/element' to command name 'findElement'
[debug] &amp#27;[35m[WD Proxy]&amp#27;[39m Proxying [POST /element] to [POST http://127.0.0.1:8200/wd/hub/session/9a894636-8253-4a63-b19c-662c637409ff/element] with body: {"strategy":"-android uiautomator","selector":"UiSelector().text(\"Dismiss\")","context":"","multiple":false}
&amp#27;[35m[WD Proxy]&amp#27;[39m Got response with status 404: {"sessionId":"9a894636-8253-4a63-b19c-662c637409ff","value":{"error":"no such element","message":"An element could not be located on the page using the given search parameters","stacktrace":"io.appium.uiautomator2.common.exceptions.ElementNotFoundException: An element could not be located on the page using the given search parameters\n\tat io.appium.uiautomator2.handler.FindElement.safeHandle(FindElement.java:78)\n\tat io.appium.uiautomator2.handler.request.SafeRequestHandler.handle(SafeRequestHandler.java:38)\n\tat io.appium.uiautomator2.server.AppiumServlet.handleRequest(AppiumServlet.java:252)\n\tat io.appium.uiautomator2.server.AppiumServlet.handleHttpRequest(AppiumServlet.java:242)\n\tat io.appium.uiautomator2.http.ServerHandler.channelRead(ServerHandler.java:51)\n\tat io.netty.channel.AbstractChannelHandlerContext.invokeChannelRead(AbstractChannelHandlerContext.java:366)\n\tat io.netty.channel.AbstractChannelHandlerContext.invokeChannelRead(AbstractChannelHandlerContext.java:352)\n\tat io.netty.chann...
[debug] &amp#27;[35m[W3C]&amp#27;[39m Matched W3C error code 'no such element' to NoSuchElementError
[debug] &amp#27;[35m[W3C (ebb62c54)]&amp#27;[39m Encountered internal error running command: NoSuchElementError: An element could not be located on the page using the given search parameters.
[debug] &amp#27;[35m[W3C (ebb62c54)]&amp#27;[39m     at AndroidUiautomator2Driver.findElOrEls (C:\Users\MathanRajS\AppData\Roaming\npm\node_modules\appium\node_modules\appium-android-driver\lib\commands\find.js:75:11)
[debug] &amp#27;[35m[W3C (ebb62c54)]&amp#27;[39m     at AndroidUiautomator2Driver.findElOrElsWithProcessing (C:\Users\MathanRajS\AppData\Roaming\npm\node_modules\appium\node_modules\appium-base-driver\lib\basedriver\commands\find.js:33:12)
[debug] &amp#27;[35m[W3C (ebb62c54)]&amp#27;[39m     at AndroidUiautomator2Driver.findElement (C:\Users\MathanRajS\AppData\Roaming\npm\node_modules\appium\node_modules\appium-base-driver\lib\basedriver\commands\find.js:53:10)
&amp#27;[35m[HTTP]&amp#27;[39m &amp#27;[37m<-- POST /wd/hub/session/ebb62c54-6b49-441c-b8af-5401626c3d62/element &amp#27;[39m&amp#27;[33m404&amp#27;[39m &amp#27;[90m1288 ms - 820&amp#27;[39m
&amp#27;[35m[HTTP]&amp#27;[39m &amp#27;[90m&amp#27;[39m
&amp#27;[35m[HTTP]&amp#27;[39m &amp#27;[37m-->&amp#27;[39m &amp#27;[37mPOST&amp#27;[39m &amp#27;[37m/wd/hub/session/ebb62c54-6b49-441c-b8af-5401626c3d62/element&amp#27;[39m
&amp#27;[35m[HTTP]&amp#27;[39m &amp#27;[90m{"using":"-android uiautomator","value":"UiSelector().text(\"Dismiss\")"}&amp#27;[39m
[debug] &amp#27;[35m[W3C (ebb62c54)]&amp#27;[39m Calling AppiumDriver.findElement() with args: ["-android uiautomator","UiSelector().text(\"Dismiss\")","ebb62c54-6b49-441c-b8af-5401626c3d62"]
[debug] &amp#27;[35m[BaseDriver]&amp#27;[39m Valid locator strategies for this request: xpath, id, class name, accessibility id, -android uiautomator
[debug] &amp#27;[35m[BaseDriver]&amp#27;[39m Waiting up to 0 ms for condition
[debug] &amp#27;[35m[WD Proxy]&amp#27;[39m Matched '/element' to command name 'findElement'
[debug] &amp#27;[35m[WD Proxy]&amp#27;[39m Proxying [POST /element] to [POST http://127.0.0.1:8200/wd/hub/session/9a894636-8253-4a63-b19c-662c637409ff/element] with body: {"strategy":"-android uiautomator","selector":"UiSelector().text(\"Dismiss\")","context":"","multiple":false}
&amp#27;[35m[WD Proxy]&amp#27;[39m Got response with status 404: {"sessionId":"9a894636-8253-4a63-b19c-662c637409ff","value":{"error":"no such element","message":"An element could not be located on the page using the given search parameters","stacktrace":"io.appium.uiautomator2.common.exceptions.ElementNotFoundException: An element could not be located on the page using the given search parameters\n\tat io.appium.uiautomator2.handler.FindElement.safeHandle(FindElement.java:78)\n\tat io.appium.uiautomator2.handler.request.SafeRequestHandler.handle(SafeRequestHandler.java:38)\n\tat io.appium.uiautomator2.server.AppiumServlet.handleRequest(AppiumServlet.java:252)\n\tat io.appium.uiautomator2.server.AppiumServlet.handleHttpRequest(AppiumServlet.java:242)\n\tat io.appium.uiautomator2.http.ServerHandler.channelRead(ServerHandler.java:51)\n\tat io.netty.channel.AbstractChannelHandlerContext.invokeChannelRead(AbstractChannelHandlerContext.java:366)\n\tat io.netty.channel.AbstractChannelHandlerContext.invokeChannelRead(AbstractChannelHandlerContext.java:352)\n\tat io.netty.chann...
[debug] &amp#27;[35m[W3C]&amp#27;[39m Matched W3C error code 'no such element' to NoSuchElementError
[debug] &amp#27;[35m[W3C (ebb62c54)]&amp#27;[39m Encountered internal error running command: NoSuchElementError: An element could not be located on the page using the given search parameters.
[debug] &amp#27;[35m[W3C (ebb62c54)]&amp#27;[39m     at AndroidUiautomator2Driver.findElOrEls (C:\Users\MathanRajS\AppData\Roaming\npm\node_modules\appium\node_modules\appium-android-driver\lib\commands\find.js:75:11)
[debug] &amp#27;[35m[W3C (ebb62c54)]&amp#27;[39m     at AndroidUiautomator2Driver.findElOrElsWithProcessing (C:\Users\MathanRajS\AppData\Roaming\npm\node_modules\appium\node_modules\appium-base-driver\lib\basedriver\commands\find.js:33:12)
[debug] &amp#27;[35m[W3C (ebb62c54)]&amp#27;[39m     at AndroidUiautomator2Driver.findElement (C:\Users\MathanRajS\AppData\Roaming\npm\node_modules\appium\node_modules\appium-base-driver\lib\basedriver\commands\find.js:53:10)
&amp#27;[35m[HTTP]&amp#27;[39m &amp#27;[37m<-- POST /wd/hub/session/ebb62c54-6b49-441c-b8af-5401626c3d62/element &amp#27;[39m&amp#27;[33m404&amp#27;[39m &amp#27;[90m605 ms - 820&amp#27;[39m
&amp#27;[35m[HTTP]&amp#27;[39m &amp#27;[90m&amp#27;[39m
&amp#27;[35m[HTTP]&amp#27;[39m &amp#27;[37m-->&amp#27;[39m &amp#27;[37mPOST&amp#27;[39m &amp#27;[37m/wd/hub/session/ebb62c54-6b49-441c-b8af-5401626c3d62/element&amp#27;[39m
&amp#27;[35m[HTTP]&amp#27;[39m &amp#27;[90m{"using":"-android uiautomator","value":"UiSelector().text(\"Dismiss\")"}&amp#27;[39m
[debug] &amp#27;[35m[W3C (ebb62c54)]&amp#27;[39m Calling AppiumDriver.findElement() with args: ["-android uiautomator","UiSelector().text(\"Dismiss\")","ebb62c54-6b49-441c-b8af-5401626c3d62"]
[debug] &amp#27;[35m[BaseDriver]&amp#27;[39m Valid locator strategies for this request: xpath, id, class name, accessibility id, -android uiautomator
[debug] &amp#27;[35m[BaseDriver]&amp#27;[39m Waiting up to 0 ms for condition
[debug] &amp#27;[35m[WD Proxy]&amp#27;[39m Matched '/element' to command name 'findElement'
[debug] &amp#27;[35m[WD Proxy]&amp#27;[39m Proxying [POST /element] to [POST http://127.0.0.1:8200/wd/hub/session/9a894636-8253-4a63-b19c-662c637409ff/element] with body: {"strategy":"-android uiautomator","selector":"UiSelector().text(\"Dismiss\")","context":"","multiple":false}
&amp#27;[35m[WD Proxy]&amp#27;[39m Got response with status 404: {"sessionId":"9a894636-8253-4a63-b19c-662c637409ff","value":{"error":"no such element","message":"An element could not be located on the page using the given search parameters","stacktrace":"io.appium.uiautomator2.common.exceptions.ElementNotFoundException: An element could not be located on the page using the given search parameters\n\tat io.appium.uiautomator2.handler.FindElement.safeHandle(FindElement.java:78)\n\tat io.appium.uiautomator2.handler.request.SafeRequestHandler.handle(SafeRequestHandler.java:38)\n\tat io.appium.uiautomator2.server.AppiumServlet.handleRequest(AppiumServlet.java:252)\n\tat io.appium.uiautomator2.server.AppiumServlet.handleHttpRequest(AppiumServlet.java:242)\n\tat io.appium.uiautomator2.http.ServerHandler.channelRead(ServerHandler.java:51)\n\tat io.netty.channel.AbstractChannelHandlerContext.invokeChannelRead(AbstractChannelHandlerContext.java:366)\n\tat io.netty.channel.AbstractChannelHandlerContext.invokeChannelRead(AbstractChannelHandlerContext.java:352)\n\tat io.netty.chann...
[debug] &amp#27;[35m[W3C]&amp#27;[39m Matched W3C error code 'no such element' to NoSuchElementError
[debug] &amp#27;[35m[W3C (ebb62c54)]&amp#27;[39m Encountered internal error running command: NoSuchElementError: An element could not be located on the page using the given search parameters.
[debug] &amp#27;[35m[W3C (ebb62c54)]&amp#27;[39m     at AndroidUiautomator2Driver.findElOrEls (C:\Users\MathanRajS\AppData\Roaming\npm\node_modules\appium\node_modules\appium-android-driver\lib\commands\find.js:75:11)
[debug] &amp#27;[35m[W3C (ebb62c54)]&amp#27;[39m     at AndroidUiautomator2Driver.findElOrElsWithProcessing (C:\Users\MathanRajS\AppData\Roaming\npm\node_modules\appium\node_modules\appium-base-driver\lib\basedriver\commands\find.js:33:12)
[debug] &amp#27;[35m[W3C (ebb62c54)]&amp#27;[39m     at AndroidUiautomator2Driver.findElement (C:\Users\MathanRajS\AppData\Roaming\npm\node_modules\appium\node_modules\appium-base-driver\lib\basedriver\commands\find.js:53:10)
&amp#27;[35m[HTTP]&amp#27;[39m &amp#27;[37m<-- POST /wd/hub/session/ebb62c54-6b49-441c-b8af-5401626c3d62/element &amp#27;[39m&amp#27;[33m404&amp#27;[39m &amp#27;[90m365 ms - 820&amp#27;[39m
&amp#27;[35m[HTTP]&amp#27;[39m &amp#27;[90m&amp#27;[39m
&amp#27;[35m[HTTP]&amp#27;[39m &amp#27;[37m-->&amp#27;[39m &amp#27;[37mPOST&amp#27;[39m &amp#27;[37m/wd/hub/session/ebb62c54-6b49-441c-b8af-5401626c3d62/element&amp#27;[39m
&amp#27;[35m[HTTP]&amp#27;[39m &amp#27;[90m{"using":"-android uiautomator","value":"UiSelector().text(\"Dismiss\")"}&amp#27;[39m
[debug] &amp#27;[35m[W3C (ebb62c54)]&amp#27;[39m Calling AppiumDriver.findElement() with args: ["-android uiautomator","UiSelector().text(\"Dismiss\")","ebb62c54-6b49-441c-b8af-5401626c3d62"]
[debug] &amp#27;[35m[BaseDriver]&amp#27;[39m Valid locator strategies for this request: xpath, id, class name, accessibility id, -android uiautomator
[debug] &amp#27;[35m[BaseDriver]&amp#27;[39m Waiting up to 0 ms for condition
[debug] &amp#27;[35m[WD Proxy]&amp#27;[39m Matched '/element' to command name 'findElement'
[debug] &amp#27;[35m[WD Proxy]&amp#27;[39m Proxying [POST /element] to [POST http://127.0.0.1:8200/wd/hub/session/9a894636-8253-4a63-b19c-662c637409ff/element] with body: {"strategy":"-android uiautomator","selector":"UiSelector().text(\"Dismiss\")","context":"","multiple":false}
[debug] &amp#27;[35m[WD Proxy]&amp#27;[39m Got response with status 200: {"sessionId":"9a894636-8253-4a63-b19c-662c637409ff","value":{"ELEMENT":"6a6f3e82-6fbe-4eca-8e73-bfd49cff80d0","element-6066-11e4-a52e-4f735466cecf":"6a6f3e82-6fbe-4eca-8e73-bfd49cff80d0"}}
[debug] &amp#27;[35m[W3C (ebb62c54)]&amp#27;[39m Responding to client with driver.findElement() result: {"element-6066-11e4-a52e-4f735466cecf":"6a6f3e82-6fbe-4eca-8e73-bfd49cff80d0","ELEMENT":"6a6f3e82-6fbe-4eca-8e73-bfd49cff80d0"}
&amp#27;[35m[HTTP]&amp#27;[39m &amp#27;[37m<-- POST /wd/hub/session/ebb62c54-6b49-441c-b8af-5401626c3d62/element &amp#27;[39m&amp#27;[32m200&amp#27;[39m &amp#27;[90m126 ms - 137&amp#27;[39m
&amp#27;[35m[HTTP]&amp#27;[39m &amp#27;[90m&amp#27;[39m
&amp#27;[35m[HTTP]&amp#27;[39m &amp#27;[37m-->&amp#27;[39m &amp#27;[37mGET&amp#27;[39m &amp#27;[37m/wd/hub/session/ebb62c54-6b49-441c-b8af-5401626c3d62/element/6a6f3e82-6fbe-4eca-8e73-bfd49cff80d0/displayed&amp#27;[39m
&amp#27;[35m[HTTP]&amp#27;[39m &amp#27;[90m{}&amp#27;[39m
[debug] &amp#27;[35m[W3C (ebb62c54)]&amp#27;[39m Calling AppiumDriver.elementDisplayed() with args: ["6a6f3e82-6fbe-4eca-8e73-bfd49cff80d0","ebb62c54-6b49-441c-b8af-5401626c3d62"]
[debug] &amp#27;[35m[WD Proxy]&amp#27;[39m Matched '/element/6a6f3e82-6fbe-4eca-8e73-bfd49cff80d0/attribute/displayed' to command name 'getAttribute'
[debug] &amp#27;[35m[WD Proxy]&amp#27;[39m Proxying [GET /element/6a6f3e82-6fbe-4eca-8e73-bfd49cff80d0/attribute/displayed] to [GET http://127.0.0.1:8200/wd/hub/session/9a894636-8253-4a63-b19c-662c637409ff/element/6a6f3e82-6fbe-4eca-8e73-bfd49cff80d0/attribute/displayed] with body: {}
[debug] &amp#27;[35m[WD Proxy]&amp#27;[39m Got response with status 200: {"sessionId":"9a894636-8253-4a63-b19c-662c637409ff","value":"true"}
[debug] &amp#27;[35m[W3C (ebb62c54)]&amp#27;[39m Responding to client with driver.elementDisplayed() result: true
&amp#27;[35m[HTTP]&amp#27;[39m &amp#27;[37m<-- GET /wd/hub/session/ebb62c54-6b49-441c-b8af-5401626c3d62/element/6a6f3e82-6fbe-4eca-8e73-bfd49cff80d0/displayed &amp#27;[39m&amp#27;[32m200&amp#27;[39m &amp#27;[90m2921 ms - 14&amp#27;[39m
&amp#27;[35m[HTTP]&amp#27;[39m &amp#27;[90m&amp#27;[39m
&amp#27;[35m[HTTP]&amp#27;[39m &amp#27;[37m-->&amp#27;[39m &amp#27;[37mPOST&amp#27;[39m &amp#27;[37m/wd/hub/session/ebb62c54-6b49-441c-b8af-5401626c3d62/element&amp#27;[39m
&amp#27;[35m[HTTP]&amp#27;[39m &amp#27;[90m{"using":"-android uiautomator","value":"UiSelector().text(\"Dismiss\")"}&amp#27;[39m
[debug] &amp#27;[35m[W3C (ebb62c54)]&amp#27;[39m Calling AppiumDriver.findElement() with args: ["-android uiautomator","UiSelector().text(\"Dismiss\")","ebb62c54-6b49-441c-b8af-5401626c3d62"]
[debug] &amp#27;[35m[BaseDriver]&amp#27;[39m Valid locator strategies for this request: xpath, id, class name, accessibility id, -android uiautomator
[debug] &amp#27;[35m[BaseDriver]&amp#27;[39m Waiting up to 0 ms for condition
[debug] &amp#27;[35m[WD Proxy]&amp#27;[39m Matched '/element' to command name 'findElement'
[debug] &amp#27;[35m[WD Proxy]&amp#27;[39m Proxying [POST /element] to [POST http://127.0.0.1:8200/wd/hub/session/9a894636-8253-4a63-b19c-662c637409ff/element] with body: {"strategy":"-android uiautomator","selector":"UiSelector().text(\"Dismiss\")","context":"","multiple":false}
[debug] &amp#27;[35m[WD Proxy]&amp#27;[39m Got response with status 200: {"sessionId":"9a894636-8253-4a63-b19c-662c637409ff","value":{"ELEMENT":"a6750a84-a729-4abc-87f9-98f008360483","element-6066-11e4-a52e-4f735466cecf":"a6750a84-a729-4abc-87f9-98f008360483"}}
[debug] &amp#27;[35m[W3C (ebb62c54)]&amp#27;[39m Responding to client with driver.findElement() result: {"element-6066-11e4-a52e-4f735466cecf":"a6750a84-a729-4abc-87f9-98f008360483","ELEMENT":"a6750a84-a729-4abc-87f9-98f008360483"}
&amp#27;[35m[HTTP]&amp#27;[39m &amp#27;[37m<-- POST /wd/hub/session/ebb62c54-6b49-441c-b8af-5401626c3d62/element &amp#27;[39m&amp#27;[32m200&amp#27;[39m &amp#27;[90m85 ms - 137&amp#27;[39m
&amp#27;[35m[HTTP]&amp#27;[39m &amp#27;[90m&amp#27;[39m
&amp#27;[35m[HTTP]&amp#27;[39m &amp#27;[37m-->&amp#27;[39m &amp#27;[37mPOST&amp#27;[39m &amp#27;[37m/wd/hub/session/ebb62c54-6b49-441c-b8af-5401626c3d62/element/a6750a84-a729-4abc-87f9-98f008360483/click&amp#27;[39m
&amp#27;[35m[HTTP]&amp#27;[39m &amp#27;[90m{"id":"a6750a84-a729-4abc-87f9-98f008360483"}&amp#27;[39m
[debug] &amp#27;[35m[W3C (ebb62c54)]&amp#27;[39m Calling AppiumDriver.click() with args: ["a6750a84-a729-4abc-87f9-98f008360483","ebb62c54-6b49-441c-b8af-5401626c3d62"]
[debug] &amp#27;[35m[WD Proxy]&amp#27;[39m Matched '/element/a6750a84-a729-4abc-87f9-98f008360483/click' to command name 'click'
[debug] &amp#27;[35m[WD Proxy]&amp#27;[39m Proxying [POST /element/a6750a84-a729-4abc-87f9-98f008360483/click] to [POST http://127.0.0.1:8200/wd/hub/session/9a894636-8253-4a63-b19c-662c637409ff/element/a6750a84-a729-4abc-87f9-98f008360483/click] with body: {"element":"a6750a84-a729-4abc-87f9-98f008360483"}
[debug] &amp#27;[35m[WD Proxy]&amp#27;[39m Got response with status 200: {"sessionId":"9a894636-8253-4a63-b19c-662c637409ff","value":null}
[debug] &amp#27;[35m[W3C (ebb62c54)]&amp#27;[39m Responding to client with driver.click() result: null
&amp#27;[35m[HTTP]&amp#27;[39m &amp#27;[37m<-- POST /wd/hub/session/ebb62c54-6b49-441c-b8af-5401626c3d62/element/a6750a84-a729-4abc-87f9-98f008360483/click &amp#27;[39m&amp#27;[32m200&amp#27;[39m &amp#27;[90m1569 ms - 14&amp#27;[39m
&amp#27;[35m[HTTP]&amp#27;[39m &amp#27;[90m&amp#27;[39m
&amp#27;[35m[HTTP]&amp#27;[39m &amp#27;[37m-->&amp#27;[39m &amp#27;[37mPOST&amp#27;[39m &amp#27;[37m/wd/hub/session/ebb62c54-6b49-441c-b8af-5401626c3d62/element&amp#27;[39m
&amp#27;[35m[HTTP]&amp#27;[39m &amp#27;[90m{"using":"-android uiautomator","value":"UiSelector().text(\"Dismiss\")"}&amp#27;[39m
[debug] &amp#27;[35m[W3C (ebb62c54)]&amp#27;[39m Calling AppiumDriver.findElement() with args: ["-android uiautomator","UiSelector().text(\"Dismiss\")","ebb62c54-6b49-441c-b8af-5401626c3d62"]
[debug] &amp#27;[35m[BaseDriver]&amp#27;[39m Valid locator strategies for this request: xpath, id, class name, accessibility id, -android uiautomator
[debug] &amp#27;[35m[BaseDriver]&amp#27;[39m Waiting up to 0 ms for condition
[debug] &amp#27;[35m[WD Proxy]&amp#27;[39m Matched '/element' to command name 'findElement'
[debug] &amp#27;[35m[WD Proxy]&amp#27;[39m Proxying [POST /element] to [POST http://127.0.0.1:8200/wd/hub/session/9a894636-8253-4a63-b19c-662c637409ff/element] with body: {"strategy":"-android uiautomator","selector":"UiSelector().text(\"Dismiss\")","context":"","multiple":false}
[debug] &amp#27;[35m[WD Proxy]&amp#27;[39m Got response with status 200: {"sessionId":"9a894636-8253-4a63-b19c-662c637409ff","value":{"ELEMENT":"e4862bba-8fa1-402d-9f1a-7bd91d610ec3","element-6066-11e4-a52e-4f735466cecf":"e4862bba-8fa1-402d-9f1a-7bd91d610ec3"}}
[debug] &amp#27;[35m[W3C (ebb62c54)]&amp#27;[39m Responding to client with driver.findElement() result: {"element-6066-11e4-a52e-4f735466cecf":"e4862bba-8fa1-402d-9f1a-7bd91d610ec3","ELEMENT":"e4862bba-8fa1-402d-9f1a-7bd91d610ec3"}
&amp#27;[35m[HTTP]&amp#27;[39m &amp#27;[37m<-- POST /wd/hub/session/ebb62c54-6b49-441c-b8af-5401626c3d62/element &amp#27;[39m&amp#27;[32m200&amp#27;[39m &amp#27;[90m74 ms - 137&amp#27;[39m
&amp#27;[35m[HTTP]&amp#27;[39m &amp#27;[90m&amp#27;[39m
&amp#27;[35m[HTTP]&amp#27;[39m &amp#27;[37m-->&amp#27;[39m &amp#27;[37mPOST&amp#27;[39m &amp#27;[37m/wd/hub/session/ebb62c54-6b49-441c-b8af-5401626c3d62/element/e4862bba-8fa1-402d-9f1a-7bd91d610ec3/click&amp#27;[39m
&amp#27;[35m[HTTP]&amp#27;[39m &amp#27;[90m{"id":"e4862bba-8fa1-402d-9f1a-7bd91d610ec3"}&amp#27;[39m
[debug] &amp#27;[35m[W3C (ebb62c54)]&amp#27;[39m Calling AppiumDriver.click() with args: ["e4862bba-8fa1-402d-9f1a-7bd91d610ec3","ebb62c54-6b49-441c-b8af-5401626c3d62"]
[debug] &amp#27;[35m[WD Proxy]&amp#27;[39m Matched '/element/e4862bba-8fa1-402d-9f1a-7bd91d610ec3/click' to command name 'click'
[debug] &amp#27;[35m[WD Proxy]&amp#27;[39m Proxying [POST /element/e4862bba-8fa1-402d-9f1a-7bd91d610ec3/click] to [POST http://127.0.0.1:8200/wd/hub/session/9a894636-8253-4a63-b19c-662c637409ff/element/e4862bba-8fa1-402d-9f1a-7bd91d610ec3/click] with body: {"element":"e4862bba-8fa1-402d-9f1a-7bd91d610ec3"}
[debug] &amp#27;[35m[WD Proxy]&amp#27;[39m Got response with status 200: {"sessionId":"9a894636-8253-4a63-b19c-662c637409ff","value":null}
[debug] &amp#27;[35m[W3C (ebb62c54)]&amp#27;[39m Responding to client with driver.click() result: null
&amp#27;[35m[HTTP]&amp#27;[39m &amp#27;[37m<-- POST /wd/hub/session/ebb62c54-6b49-441c-b8af-5401626c3d62/element/e4862bba-8fa1-402d-9f1a-7bd91d610ec3/click &amp#27;[39m&amp#27;[32m200&amp#27;[39m &amp#27;[90m855 ms - 14&amp#27;[39m
&amp#27;[35m[HTTP]&amp#27;[39m &amp#27;[90m&amp#27;[39m
&amp#27;[35m[HTTP]&amp#27;[39m &amp#27;[37m-->&amp#27;[39m &amp#27;[37mPOST&amp#27;[39m &amp#27;[37m/wd/hub/session/ebb62c54-6b49-441c-b8af-5401626c3d62/element&amp#27;[39m
&amp#27;[35m[HTTP]&amp#27;[39m &amp#27;[90m{"using":"-android uiautomator","value":"UiSelector().text(\"Sign in\")"}&amp#27;[39m
[debug] &amp#27;[35m[W3C (ebb62c54)]&amp#27;[39m Calling AppiumDriver.findElement() with args: ["-android uiautomator","UiSelector().text(\"Sign in\")","ebb62c54-6b49-441c-b8af-5401626c3d62"]
[debug] &amp#27;[35m[BaseDriver]&amp#27;[39m Valid locator strategies for this request: xpath, id, class name, accessibility id, -android uiautomator
[debug] &amp#27;[35m[BaseDriver]&amp#27;[39m Waiting up to 0 ms for condition
[debug] &amp#27;[35m[WD Proxy]&amp#27;[39m Matched '/element' to command name 'findElement'
[debug] &amp#27;[35m[WD Proxy]&amp#27;[39m Proxying [POST /element] to [POST http://127.0.0.1:8200/wd/hub/session/9a894636-8253-4a63-b19c-662c637409ff/element] with body: {"strategy":"-android uiautomator","selector":"UiSelector().text(\"Sign in\")","context":"","multiple":false}
[debug] &amp#27;[35m[WD Proxy]&amp#27;[39m Got response with status 200: {"sessionId":"9a894636-8253-4a63-b19c-662c637409ff","value":{"ELEMENT":"23cfa9b4-6425-4f39-8010-aa56554a1ee1","element-6066-11e4-a52e-4f735466cecf":"23cfa9b4-6425-4f39-8010-aa56554a1ee1"}}
[debug] &amp#27;[35m[W3C (ebb62c54)]&amp#27;[39m Responding to client with driver.findElement() result: {"element-6066-11e4-a52e-4f735466cecf":"23cfa9b4-6425-4f39-8010-aa56554a1ee1","ELEMENT":"23cfa9b4-6425-4f39-8010-aa56554a1ee1"}
&amp#27;[35m[HTTP]&amp#27;[39m &amp#27;[37m<-- POST /wd/hub/session/ebb62c54-6b49-441c-b8af-5401626c3d62/element &amp#27;[39m&amp#27;[32m200&amp#27;[39m &amp#27;[90m123 ms - 137&amp#27;[39m
&amp#27;[35m[HTTP]&amp#27;[39m &amp#27;[90m&amp#27;[39m
&amp#27;[35m[HTTP]&amp#27;[39m &amp#27;[37m-->&amp#27;[39m &amp#27;[37mPOST&amp#27;[39m &amp#27;[37m/wd/hub/session/ebb62c54-6b49-441c-b8af-5401626c3d62/element/23cfa9b4-6425-4f39-8010-aa56554a1ee1/click&amp#27;[39m
&amp#27;[35m[HTTP]&amp#27;[39m &amp#27;[90m{"id":"23cfa9b4-6425-4f39-8010-aa56554a1ee1"}&amp#27;[39m
[debug] &amp#27;[35m[W3C (ebb62c54)]&amp#27;[39m Calling AppiumDriver.click() with args: ["23cfa9b4-6425-4f39-8010-aa56554a1ee1","ebb62c54-6b49-441c-b8af-5401626c3d62"]
[debug] &amp#27;[35m[WD Proxy]&amp#27;[39m Matched '/element/23cfa9b4-6425-4f39-8010-aa56554a1ee1/click' to command name 'click'
[debug] &amp#27;[35m[WD Proxy]&amp#27;[39m Proxying [POST /element/23cfa9b4-6425-4f39-8010-aa56554a1ee1/click] to [POST http://127.0.0.1:8200/wd/hub/session/9a894636-8253-4a63-b19c-662c637409ff/element/23cfa9b4-6425-4f39-8010-aa56554a1ee1/click] with body: {"element":"23cfa9b4-6425-4f39-8010-aa56554a1ee1"}
[debug] &amp#27;[35m[WD Proxy]&amp#27;[39m Got response with status 200: {"sessionId":"9a894636-8253-4a63-b19c-662c637409ff","value":null}
[debug] &amp#27;[35m[W3C (ebb62c54)]&amp#27;[39m Responding to client with driver.click() result: null
&amp#27;[35m[HTTP]&amp#27;[39m &amp#27;[37m<-- POST /wd/hub/session/ebb62c54-6b49-441c-b8af-5401626c3d62/element/23cfa9b4-6425-4f39-8010-aa56554a1ee1/click &amp#27;[39m&amp#27;[32m200&amp#27;[39m &amp#27;[90m994 ms - 14&amp#27;[39m
&amp#27;[35m[HTTP]&amp#27;[39m &amp#27;[90m&amp#27;[39m
&amp#27;[35m[HTTP]&amp#27;[39m &amp#27;[37m-->&amp#27;[39m &amp#27;[37mPOST&amp#27;[39m &amp#27;[37m/wd/hub/session/ebb62c54-6b49-441c-b8af-5401626c3d62/element&amp#27;[39m
&amp#27;[35m[HTTP]&amp#27;[39m &amp#27;[90m{"using":"-android uiautomator","value":"UiSelector().text(\"Sign in\")"}&amp#27;[39m
[debug] &amp#27;[35m[W3C (ebb62c54)]&amp#27;[39m Calling AppiumDriver.findElement() with args: ["-android uiautomator","UiSelector().text(\"Sign in\")","ebb62c54-6b49-441c-b8af-5401626c3d62"]
[debug] &amp#27;[35m[BaseDriver]&amp#27;[39m Valid locator strategies for this request: xpath, id, class name, accessibility id, -android uiautomator
[debug] &amp#27;[35m[BaseDriver]&amp#27;[39m Waiting up to 0 ms for condition
[debug] &amp#27;[35m[WD Proxy]&amp#27;[39m Matched '/element' to command name 'findElement'
[debug] &amp#27;[35m[WD Proxy]&amp#27;[39m Proxying [POST /element] to [POST http://127.0.0.1:8200/wd/hub/session/9a894636-8253-4a63-b19c-662c637409ff/element] with body: {"strategy":"-android uiautomator","selector":"UiSelector().text(\"Sign in\")","context":"","multiple":false}
[debug] &amp#27;[35m[WD Proxy]&amp#27;[39m Got response with status 200: {"sessionId":"9a894636-8253-4a63-b19c-662c637409ff","value":{"ELEMENT":"abb302ed-9f22-4c33-8334-8a1d7d481ace","element-6066-11e4-a52e-4f735466cecf":"abb302ed-9f22-4c33-8334-8a1d7d481ace"}}
[debug] &amp#27;[35m[W3C (ebb62c54)]&amp#27;[39m Responding to client with driver.findElement() result: {"element-6066-11e4-a52e-4f735466cecf":"abb302ed-9f22-4c33-8334-8a1d7d481ace","ELEMENT":"abb302ed-9f22-4c33-8334-8a1d7d481ace"}
&amp#27;[35m[HTTP]&amp#27;[39m &amp#27;[37m<-- POST /wd/hub/session/ebb62c54-6b49-441c-b8af-5401626c3d62/element &amp#27;[39m&amp#27;[32m200&amp#27;[39m &amp#27;[90m133 ms - 137&amp#27;[39m
&amp#27;[35m[HTTP]&amp#27;[39m &amp#27;[90m&amp#27;[39m
&amp#27;[35m[HTTP]&amp#27;[39m &amp#27;[37m-->&amp#27;[39m &amp#27;[37mPOST&amp#27;[39m &amp#27;[37m/wd/hub/session/ebb62c54-6b49-441c-b8af-5401626c3d62/element/abb302ed-9f22-4c33-8334-8a1d7d481ace/click&amp#27;[39m
&amp#27;[35m[HTTP]&amp#27;[39m &amp#27;[90m{"id":"abb302ed-9f22-4c33-8334-8a1d7d481ace"}&amp#27;[39m
[debug] &amp#27;[35m[W3C (ebb62c54)]&amp#27;[39m Calling AppiumDriver.click() with args: ["abb302ed-9f22-4c33-8334-8a1d7d481ace","ebb62c54-6b49-441c-b8af-5401626c3d62"]
[debug] &amp#27;[35m[WD Proxy]&amp#27;[39m Matched '/element/abb302ed-9f22-4c33-8334-8a1d7d481ace/click' to command name 'click'
[debug] &amp#27;[35m[WD Proxy]&amp#27;[39m Proxying [POST /element/abb302ed-9f22-4c33-8334-8a1d7d481ace/click] to [POST http://127.0.0.1:8200/wd/hub/session/9a894636-8253-4a63-b19c-662c637409ff/element/abb302ed-9f22-4c33-8334-8a1d7d481ace/click] with body: {"element":"abb302ed-9f22-4c33-8334-8a1d7d481ace"}
[debug] &amp#27;[35m[WD Proxy]&amp#27;[39m Got response with status 200: {"sessionId":"9a894636-8253-4a63-b19c-662c637409ff","value":null}
[debug] &amp#27;[35m[W3C (ebb62c54)]&amp#27;[39m Responding to client with driver.click() result: null
&amp#27;[35m[HTTP]&amp#27;[39m &amp#27;[37m<-- POST /wd/hub/session/ebb62c54-6b49-441c-b8af-5401626c3d62/element/abb302ed-9f22-4c33-8334-8a1d7d481ace/click &amp#27;[39m&amp#27;[32m200&amp#27;[39m &amp#27;[90m1236 ms - 14&amp#27;[39m
&amp#27;[35m[HTTP]&amp#27;[39m &amp#27;[90m&amp#27;[39m
&amp#27;[35m[HTTP]&amp#27;[39m &amp#27;[37m-->&amp#27;[39m &amp#27;[37mPOST&amp#27;[39m &amp#27;[37m/wd/hub/session/ebb62c54-6b49-441c-b8af-5401626c3d62/element&amp#27;[39m
&amp#27;[35m[HTTP]&amp#27;[39m &amp#27;[90m{"using":"accessibility id","value":"Enter an e-mail address or username"}&amp#27;[39m
[debug] &amp#27;[35m[W3C (ebb62c54)]&amp#27;[39m Calling AppiumDriver.findElement() with args: ["accessibility id","Enter an e-mail address or username","ebb62c54-6b49-441c-b8af-5401626c3d62"]
[debug] &amp#27;[35m[BaseDriver]&amp#27;[39m Valid locator strategies for this request: xpath, id, class name, accessibility id, -android uiautomator
[debug] &amp#27;[35m[BaseDriver]&amp#27;[39m Waiting up to 0 ms for condition
[debug] &amp#27;[35m[WD Proxy]&amp#27;[39m Matched '/element' to command name 'findElement'
[debug] &amp#27;[35m[WD Proxy]&amp#27;[39m Proxying [POST /element] to [POST http://127.0.0.1:8200/wd/hub/session/9a894636-8253-4a63-b19c-662c637409ff/element] with body: {"strategy":"accessibility id","selector":"Enter an e-mail address or username","context":"","multiple":false}
[debug] &amp#27;[35m[WD Proxy]&amp#27;[39m Got response with status 200: {"sessionId":"9a894636-8253-4a63-b19c-662c637409ff","value":{"ELEMENT":"be5699d2-b23b-4ad0-b29d-0ab3c7a9a4f7","element-6066-11e4-a52e-4f735466cecf":"be5699d2-b23b-4ad0-b29d-0ab3c7a9a4f7"}}
[debug] &amp#27;[35m[W3C (ebb62c54)]&amp#27;[39m Responding to client with driver.findElement() result: {"element-6066-11e4-a52e-4f735466cecf":"be5699d2-b23b-4ad0-b29d-0ab3c7a9a4f7","ELEMENT":"be5699d2-b23b-4ad0-b29d-0ab3c7a9a4f7"}
&amp#27;[35m[HTTP]&amp#27;[39m &amp#27;[37m<-- POST /wd/hub/session/ebb62c54-6b49-441c-b8af-5401626c3d62/element &amp#27;[39m&amp#27;[32m200&amp#27;[39m &amp#27;[90m118 ms - 137&amp#27;[39m
&amp#27;[35m[HTTP]&amp#27;[39m &amp#27;[90m&amp#27;[39m
&amp#27;[35m[HTTP]&amp#27;[39m &amp#27;[37m-->&amp#27;[39m &amp#27;[37mPOST&amp#27;[39m &amp#27;[37m/wd/hub/session/ebb62c54-6b49-441c-b8af-5401626c3d62/element/be5699d2-b23b-4ad0-b29d-0ab3c7a9a4f7/value&amp#27;[39m
&amp#27;[35m[HTTP]&amp#27;[39m &amp#27;[90m{"id":"be5699d2-b23b-4ad0-b29d-0ab3c7a9a4f7","text":"mathan.ibt@gmail.com","value":["m","a","t","h","a","n",".","i","b","t","@","g","m","a","i","l",".","c","o","m"]}&amp#27;[39m
[debug] &amp#27;[35m[W3C (ebb62c54)]&amp#27;[39m Calling AppiumDriver.setValue() with args: [["m","a","t","h","a","n",".","i","b","t","@","g","m","a","i","l",".","c","o","m"],"be5699d2-b23b-4ad0-b29d-0ab3c7a9a4f7","ebb62c54-6b49-441c-b8af-5401626c3d62"]
[debug] &amp#27;[35m[WD Proxy]&amp#27;[39m Matched '/element/be5699d2-b23b-4ad0-b29d-0ab3c7a9a4f7/value' to command name 'setValue'
[debug] &amp#27;[35m[Protocol Converter]&amp#27;[39m Added 'value' property ["m","a","t","h","a","n",".","i","b","t","@","g","m","a","i","l",".","c","o","m"] to 'setValue' request body
[debug] &amp#27;[35m[WD Proxy]&amp#27;[39m Proxying [POST /element/be5699d2-b23b-4ad0-b29d-0ab3c7a9a4f7/value] to [POST http://127.0.0.1:8200/wd/hub/session/9a894636-8253-4a63-b19c-662c637409ff/element/be5699d2-b23b-4ad0-b29d-0ab3c7a9a4f7/value] with body: {"elementId":"be5699d2-b23b-4ad0-b29d-0ab3c7a9a4f7","text":"mathan.ibt@gmail.com","replace":false,"value":["m","a","t","h","a","n",".","i","b","t","@","g","m","a","i","l",".","c","o","m"]}
[debug] &amp#27;[35m[WD Proxy]&amp#27;[39m Got response with status 200: {"sessionId":"9a894636-8253-4a63-b19c-662c637409ff","value":null}
[debug] &amp#27;[35m[W3C (ebb62c54)]&amp#27;[39m Responding to client with driver.setValue() result: null
&amp#27;[35m[HTTP]&amp#27;[39m &amp#27;[37m<-- POST /wd/hub/session/ebb62c54-6b49-441c-b8af-5401626c3d62/element/be5699d2-b23b-4ad0-b29d-0ab3c7a9a4f7/value &amp#27;[39m&amp#27;[32m200&amp#27;[39m &amp#27;[90m618 ms - 14&amp#27;[39m
&amp#27;[35m[HTTP]&amp#27;[39m &amp#27;[90m&amp#27;[39m
&amp#27;[35m[HTTP]&amp#27;[39m &amp#27;[37m-->&amp#27;[39m &amp#27;[37mPOST&amp#27;[39m &amp#27;[37m/wd/hub/session/ebb62c54-6b49-441c-b8af-5401626c3d62/element&amp#27;[39m
&amp#27;[35m[HTTP]&amp#27;[39m &amp#27;[90m{"using":"accessibility id","value":"Password"}&amp#27;[39m
[debug] &amp#27;[35m[W3C (ebb62c54)]&amp#27;[39m Calling AppiumDriver.findElement() with args: ["accessibility id","Password","ebb62c54-6b49-441c-b8af-5401626c3d62"]
[debug] &amp#27;[35m[BaseDriver]&amp#27;[39m Valid locator strategies for this request: xpath, id, class name, accessibility id, -android uiautomator
[debug] &amp#27;[35m[BaseDriver]&amp#27;[39m Waiting up to 0 ms for condition
[debug] &amp#27;[35m[WD Proxy]&amp#27;[39m Matched '/element' to command name 'findElement'
[debug] &amp#27;[35m[WD Proxy]&amp#27;[39m Proxying [POST /element] to [POST http://127.0.0.1:8200/wd/hub/session/9a894636-8253-4a63-b19c-662c637409ff/element] with body: {"strategy":"accessibility id","selector":"Password","context":"","multiple":false}
[debug] &amp#27;[35m[WD Proxy]&amp#27;[39m Got response with status 200: {"sessionId":"9a894636-8253-4a63-b19c-662c637409ff","value":{"ELEMENT":"2bd41c6b-83fd-42d1-9220-bde877115438","element-6066-11e4-a52e-4f735466cecf":"2bd41c6b-83fd-42d1-9220-bde877115438"}}
[debug] &amp#27;[35m[W3C (ebb62c54)]&amp#27;[39m Responding to client with driver.findElement() result: {"element-6066-11e4-a52e-4f735466cecf":"2bd41c6b-83fd-42d1-9220-bde877115438","ELEMENT":"2bd41c6b-83fd-42d1-9220-bde877115438"}
&amp#27;[35m[HTTP]&amp#27;[39m &amp#27;[37m<-- POST /wd/hub/session/ebb62c54-6b49-441c-b8af-5401626c3d62/element &amp#27;[39m&amp#27;[32m200&amp#27;[39m &amp#27;[90m512 ms - 137&amp#27;[39m
&amp#27;[35m[HTTP]&amp#27;[39m &amp#27;[90m&amp#27;[39m
&amp#27;[35m[HTTP]&amp#27;[39m &amp#27;[37m-->&amp#27;[39m &amp#27;[37mPOST&amp#27;[39m &amp#27;[37m/wd/hub/session/ebb62c54-6b49-441c-b8af-5401626c3d62/element/2bd41c6b-83fd-42d1-9220-bde877115438/value&amp#27;[39m
&amp#27;[35m[HTTP]&amp#27;[39m &amp#27;[90m{"id":"2bd41c6b-83fd-42d1-9220-bde877115438","text":"SDETAppiumAssignment","value":["S","D","E","T","A","p","p","i","u","m","A","s","s","i","g","n","m","e","n","t"]}&amp#27;[39m
[debug] &amp#27;[35m[W3C (ebb62c54)]&amp#27;[39m Calling AppiumDriver.setValue() with args: [["S","D","E","T","A","p","p","i","u","m","A","s","s","i","g","n","m","e","n","t"],"2bd41c6b-83fd-42d1-9220-bde877115438","ebb62c54-6b49-441c-b8af-5401626c3d62"]
[debug] &amp#27;[35m[WD Proxy]&amp#27;[39m Matched '/element/2bd41c6b-83fd-42d1-9220-bde877115438/value' to command name 'setValue'
[debug] &amp#27;[35m[Protocol Converter]&amp#27;[39m Added 'value' property ["S","D","E","T","A","p","p","i","u","m","A","s","s","i","g","n","m","e","n","t"] to 'setValue' request body
[debug] &amp#27;[35m[WD Proxy]&amp#27;[39m Proxying [POST /element/2bd41c6b-83fd-42d1-9220-bde877115438/value] to [POST http://127.0.0.1:8200/wd/hub/session/9a894636-8253-4a63-b19c-662c637409ff/element/2bd41c6b-83fd-42d1-9220-bde877115438/value] with body: {"elementId":"2bd41c6b-83fd-42d1-9220-bde877115438","text":"SDETAppiumAssignment","replace":false,"value":["S","D","E","T","A","p","p","i","u","m","A","s","s","i","g","n","m","e","n","t"]}
[debug] &amp#27;[35m[WD Proxy]&amp#27;[39m Got response with status 200: {"sessionId":"9a894636-8253-4a63-b19c-662c637409ff","value":null}
[debug] &amp#27;[35m[W3C (ebb62c54)]&amp#27;[39m Responding to client with driver.setValue() result: null
&amp#27;[35m[HTTP]&amp#27;[39m &amp#27;[37m<-- POST /wd/hub/session/ebb62c54-6b49-441c-b8af-5401626c3d62/element/2bd41c6b-83fd-42d1-9220-bde877115438/value &amp#27;[39m&amp#27;[32m200&amp#27;[39m &amp#27;[90m682 ms - 14&amp#27;[39m
&amp#27;[35m[HTTP]&amp#27;[39m &amp#27;[90m&amp#27;[39m
&amp#27;[35m[HTTP]&amp#27;[39m &amp#27;[37m-->&amp#27;[39m &amp#27;[37mPOST&amp#27;[39m &amp#27;[37m/wd/hub/session/ebb62c54-6b49-441c-b8af-5401626c3d62/element&amp#27;[39m
&amp#27;[35m[HTTP]&amp#27;[39m &amp#27;[90m{"using":"xpath","value":"//android.widget.Button[@content-desc='Sign in']/android.widget.TextView"}&amp#27;[39m
[debug] &amp#27;[35m[W3C (ebb62c54)]&amp#27;[39m Calling AppiumDriver.findElement() with args: ["xpath","//android.widget.Button[@content-desc='Sign in']/android.widget.TextView","ebb62c54-6b49-441c-b8af-5401626c3d62"]
[debug] &amp#27;[35m[BaseDriver]&amp#27;[39m Valid locator strategies for this request: xpath, id, class name, accessibility id, -android uiautomator
[debug] &amp#27;[35m[BaseDriver]&amp#27;[39m Waiting up to 0 ms for condition
[debug] &amp#27;[35m[WD Proxy]&amp#27;[39m Matched '/element' to command name 'findElement'
[debug] &amp#27;[35m[WD Proxy]&amp#27;[39m Proxying [POST /element] to [POST http://127.0.0.1:8200/wd/hub/session/9a894636-8253-4a63-b19c-662c637409ff/element] with body: {"strategy":"xpath","selector":"//android.widget.Button[@content-desc='Sign in']/android.widget.TextView","context":"","multiple":false}
[debug] &amp#27;[35m[WD Proxy]&amp#27;[39m Got response with status 200: {"sessionId":"9a894636-8253-4a63-b19c-662c637409ff","value":{"ELEMENT":"eefe2769-821e-420d-bf75-a3cf4610f1c3","element-6066-11e4-a52e-4f735466cecf":"eefe2769-821e-420d-bf75-a3cf4610f1c3"}}
[debug] &amp#27;[35m[W3C (ebb62c54)]&amp#27;[39m Responding to client with driver.findElement() result: {"element-6066-11e4-a52e-4f735466cecf":"eefe2769-821e-420d-bf75-a3cf4610f1c3","ELEMENT":"eefe2769-821e-420d-bf75-a3cf4610f1c3"}
&amp#27;[35m[HTTP]&amp#27;[39m &amp#27;[37m<-- POST /wd/hub/session/ebb62c54-6b49-441c-b8af-5401626c3d62/element &amp#27;[39m&amp#27;[32m200&amp#27;[39m &amp#27;[90m981 ms - 137&amp#27;[39m
&amp#27;[35m[HTTP]&amp#27;[39m &amp#27;[90m&amp#27;[39m
&amp#27;[35m[HTTP]&amp#27;[39m &amp#27;[37m-->&amp#27;[39m &amp#27;[37mPOST&amp#27;[39m &amp#27;[37m/wd/hub/session/ebb62c54-6b49-441c-b8af-5401626c3d62/element/eefe2769-821e-420d-bf75-a3cf4610f1c3/click&amp#27;[39m
&amp#27;[35m[HTTP]&amp#27;[39m &amp#27;[90m{"id":"eefe2769-821e-420d-bf75-a3cf4610f1c3"}&amp#27;[39m
[debug] &amp#27;[35m[W3C (ebb62c54)]&amp#27;[39m Calling AppiumDriver.click() with args: ["eefe2769-821e-420d-bf75-a3cf4610f1c3","ebb62c54-6b49-441c-b8af-5401626c3d62"]
[debug] &amp#27;[35m[WD Proxy]&amp#27;[39m Matched '/element/eefe2769-821e-420d-bf75-a3cf4610f1c3/click' to command name 'click'
[debug] &amp#27;[35m[WD Proxy]&amp#27;[39m Proxying [POST /element/eefe2769-821e-420d-bf75-a3cf4610f1c3/click] to [POST http://127.0.0.1:8200/wd/hub/session/9a894636-8253-4a63-b19c-662c637409ff/element/eefe2769-821e-420d-bf75-a3cf4610f1c3/click] with body: {"element":"eefe2769-821e-420d-bf75-a3cf4610f1c3"}
[debug] &amp#27;[35m[WD Proxy]&amp#27;[39m Got response with status 200: {"sessionId":"9a894636-8253-4a63-b19c-662c637409ff","value":null}
[debug] &amp#27;[35m[W3C (ebb62c54)]&amp#27;[39m Responding to client with driver.click() result: null
&amp#27;[35m[HTTP]&amp#27;[39m &amp#27;[37m<-- POST /wd/hub/session/ebb62c54-6b49-441c-b8af-5401626c3d62/element/eefe2769-821e-420d-bf75-a3cf4610f1c3/click &amp#27;[39m&amp#27;[32m200&amp#27;[39m &amp#27;[90m69 ms - 14&amp#27;[39m
&amp#27;[35m[HTTP]&amp#27;[39m &amp#27;[90m&amp#27;[39m
&amp#27;[35m[HTTP]&amp#27;[39m &amp#27;[37m-->&amp#27;[39m &amp#27;[37mPOST&amp#27;[39m &amp#27;[37m/wd/hub/session/ebb62c54-6b49-441c-b8af-5401626c3d62/element&amp#27;[39m
&amp#27;[35m[HTTP]&amp#27;[39m &amp#27;[90m{"using":"-android uiautomator","value":"UiSelector().text(\"Join class\")"}&amp#27;[39m
[debug] &amp#27;[35m[W3C (ebb62c54)]&amp#27;[39m Calling AppiumDriver.findElement() with args: ["-android uiautomator","UiSelector().text(\"Join class\")","ebb62c54-6b49-441c-b8af-5401626c3d62"]
[debug] &amp#27;[35m[BaseDriver]&amp#27;[39m Valid locator strategies for this request: xpath, id, class name, accessibility id, -android uiautomator
[debug] &amp#27;[35m[BaseDriver]&amp#27;[39m Waiting up to 0 ms for condition
[debug] &amp#27;[35m[WD Proxy]&amp#27;[39m Matched '/element' to command name 'findElement'
[debug] &amp#27;[35m[WD Proxy]&amp#27;[39m Proxying [POST /element] to [POST http://127.0.0.1:8200/wd/hub/session/9a894636-8253-4a63-b19c-662c637409ff/element] with body: {"strategy":"-android uiautomator","selector":"UiSelector().text(\"Join class\")","context":"","multiple":false}
&amp#27;[35m[WD Proxy]&amp#27;[39m Got response with status 404: {"sessionId":"9a894636-8253-4a63-b19c-662c637409ff","value":{"error":"no such element","message":"An element could not be located on the page using the given search parameters","stacktrace":"io.appium.uiautomator2.common.exceptions.ElementNotFoundException: An element could not be located on the page using the given search parameters\n\tat io.appium.uiautomator2.handler.FindElement.safeHandle(FindElement.java:78)\n\tat io.appium.uiautomator2.handler.request.SafeRequestHandler.handle(SafeRequestHandler.java:38)\n\tat io.appium.uiautomator2.server.AppiumServlet.handleRequest(AppiumServlet.java:252)\n\tat io.appium.uiautomator2.server.AppiumServlet.handleHttpRequest(AppiumServlet.java:242)\n\tat io.appium.uiautomator2.http.ServerHandler.channelRead(ServerHandler.java:51)\n\tat io.netty.channel.AbstractChannelHandlerContext.invokeChannelRead(AbstractChannelHandlerContext.java:366)\n\tat io.netty.channel.AbstractChannelHandlerContext.invokeChannelRead(AbstractChannelHandlerContext.java:352)\n\tat io.netty.chann...
[debug] &amp#27;[35m[W3C]&amp#27;[39m Matched W3C error code 'no such element' to NoSuchElementError
[debug] &amp#27;[35m[W3C (ebb62c54)]&amp#27;[39m Encountered internal error running command: NoSuchElementError: An element could not be located on the page using the given search parameters.
[debug] &amp#27;[35m[W3C (ebb62c54)]&amp#27;[39m     at AndroidUiautomator2Driver.findElOrEls (C:\Users\MathanRajS\AppData\Roaming\npm\node_modules\appium\node_modules\appium-android-driver\lib\commands\find.js:75:11)
[debug] &amp#27;[35m[W3C (ebb62c54)]&amp#27;[39m     at AndroidUiautomator2Driver.findElOrElsWithProcessing (C:\Users\MathanRajS\AppData\Roaming\npm\node_modules\appium\node_modules\appium-base-driver\lib\basedriver\commands\find.js:33:12)
[debug] &amp#27;[35m[W3C (ebb62c54)]&amp#27;[39m     at AndroidUiautomator2Driver.findElement (C:\Users\MathanRajS\AppData\Roaming\npm\node_modules\appium\node_modules\appium-base-driver\lib\basedriver\commands\find.js:53:10)
&amp#27;[35m[HTTP]&amp#27;[39m &amp#27;[37m<-- POST /wd/hub/session/ebb62c54-6b49-441c-b8af-5401626c3d62/element &amp#27;[39m&amp#27;[33m404&amp#27;[39m &amp#27;[90m63 ms - 820&amp#27;[39m
&amp#27;[35m[HTTP]&amp#27;[39m &amp#27;[90m&amp#27;[39m
&amp#27;[35m[HTTP]&amp#27;[39m &amp#27;[37m-->&amp#27;[39m &amp#27;[37mPOST&amp#27;[39m &amp#27;[37m/wd/hub/session/ebb62c54-6b49-441c-b8af-5401626c3d62/element&amp#27;[39m
&amp#27;[35m[HTTP]&amp#27;[39m &amp#27;[90m{"using":"-android uiautomator","value":"UiSelector().text(\"Join class\")"}&amp#27;[39m
[debug] &amp#27;[35m[W3C (ebb62c54)]&amp#27;[39m Calling AppiumDriver.findElement() with args: ["-android uiautomator","UiSelector().text(\"Join class\")","ebb62c54-6b49-441c-b8af-5401626c3d62"]
[debug] &amp#27;[35m[BaseDriver]&amp#27;[39m Valid locator strategies for this request: xpath, id, class name, accessibility id, -android uiautomator
[debug] &amp#27;[35m[BaseDriver]&amp#27;[39m Waiting up to 0 ms for condition
[debug] &amp#27;[35m[WD Proxy]&amp#27;[39m Matched '/element' to command name 'findElement'
[debug] &amp#27;[35m[WD Proxy]&amp#27;[39m Proxying [POST /element] to [POST http://127.0.0.1:8200/wd/hub/session/9a894636-8253-4a63-b19c-662c637409ff/element] with body: {"strategy":"-android uiautomator","selector":"UiSelector().text(\"Join class\")","context":"","multiple":false}
&amp#27;[35m[WD Proxy]&amp#27;[39m Got response with status 404: {"sessionId":"9a894636-8253-4a63-b19c-662c637409ff","value":{"error":"no such element","message":"An element could not be located on the page using the given search parameters","stacktrace":"io.appium.uiautomator2.common.exceptions.ElementNotFoundException: An element could not be located on the page using the given search parameters\n\tat io.appium.uiautomator2.handler.FindElement.safeHandle(FindElement.java:78)\n\tat io.appium.uiautomator2.handler.request.SafeRequestHandler.handle(SafeRequestHandler.java:38)\n\tat io.appium.uiautomator2.server.AppiumServlet.handleRequest(AppiumServlet.java:252)\n\tat io.appium.uiautomator2.server.AppiumServlet.handleHttpRequest(AppiumServlet.java:242)\n\tat io.appium.uiautomator2.http.ServerHandler.channelRead(ServerHandler.java:51)\n\tat io.netty.channel.AbstractChannelHandlerContext.invokeChannelRead(AbstractChannelHandlerContext.java:366)\n\tat io.netty.channel.AbstractChannelHandlerContext.invokeChannelRead(AbstractChannelHandlerContext.java:352)\n\tat io.netty.chann...
[debug] &amp#27;[35m[W3C]&amp#27;[39m Matched W3C error code 'no such element' to NoSuchElementError
[debug] &amp#27;[35m[W3C (ebb62c54)]&amp#27;[39m Encountered internal error running command: NoSuchElementError: An element could not be located on the page using the given search parameters.
[debug] &amp#27;[35m[W3C (ebb62c54)]&amp#27;[39m     at AndroidUiautomator2Driver.findElOrEls (C:\Users\MathanRajS\AppData\Roaming\npm\node_modules\appium\node_modules\appium-android-driver\lib\commands\find.js:75:11)
[debug] &amp#27;[35m[W3C (ebb62c54)]&amp#27;[39m     at AndroidUiautomator2Driver.findElOrElsWithProcessing (C:\Users\MathanRajS\AppData\Roaming\npm\node_modules\appium\node_modules\appium-base-driver\lib\basedriver\commands\find.js:33:12)
[debug] &amp#27;[35m[W3C (ebb62c54)]&amp#27;[39m     at AndroidUiautomator2Driver.findElement (C:\Users\MathanRajS\AppData\Roaming\npm\node_modules\appium\node_modules\appium-base-driver\lib\basedriver\commands\find.js:53:10)
&amp#27;[35m[HTTP]&amp#27;[39m &amp#27;[37m<-- POST /wd/hub/session/ebb62c54-6b49-441c-b8af-5401626c3d62/element &amp#27;[39m&amp#27;[33m404&amp#27;[39m &amp#27;[90m704 ms - 820&amp#27;[39m
&amp#27;[35m[HTTP]&amp#27;[39m &amp#27;[90m&amp#27;[39m
&amp#27;[35m[HTTP]&amp#27;[39m &amp#27;[37m-->&amp#27;[39m &amp#27;[37mPOST&amp#27;[39m &amp#27;[37m/wd/hub/session/ebb62c54-6b49-441c-b8af-5401626c3d62/element&amp#27;[39m
&amp#27;[35m[HTTP]&amp#27;[39m &amp#27;[90m{"using":"-android uiautomator","value":"UiSelector().text(\"Join class\")"}&amp#27;[39m
[debug] &amp#27;[35m[W3C (ebb62c54)]&amp#27;[39m Calling AppiumDriver.findElement() with args: ["-android uiautomator","UiSelector().text(\"Join class\")","ebb62c54-6b49-441c-b8af-5401626c3d62"]
[debug] &amp#27;[35m[BaseDriver]&amp#27;[39m Valid locator strategies for this request: xpath, id, class name, accessibility id, -android uiautomator
[debug] &amp#27;[35m[BaseDriver]&amp#27;[39m Waiting up to 0 ms for condition
[debug] &amp#27;[35m[WD Proxy]&amp#27;[39m Matched '/element' to command name 'findElement'
[debug] &amp#27;[35m[WD Proxy]&amp#27;[39m Proxying [POST /element] to [POST http://127.0.0.1:8200/wd/hub/session/9a894636-8253-4a63-b19c-662c637409ff/element] with body: {"strategy":"-android uiautomator","selector":"UiSelector().text(\"Join class\")","context":"","multiple":false}
&amp#27;[35m[WD Proxy]&amp#27;[39m Got response with status 404: {"sessionId":"9a894636-8253-4a63-b19c-662c637409ff","value":{"error":"no such element","message":"An element could not be located on the page using the given search parameters","stacktrace":"io.appium.uiautomator2.common.exceptions.ElementNotFoundException: An element could not be located on the page using the given search parameters\n\tat io.appium.uiautomator2.handler.FindElement.safeHandle(FindElement.java:78)\n\tat io.appium.uiautomator2.handler.request.SafeRequestHandler.handle(SafeRequestHandler.java:38)\n\tat io.appium.uiautomator2.server.AppiumServlet.handleRequest(AppiumServlet.java:252)\n\tat io.appium.uiautomator2.server.AppiumServlet.handleHttpRequest(AppiumServlet.java:242)\n\tat io.appium.uiautomator2.http.ServerHandler.channelRead(ServerHandler.java:51)\n\tat io.netty.channel.AbstractChannelHandlerContext.invokeChannelRead(AbstractChannelHandlerContext.java:366)\n\tat io.netty.channel.AbstractChannelHandlerContext.invokeChannelRead(AbstractChannelHandlerContext.java:352)\n\tat io.netty.chann...
[debug] &amp#27;[35m[W3C]&amp#27;[39m Matched W3C error code 'no such element' to NoSuchElementError
[debug] &amp#27;[35m[W3C (ebb62c54)]&amp#27;[39m Encountered internal error running command: NoSuchElementError: An element could not be located on the page using the given search parameters.
[debug] &amp#27;[35m[W3C (ebb62c54)]&amp#27;[39m     at AndroidUiautomator2Driver.findElOrEls (C:\Users\MathanRajS\AppData\Roaming\npm\node_modules\appium\node_modules\appium-android-driver\lib\commands\find.js:75:11)
[debug] &amp#27;[35m[W3C (ebb62c54)]&amp#27;[39m     at AndroidUiautomator2Driver.findElOrElsWithProcessing (C:\Users\MathanRajS\AppData\Roaming\npm\node_modules\appium\node_modules\appium-base-driver\lib\basedriver\commands\find.js:33:12)
[debug] &amp#27;[35m[W3C (ebb62c54)]&amp#27;[39m     at AndroidUiautomator2Driver.findElement (C:\Users\MathanRajS\AppData\Roaming\npm\node_modules\appium\node_modules\appium-base-driver\lib\basedriver\commands\find.js:53:10)
&amp#27;[35m[HTTP]&amp#27;[39m &amp#27;[37m<-- POST /wd/hub/session/ebb62c54-6b49-441c-b8af-5401626c3d62/element &amp#27;[39m&amp#27;[33m404&amp#27;[39m &amp#27;[90m88 ms - 820&amp#27;[39m
&amp#27;[35m[HTTP]&amp#27;[39m &amp#27;[90m&amp#27;[39m
&amp#27;[35m[HTTP]&amp#27;[39m &amp#27;[37m-->&amp#27;[39m &amp#27;[37mPOST&amp#27;[39m &amp#27;[37m/wd/hub/session/ebb62c54-6b49-441c-b8af-5401626c3d62/element&amp#27;[39m
&amp#27;[35m[HTTP]&amp#27;[39m &amp#27;[90m{"using":"-android uiautomator","value":"UiSelector().text(\"Join class\")"}&amp#27;[39m
[debug] &amp#27;[35m[W3C (ebb62c54)]&amp#27;[39m Calling AppiumDriver.findElement() with args: ["-android uiautomator","UiSelector().text(\"Join class\")","ebb62c54-6b49-441c-b8af-5401626c3d62"]
[debug] &amp#27;[35m[BaseDriver]&amp#27;[39m Valid locator strategies for this request: xpath, id, class name, accessibility id, -android uiautomator
[debug] &amp#27;[35m[BaseDriver]&amp#27;[39m Waiting up to 0 ms for condition
[debug] &amp#27;[35m[WD Proxy]&amp#27;[39m Matched '/element' to command name 'findElement'
[debug] &amp#27;[35m[WD Proxy]&amp#27;[39m Proxying [POST /element] to [POST http://127.0.0.1:8200/wd/hub/session/9a894636-8253-4a63-b19c-662c637409ff/element] with body: {"strategy":"-android uiautomator","selector":"UiSelector().text(\"Join class\")","context":"","multiple":false}
&amp#27;[35m[WD Proxy]&amp#27;[39m Got response with status 404: {"sessionId":"9a894636-8253-4a63-b19c-662c637409ff","value":{"error":"no such element","message":"An element could not be located on the page using the given search parameters","stacktrace":"io.appium.uiautomator2.common.exceptions.ElementNotFoundException: An element could not be located on the page using the given search parameters\n\tat io.appium.uiautomator2.handler.FindElement.safeHandle(FindElement.java:78)\n\tat io.appium.uiautomator2.handler.request.SafeRequestHandler.handle(SafeRequestHandler.java:38)\n\tat io.appium.uiautomator2.server.AppiumServlet.handleRequest(AppiumServlet.java:252)\n\tat io.appium.uiautomator2.server.AppiumServlet.handleHttpRequest(AppiumServlet.java:242)\n\tat io.appium.uiautomator2.http.ServerHandler.channelRead(ServerHandler.java:51)\n\tat io.netty.channel.AbstractChannelHandlerContext.invokeChannelRead(AbstractChannelHandlerContext.java:366)\n\tat io.netty.channel.AbstractChannelHandlerContext.invokeChannelRead(AbstractChannelHandlerContext.java:352)\n\tat io.netty.chann...
[debug] &amp#27;[35m[W3C]&amp#27;[39m Matched W3C error code 'no such element' to NoSuchElementError
[debug] &amp#27;[35m[W3C (ebb62c54)]&amp#27;[39m Encountered internal error running command: NoSuchElementError: An element could not be located on the page using the given search parameters.
[debug] &amp#27;[35m[W3C (ebb62c54)]&amp#27;[39m     at AndroidUiautomator2Driver.findElOrEls (C:\Users\MathanRajS\AppData\Roaming\npm\node_modules\appium\node_modules\appium-android-driver\lib\commands\find.js:75:11)
[debug] &amp#27;[35m[W3C (ebb62c54)]&amp#27;[39m     at AndroidUiautomator2Driver.findElOrElsWithProcessing (C:\Users\MathanRajS\AppData\Roaming\npm\node_modules\appium\node_modules\appium-base-driver\lib\basedriver\commands\find.js:33:12)
[debug] &amp#27;[35m[W3C (ebb62c54)]&amp#27;[39m     at AndroidUiautomator2Driver.findElement (C:\Users\MathanRajS\AppData\Roaming\npm\node_modules\appium\node_modules\appium-base-driver\lib\basedriver\commands\find.js:53:10)
&amp#27;[35m[HTTP]&amp#27;[39m &amp#27;[37m<-- POST /wd/hub/session/ebb62c54-6b49-441c-b8af-5401626c3d62/element &amp#27;[39m&amp#27;[33m404&amp#27;[39m &amp#27;[90m131 ms - 820&amp#27;[39m
&amp#27;[35m[HTTP]&amp#27;[39m &amp#27;[90m&amp#27;[39m
&amp#27;[35m[HTTP]&amp#27;[39m &amp#27;[37m-->&amp#27;[39m &amp#27;[37mPOST&amp#27;[39m &amp#27;[37m/wd/hub/session/ebb62c54-6b49-441c-b8af-5401626c3d62/element&amp#27;[39m
&amp#27;[35m[HTTP]&amp#27;[39m &amp#27;[90m{"using":"-android uiautomator","value":"UiSelector().text(\"Join class\")"}&amp#27;[39m
[debug] &amp#27;[35m[W3C (ebb62c54)]&amp#27;[39m Calling AppiumDriver.findElement() with args: ["-android uiautomator","UiSelector().text(\"Join class\")","ebb62c54-6b49-441c-b8af-5401626c3d62"]
[debug] &amp#27;[35m[BaseDriver]&amp#27;[39m Valid locator strategies for this request: xpath, id, class name, accessibility id, -android uiautomator
[debug] &amp#27;[35m[BaseDriver]&amp#27;[39m Waiting up to 0 ms for condition
[debug] &amp#27;[35m[WD Proxy]&amp#27;[39m Matched '/element' to command name 'findElement'
[debug] &amp#27;[35m[WD Proxy]&amp#27;[39m Proxying [POST /element] to [POST http://127.0.0.1:8200/wd/hub/session/9a894636-8253-4a63-b19c-662c637409ff/element] with body: {"strategy":"-android uiautomator","selector":"UiSelector().text(\"Join class\")","context":"","multiple":false}
[debug] &amp#27;[35m[WD Proxy]&amp#27;[39m Got response with status 200: {"sessionId":"9a894636-8253-4a63-b19c-662c637409ff","value":{"ELEMENT":"fe6e2223-aa63-4b67-9a03-45ec444a00e3","element-6066-11e4-a52e-4f735466cecf":"fe6e2223-aa63-4b67-9a03-45ec444a00e3"}}
[debug] &amp#27;[35m[W3C (ebb62c54)]&amp#27;[39m Responding to client with driver.findElement() result: {"element-6066-11e4-a52e-4f735466cecf":"fe6e2223-aa63-4b67-9a03-45ec444a00e3","ELEMENT":"fe6e2223-aa63-4b67-9a03-45ec444a00e3"}
&amp#27;[35m[HTTP]&amp#27;[39m &amp#27;[37m<-- POST /wd/hub/session/ebb62c54-6b49-441c-b8af-5401626c3d62/element &amp#27;[39m&amp#27;[32m200&amp#27;[39m &amp#27;[90m4225 ms - 137&amp#27;[39m
&amp#27;[35m[HTTP]&amp#27;[39m &amp#27;[90m&amp#27;[39m
&amp#27;[35m[HTTP]&amp#27;[39m &amp#27;[37m-->&amp#27;[39m &amp#27;[37mGET&amp#27;[39m &amp#27;[37m/wd/hub/session/ebb62c54-6b49-441c-b8af-5401626c3d62/element/fe6e2223-aa63-4b67-9a03-45ec444a00e3/displayed&amp#27;[39m
&amp#27;[35m[HTTP]&amp#27;[39m &amp#27;[90m{}&amp#27;[39m
[debug] &amp#27;[35m[W3C (ebb62c54)]&amp#27;[39m Calling AppiumDriver.elementDisplayed() with args: ["fe6e2223-aa63-4b67-9a03-45ec444a00e3","ebb62c54-6b49-441c-b8af-5401626c3d62"]
[debug] &amp#27;[35m[WD Proxy]&amp#27;[39m Matched '/element/fe6e2223-aa63-4b67-9a03-45ec444a00e3/attribute/displayed' to command name 'getAttribute'
[debug] &amp#27;[35m[WD Proxy]&amp#27;[39m Proxying [GET /element/fe6e2223-aa63-4b67-9a03-45ec444a00e3/attribute/displayed] to [GET http://127.0.0.1:8200/wd/hub/session/9a894636-8253-4a63-b19c-662c637409ff/element/fe6e2223-aa63-4b67-9a03-45ec444a00e3/attribute/displayed] with body: {}
[debug] &amp#27;[35m[WD Proxy]&amp#27;[39m Got response with status 200: {"sessionId":"9a894636-8253-4a63-b19c-662c637409ff","value":"true"}
[debug] &amp#27;[35m[W3C (ebb62c54)]&amp#27;[39m Responding to client with driver.elementDisplayed() result: true
&amp#27;[35m[HTTP]&amp#27;[39m &amp#27;[37m<-- GET /wd/hub/session/ebb62c54-6b49-441c-b8af-5401626c3d62/element/fe6e2223-aa63-4b67-9a03-45ec444a00e3/displayed &amp#27;[39m&amp#27;[32m200&amp#27;[39m &amp#27;[90m196 ms - 14&amp#27;[39m
&amp#27;[35m[HTTP]&amp#27;[39m &amp#27;[90m&amp#27;[39m
&amp#27;[35m[HTTP]&amp#27;[39m &amp#27;[37m-->&amp#27;[39m &amp#27;[37mPOST&amp#27;[39m &amp#27;[37m/wd/hub/session/ebb62c54-6b49-441c-b8af-5401626c3d62/elements&amp#27;[39m
&amp#27;[35m[HTTP]&amp#27;[39m &amp#27;[90m{"using":"xpath","value":"//*[@class='android.widget.TextView']"}&amp#27;[39m
[debug] &amp#27;[35m[W3C (ebb62c54)]&amp#27;[39m Calling AppiumDriver.findElements() with args: ["xpath","//*[@class='android.widget.TextView']","ebb62c54-6b49-441c-b8af-5401626c3d62"]
[debug] &amp#27;[35m[BaseDriver]&amp#27;[39m Valid locator strategies for this request: xpath, id, class name, accessibility id, -android uiautomator
[debug] &amp#27;[35m[BaseDriver]&amp#27;[39m Waiting up to 0 ms for condition
[debug] &amp#27;[35m[WD Proxy]&amp#27;[39m Matched '/elements' to command name 'findElements'
[debug] &amp#27;[35m[WD Proxy]&amp#27;[39m Proxying [POST /elements] to [POST http://127.0.0.1:8200/wd/hub/session/9a894636-8253-4a63-b19c-662c637409ff/elements] with body: {"strategy":"xpath","selector":"//*[@class='android.widget.TextView']","context":"","multiple":true}
[debug] &amp#27;[35m[WD Proxy]&amp#27;[39m Got response with status 200: {"sessionId":"9a894636-8253-4a63-b19c-662c637409ff","value":[{"ELEMENT":"0e373feb-a079-436b-bd8a-b2548cc2a024","element-6066-11e4-a52e-4f735466cecf":"0e373feb-a079-436b-bd8a-b2548cc2a024"},{"ELEMENT":"a5d4f29d-06ca-4146-8520-5f12a082efa1","element-6066-11e4-a52e-4f735466cecf":"a5d4f29d-06ca-4146-8520-5f12a082efa1"},{"ELEMENT":"129535e9-f8e8-4903-8834-146791aa2deb","element-6066-11e4-a52e-4f735466cecf":"129535e9-f8e8-4903-8834-146791aa2deb"},{"ELEMENT":"bfa18527-ce55-4a25-a9c1-85efca1b3673","element-6066-11e4-a52e-4f735466cecf":"bfa18527-ce55-4a25-a9c1-85efca1b3673"},{"ELEMENT":"4950d934-b61c-4910-bc63-3901aee1ef2d","element-6066-11e4-a52e-4f735466cecf":"4950d934-b61c-4910-bc63-3901aee1ef2d"},{"ELEMENT":"41531532-9462-4376-bc65-950e222b0fdb","element-6066-11e4-a52e-4f735466cecf":"41531532-9462-4376-bc65-950e222b0fdb"}]}
[debug] &amp#27;[35m[W3C (ebb62c54)]&amp#27;[39m Responding to client with driver.findElements() result: [{"element-6066-11e4-a52e-4f735466cecf":"0e373feb-a079-436b-bd8a-b2548cc2a024","ELEMENT":"0e373feb-a079-436b-bd8a-b2548cc2a024"},{"element-6066-11e4-a52e-4f735466cecf":"a5d4f29d-06ca-4146-8520-5f12a082efa1","ELEMENT":"a5d4f29d-06ca-4146-8520-5f12a082efa1"},{"element-6066-11e4-a52e-4f735466cecf":"129535e9-f8e8-4903-8834-146791aa2deb","ELEMENT":"129535e9-f8e8-4903-8834-146791aa2deb"},{"element-6066-11e4-a52e-4f735466cecf":"bfa18527-ce55-4a25-a9c1-85efca1b3673","ELEMENT":"bfa18527-ce55-4a25-a9c1-85efca1b3673"},{"element-6066-11e4-a52e-4f735466cecf":"4950d934-b61c-4910-bc63-3901aee1ef2d","ELEMENT":"4950d934-b61c-4910-bc63-3901aee1ef2d"},{"element-6066-11e4-a52e-4f735466cecf":"41531532-9462-4376-bc65-950e222b0fdb","ELEMENT":"41531532-9462-4376-bc65-950e222b0fdb"}]
&amp#27;[35m[HTTP]&amp#27;[39m &amp#27;[37m<-- POST /wd/hub/session/ebb62c54-6b49-441c-b8af-5401626c3d62/elements &amp#27;[39m&amp#27;[32m200&amp#27;[39m &amp#27;[90m339 ms - 779&amp#27;[39m
&amp#27;[35m[HTTP]&amp#27;[39m &amp#27;[90m&amp#27;[39m
&amp#27;[35m[HTTP]&amp#27;[39m &amp#27;[37m-->&amp#27;[39m &amp#27;[37mGET&amp#27;[39m &amp#27;[37m/wd/hub/session/ebb62c54-6b49-441c-b8af-5401626c3d62/element/bfa18527-ce55-4a25-a9c1-85efca1b3673/text&amp#27;[39m
&amp#27;[35m[HTTP]&amp#27;[39m &amp#27;[90m{}&amp#27;[39m
&amp#27;[35m[W3C (ebb62c54)]&amp#27;[39m Driver proxy active, passing request on via HTTP proxy
[debug] &amp#27;[35m[WD Proxy]&amp#27;[39m Matched '/wd/hub/session/ebb62c54-6b49-441c-b8af-5401626c3d62/element/bfa18527-ce55-4a25-a9c1-85efca1b3673/text' to command name 'getText'
[debug] &amp#27;[35m[WD Proxy]&amp#27;[39m Proxying [GET /wd/hub/session/ebb62c54-6b49-441c-b8af-5401626c3d62/element/bfa18527-ce55-4a25-a9c1-85efca1b3673/text] to [GET http://127.0.0.1:8200/wd/hub/session/9a894636-8253-4a63-b19c-662c637409ff/element/bfa18527-ce55-4a25-a9c1-85efca1b3673/text] with body: {}
[debug] &amp#27;[35m[WD Proxy]&amp#27;[39m Got response with status 200: {"sessionId":"9a894636-8253-4a63-b19c-662c637409ff","value":"Join class"}
&amp#27;[35m[WD Proxy]&amp#27;[39m Replacing sessionId 9a894636-8253-4a63-b19c-662c637409ff with ebb62c54-6b49-441c-b8af-5401626c3d62
&amp#27;[35m[HTTP]&amp#27;[39m &amp#27;[37m<-- GET /wd/hub/session/ebb62c54-6b49-441c-b8af-5401626c3d62/element/bfa18527-ce55-4a25-a9c1-85efca1b3673/text &amp#27;[39m&amp#27;[32m200&amp#27;[39m &amp#27;[90m26 ms - 73&amp#27;[39m
&amp#27;[35m[HTTP]&amp#27;[39m &amp#27;[90m&amp#27;[39m
]]></system-out>
    <system-err><![CDATA[SLF4J: Failed to load class "org.slf4j.impl.StaticLoggerBinder".
SLF4J: Defaulting to no-operation (NOP) logger implementation
SLF4J: See http://www.slf4j.org/codes.html#StaticLoggerBinder for further details.
Jan 10, 2021 2:54:55 AM io.appium.java_client.remote.AppiumCommandExecutor$1 lambda$0
INFO: Detected dialect: W3C
]]></system-err>
  </testcase>
  <testcase name="TC_002" classname="SDETAssignment.KhanAcademy.TC_01" time="14.041">
    <system-out><![CDATA[&amp#27;[35m[HTTP]&amp#27;[39m &amp#27;[37m-->&amp#27;[39m &amp#27;[37mPOST&amp#27;[39m &amp#27;[37m/wd/hub/session/ebb62c54-6b49-441c-b8af-5401626c3d62/element&amp#27;[39m
&amp#27;[35m[HTTP]&amp#27;[39m &amp#27;[90m{"using":"-android uiautomator","value":"UiSelector().text(\"Join class\")"}&amp#27;[39m
[debug] &amp#27;[35m[W3C (ebb62c54)]&amp#27;[39m Calling AppiumDriver.findElement() with args: ["-android uiautomator","UiSelector().text(\"Join class\")","ebb62c54-6b49-441c-b8af-5401626c3d62"]
[debug] &amp#27;[35m[BaseDriver]&amp#27;[39m Valid locator strategies for this request: xpath, id, class name, accessibility id, -android uiautomator
[debug] &amp#27;[35m[BaseDriver]&amp#27;[39m Waiting up to 0 ms for condition
[debug] &amp#27;[35m[WD Proxy]&amp#27;[39m Matched '/element' to command name 'findElement'
[debug] &amp#27;[35m[WD Proxy]&amp#27;[39m Proxying [POST /element] to [POST http://127.0.0.1:8200/wd/hub/session/9a894636-8253-4a63-b19c-662c637409ff/element] with body: {"strategy":"-android uiautomator","selector":"UiSelector().text(\"Join class\")","context":"","multiple":false}
[debug] &amp#27;[35m[WD Proxy]&amp#27;[39m Got response with status 200: {"sessionId":"9a894636-8253-4a63-b19c-662c637409ff","value":{"ELEMENT":"39995958-ab15-4e60-8a61-c5b0683ddc21","element-6066-11e4-a52e-4f735466cecf":"39995958-ab15-4e60-8a61-c5b0683ddc21"}}
[debug] &amp#27;[35m[W3C (ebb62c54)]&amp#27;[39m Responding to client with driver.findElement() result: {"element-6066-11e4-a52e-4f735466cecf":"39995958-ab15-4e60-8a61-c5b0683ddc21","ELEMENT":"39995958-ab15-4e60-8a61-c5b0683ddc21"}
&amp#27;[35m[HTTP]&amp#27;[39m &amp#27;[37m<-- POST /wd/hub/session/ebb62c54-6b49-441c-b8af-5401626c3d62/element &amp#27;[39m&amp#27;[32m200&amp#27;[39m &amp#27;[90m66 ms - 137&amp#27;[39m
&amp#27;[35m[HTTP]&amp#27;[39m &amp#27;[90m&amp#27;[39m
&amp#27;[35m[HTTP]&amp#27;[39m &amp#27;[37m-->&amp#27;[39m &amp#27;[37mPOST&amp#27;[39m &amp#27;[37m/wd/hub/session/ebb62c54-6b49-441c-b8af-5401626c3d62/element/39995958-ab15-4e60-8a61-c5b0683ddc21/click&amp#27;[39m
&amp#27;[35m[HTTP]&amp#27;[39m &amp#27;[90m{"id":"39995958-ab15-4e60-8a61-c5b0683ddc21"}&amp#27;[39m
[debug] &amp#27;[35m[W3C (ebb62c54)]&amp#27;[39m Calling AppiumDriver.click() with args: ["39995958-ab15-4e60-8a61-c5b0683ddc21","ebb62c54-6b49-441c-b8af-5401626c3d62"]
[debug] &amp#27;[35m[WD Proxy]&amp#27;[39m Matched '/element/39995958-ab15-4e60-8a61-c5b0683ddc21/click' to command name 'click'
[debug] &amp#27;[35m[WD Proxy]&amp#27;[39m Proxying [POST /element/39995958-ab15-4e60-8a61-c5b0683ddc21/click] to [POST http://127.0.0.1:8200/wd/hub/session/9a894636-8253-4a63-b19c-662c637409ff/element/39995958-ab15-4e60-8a61-c5b0683ddc21/click] with body: {"element":"39995958-ab15-4e60-8a61-c5b0683ddc21"}
[debug] &amp#27;[35m[WD Proxy]&amp#27;[39m Got response with status 200: {"sessionId":"9a894636-8253-4a63-b19c-662c637409ff","value":null}
[debug] &amp#27;[35m[W3C (ebb62c54)]&amp#27;[39m Responding to client with driver.click() result: null
&amp#27;[35m[HTTP]&amp#27;[39m &amp#27;[37m<-- POST /wd/hub/session/ebb62c54-6b49-441c-b8af-5401626c3d62/element/39995958-ab15-4e60-8a61-c5b0683ddc21/click &amp#27;[39m&amp#27;[32m200&amp#27;[39m &amp#27;[90m1439 ms - 14&amp#27;[39m
&amp#27;[35m[HTTP]&amp#27;[39m &amp#27;[90m&amp#27;[39m
&amp#27;[35m[HTTP]&amp#27;[39m &amp#27;[37m-->&amp#27;[39m &amp#27;[37mPOST&amp#27;[39m &amp#27;[37m/wd/hub/session/ebb62c54-6b49-441c-b8af-5401626c3d62/element&amp#27;[39m
&amp#27;[35m[HTTP]&amp#27;[39m &amp#27;[90m{"using":"accessibility id","value":"e.g. ABC123 or teacher@example.com"}&amp#27;[39m
[debug] &amp#27;[35m[W3C (ebb62c54)]&amp#27;[39m Calling AppiumDriver.findElement() with args: ["accessibility id","e.g. ABC123 or teacher@example.com","ebb62c54-6b49-441c-b8af-5401626c3d62"]
[debug] &amp#27;[35m[BaseDriver]&amp#27;[39m Valid locator strategies for this request: xpath, id, class name, accessibility id, -android uiautomator
[debug] &amp#27;[35m[BaseDriver]&amp#27;[39m Waiting up to 0 ms for condition
[debug] &amp#27;[35m[WD Proxy]&amp#27;[39m Matched '/element' to command name 'findElement'
[debug] &amp#27;[35m[WD Proxy]&amp#27;[39m Proxying [POST /element] to [POST http://127.0.0.1:8200/wd/hub/session/9a894636-8253-4a63-b19c-662c637409ff/element] with body: {"strategy":"accessibility id","selector":"e.g. ABC123 or teacher@example.com","context":"","multiple":false}
[debug] &amp#27;[35m[WD Proxy]&amp#27;[39m Got response with status 200: {"sessionId":"9a894636-8253-4a63-b19c-662c637409ff","value":{"ELEMENT":"936dd382-d500-404a-80ee-9f61042d0bc5","element-6066-11e4-a52e-4f735466cecf":"936dd382-d500-404a-80ee-9f61042d0bc5"}}
[debug] &amp#27;[35m[W3C (ebb62c54)]&amp#27;[39m Responding to client with driver.findElement() result: {"element-6066-11e4-a52e-4f735466cecf":"936dd382-d500-404a-80ee-9f61042d0bc5","ELEMENT":"936dd382-d500-404a-80ee-9f61042d0bc5"}
&amp#27;[35m[HTTP]&amp#27;[39m &amp#27;[37m<-- POST /wd/hub/session/ebb62c54-6b49-441c-b8af-5401626c3d62/element &amp#27;[39m&amp#27;[32m200&amp#27;[39m &amp#27;[90m128 ms - 137&amp#27;[39m
&amp#27;[35m[HTTP]&amp#27;[39m &amp#27;[90m&amp#27;[39m
&amp#27;[35m[HTTP]&amp#27;[39m &amp#27;[37m-->&amp#27;[39m &amp#27;[37mPOST&amp#27;[39m &amp#27;[37m/wd/hub/session/ebb62c54-6b49-441c-b8af-5401626c3d62/element/936dd382-d500-404a-80ee-9f61042d0bc5/value&amp#27;[39m
&amp#27;[35m[HTTP]&amp#27;[39m &amp#27;[90m{"id":"936dd382-d500-404a-80ee-9f61042d0bc5","text":"a1b2c3@gmail.com","value":["a","1","b","2","c","3","@","g","m","a","i","l",".","c","o","m"]}&amp#27;[39m
[debug] &amp#27;[35m[W3C (ebb62c54)]&amp#27;[39m Calling AppiumDriver.setValue() with args: [["a","1","b","2","c","3","@","g","m","a","i","l",".","c","o","m"],"936dd382-d500-404a-80ee-9f61042d0bc5","ebb62c54-6b49-441c-b8af-5401626c3d62"]
[debug] &amp#27;[35m[WD Proxy]&amp#27;[39m Matched '/element/936dd382-d500-404a-80ee-9f61042d0bc5/value' to command name 'setValue'
[debug] &amp#27;[35m[Protocol Converter]&amp#27;[39m Added 'value' property ["a","1","b","2","c","3","@","g","m","a","i","l",".","c","o","m"] to 'setValue' request body
[debug] &amp#27;[35m[WD Proxy]&amp#27;[39m Proxying [POST /element/936dd382-d500-404a-80ee-9f61042d0bc5/value] to [POST http://127.0.0.1:8200/wd/hub/session/9a894636-8253-4a63-b19c-662c637409ff/element/936dd382-d500-404a-80ee-9f61042d0bc5/value] with body: {"elementId":"936dd382-d500-404a-80ee-9f61042d0bc5","text":"a1b2c3@gmail.com","replace":false,"value":["a","1","b","2","c","3","@","g","m","a","i","l",".","c","o","m"]}
[debug] &amp#27;[35m[WD Proxy]&amp#27;[39m Got response with status 200: {"sessionId":"9a894636-8253-4a63-b19c-662c637409ff","value":null}
[debug] &amp#27;[35m[W3C (ebb62c54)]&amp#27;[39m Responding to client with driver.setValue() result: null
&amp#27;[35m[HTTP]&amp#27;[39m &amp#27;[37m<-- POST /wd/hub/session/ebb62c54-6b49-441c-b8af-5401626c3d62/element/936dd382-d500-404a-80ee-9f61042d0bc5/value &amp#27;[39m&amp#27;[32m200&amp#27;[39m &amp#27;[90m1596 ms - 14&amp#27;[39m
&amp#27;[35m[HTTP]&amp#27;[39m &amp#27;[90m&amp#27;[39m
&amp#27;[35m[HTTP]&amp#27;[39m &amp#27;[37m-->&amp#27;[39m &amp#27;[37mPOST&amp#27;[39m &amp#27;[37m/wd/hub/session/ebb62c54-6b49-441c-b8af-5401626c3d62/appium/device/hide_keyboard&amp#27;[39m
&amp#27;[35m[HTTP]&amp#27;[39m &amp#27;[90m{}&amp#27;[39m
[debug] &amp#27;[35m[W3C (ebb62c54)]&amp#27;[39m Calling AppiumDriver.hideKeyboard() with args: [null,null,null,null,"ebb62c54-6b49-441c-b8af-5401626c3d62"]
[debug] &amp#27;[35m[ADB]&amp#27;[39m Running 'C:\Users\MathanRajS\AppData\Local\Android\Sdk\platform-tools\adb.exe -P 5037 -s emulator-5554 shell dumpsys input_method'
[debug] &amp#27;[35m[ADB]&amp#27;[39m Running 'C:\Users\MathanRajS\AppData\Local\Android\Sdk\platform-tools\adb.exe -P 5037 -s emulator-5554 shell input keyevent 111'
[debug] &amp#27;[35m[ADB]&amp#27;[39m Running 'C:\Users\MathanRajS\AppData\Local\Android\Sdk\platform-tools\adb.exe -P 5037 -s emulator-5554 shell dumpsys input_method'
[debug] &amp#27;[35m[W3C (ebb62c54)]&amp#27;[39m Responding to client with driver.hideKeyboard() result: true
&amp#27;[35m[HTTP]&amp#27;[39m &amp#27;[37m<-- POST /wd/hub/session/ebb62c54-6b49-441c-b8af-5401626c3d62/appium/device/hide_keyboard &amp#27;[39m&amp#27;[32m200&amp#27;[39m &amp#27;[90m4344 ms - 14&amp#27;[39m
&amp#27;[35m[HTTP]&amp#27;[39m &amp#27;[90m&amp#27;[39m
&amp#27;[35m[HTTP]&amp#27;[39m &amp#27;[37m-->&amp#27;[39m &amp#27;[37mPOST&amp#27;[39m &amp#27;[37m/wd/hub/session/ebb62c54-6b49-441c-b8af-5401626c3d62/element&amp#27;[39m
&amp#27;[35m[HTTP]&amp#27;[39m &amp#27;[90m{"using":"xpath","value":"//*[@class='android.widget.ScrollView']"}&amp#27;[39m
[debug] &amp#27;[35m[W3C (ebb62c54)]&amp#27;[39m Calling AppiumDriver.findElement() with args: ["xpath","//*[@class='android.widget.ScrollView']","ebb62c54-6b49-441c-b8af-5401626c3d62"]
[debug] &amp#27;[35m[BaseDriver]&amp#27;[39m Valid locator strategies for this request: xpath, id, class name, accessibility id, -android uiautomator
[debug] &amp#27;[35m[BaseDriver]&amp#27;[39m Waiting up to 0 ms for condition
[debug] &amp#27;[35m[WD Proxy]&amp#27;[39m Matched '/element' to command name 'findElement'
[debug] &amp#27;[35m[WD Proxy]&amp#27;[39m Proxying [POST /element] to [POST http://127.0.0.1:8200/wd/hub/session/9a894636-8253-4a63-b19c-662c637409ff/element] with body: {"strategy":"xpath","selector":"//*[@class='android.widget.ScrollView']","context":"","multiple":false}
[debug] &amp#27;[35m[WD Proxy]&amp#27;[39m Got response with status 200: {"sessionId":"9a894636-8253-4a63-b19c-662c637409ff","value":{"ELEMENT":"0cd6dccf-a144-4c16-9958-7613ba60a6c6","element-6066-11e4-a52e-4f735466cecf":"0cd6dccf-a144-4c16-9958-7613ba60a6c6"}}
[debug] &amp#27;[35m[W3C (ebb62c54)]&amp#27;[39m Responding to client with driver.findElement() result: {"element-6066-11e4-a52e-4f735466cecf":"0cd6dccf-a144-4c16-9958-7613ba60a6c6","ELEMENT":"0cd6dccf-a144-4c16-9958-7613ba60a6c6"}
&amp#27;[35m[HTTP]&amp#27;[39m &amp#27;[37m<-- POST /wd/hub/session/ebb62c54-6b49-441c-b8af-5401626c3d62/element &amp#27;[39m&amp#27;[32m200&amp#27;[39m &amp#27;[90m251 ms - 137&amp#27;[39m
&amp#27;[35m[HTTP]&amp#27;[39m &amp#27;[90m&amp#27;[39m
&amp#27;[35m[HTTP]&amp#27;[39m &amp#27;[37m-->&amp#27;[39m &amp#27;[37mPOST&amp#27;[39m &amp#27;[37m/wd/hub/session/ebb62c54-6b49-441c-b8af-5401626c3d62/element/0cd6dccf-a144-4c16-9958-7613ba60a6c6/click&amp#27;[39m
&amp#27;[35m[HTTP]&amp#27;[39m &amp#27;[90m{"id":"0cd6dccf-a144-4c16-9958-7613ba60a6c6"}&amp#27;[39m
[debug] &amp#27;[35m[W3C (ebb62c54)]&amp#27;[39m Calling AppiumDriver.click() with args: ["0cd6dccf-a144-4c16-9958-7613ba60a6c6","ebb62c54-6b49-441c-b8af-5401626c3d62"]
[debug] &amp#27;[35m[WD Proxy]&amp#27;[39m Matched '/element/0cd6dccf-a144-4c16-9958-7613ba60a6c6/click' to command name 'click'
[debug] &amp#27;[35m[WD Proxy]&amp#27;[39m Proxying [POST /element/0cd6dccf-a144-4c16-9958-7613ba60a6c6/click] to [POST http://127.0.0.1:8200/wd/hub/session/9a894636-8253-4a63-b19c-662c637409ff/element/0cd6dccf-a144-4c16-9958-7613ba60a6c6/click] with body: {"element":"0cd6dccf-a144-4c16-9958-7613ba60a6c6"}
[debug] &amp#27;[35m[WD Proxy]&amp#27;[39m Got response with status 200: {"sessionId":"9a894636-8253-4a63-b19c-662c637409ff","value":null}
[debug] &amp#27;[35m[W3C (ebb62c54)]&amp#27;[39m Responding to client with driver.click() result: null
&amp#27;[35m[HTTP]&amp#27;[39m &amp#27;[37m<-- POST /wd/hub/session/ebb62c54-6b49-441c-b8af-5401626c3d62/element/0cd6dccf-a144-4c16-9958-7613ba60a6c6/click &amp#27;[39m&amp#27;[32m200&amp#27;[39m &amp#27;[90m43 ms - 14&amp#27;[39m
&amp#27;[35m[HTTP]&amp#27;[39m &amp#27;[90m&amp#27;[39m
&amp#27;[35m[HTTP]&amp#27;[39m &amp#27;[37m-->&amp#27;[39m &amp#27;[37mPOST&amp#27;[39m &amp#27;[37m/wd/hub/session/ebb62c54-6b49-441c-b8af-5401626c3d62/element&amp#27;[39m
&amp#27;[35m[HTTP]&amp#27;[39m &amp#27;[90m{"using":"-android uiautomator","value":"UiSelector().text(\"ADD\")"}&amp#27;[39m
[debug] &amp#27;[35m[W3C (ebb62c54)]&amp#27;[39m Calling AppiumDriver.findElement() with args: ["-android uiautomator","UiSelector().text(\"ADD\")","ebb62c54-6b49-441c-b8af-5401626c3d62"]
[debug] &amp#27;[35m[BaseDriver]&amp#27;[39m Valid locator strategies for this request: xpath, id, class name, accessibility id, -android uiautomator
[debug] &amp#27;[35m[BaseDriver]&amp#27;[39m Waiting up to 0 ms for condition
[debug] &amp#27;[35m[WD Proxy]&amp#27;[39m Matched '/element' to command name 'findElement'
[debug] &amp#27;[35m[WD Proxy]&amp#27;[39m Proxying [POST /element] to [POST http://127.0.0.1:8200/wd/hub/session/9a894636-8253-4a63-b19c-662c637409ff/element] with body: {"strategy":"-android uiautomator","selector":"UiSelector().text(\"ADD\")","context":"","multiple":false}
[debug] &amp#27;[35m[WD Proxy]&amp#27;[39m Got response with status 200: {"sessionId":"9a894636-8253-4a63-b19c-662c637409ff","value":{"ELEMENT":"d3672ec5-bd36-4429-8079-4f0fb5c1bc6c","element-6066-11e4-a52e-4f735466cecf":"d3672ec5-bd36-4429-8079-4f0fb5c1bc6c"}}
[debug] &amp#27;[35m[W3C (ebb62c54)]&amp#27;[39m Responding to client with driver.findElement() result: {"element-6066-11e4-a52e-4f735466cecf":"d3672ec5-bd36-4429-8079-4f0fb5c1bc6c","ELEMENT":"d3672ec5-bd36-4429-8079-4f0fb5c1bc6c"}
&amp#27;[35m[HTTP]&amp#27;[39m &amp#27;[37m<-- POST /wd/hub/session/ebb62c54-6b49-441c-b8af-5401626c3d62/element &amp#27;[39m&amp#27;[32m200&amp#27;[39m &amp#27;[90m558 ms - 137&amp#27;[39m
&amp#27;[35m[HTTP]&amp#27;[39m &amp#27;[90m&amp#27;[39m
&amp#27;[35m[HTTP]&amp#27;[39m &amp#27;[37m-->&amp#27;[39m &amp#27;[37mPOST&amp#27;[39m &amp#27;[37m/wd/hub/session/ebb62c54-6b49-441c-b8af-5401626c3d62/element/d3672ec5-bd36-4429-8079-4f0fb5c1bc6c/click&amp#27;[39m
&amp#27;[35m[HTTP]&amp#27;[39m &amp#27;[90m{"id":"d3672ec5-bd36-4429-8079-4f0fb5c1bc6c"}&amp#27;[39m
[debug] &amp#27;[35m[W3C (ebb62c54)]&amp#27;[39m Calling AppiumDriver.click() with args: ["d3672ec5-bd36-4429-8079-4f0fb5c1bc6c","ebb62c54-6b49-441c-b8af-5401626c3d62"]
[debug] &amp#27;[35m[WD Proxy]&amp#27;[39m Matched '/element/d3672ec5-bd36-4429-8079-4f0fb5c1bc6c/click' to command name 'click'
[debug] &amp#27;[35m[WD Proxy]&amp#27;[39m Proxying [POST /element/d3672ec5-bd36-4429-8079-4f0fb5c1bc6c/click] to [POST http://127.0.0.1:8200/wd/hub/session/9a894636-8253-4a63-b19c-662c637409ff/element/d3672ec5-bd36-4429-8079-4f0fb5c1bc6c/click] with body: {"element":"d3672ec5-bd36-4429-8079-4f0fb5c1bc6c"}
[debug] &amp#27;[35m[WD Proxy]&amp#27;[39m Got response with status 200: {"sessionId":"9a894636-8253-4a63-b19c-662c637409ff","value":null}
[debug] &amp#27;[35m[W3C (ebb62c54)]&amp#27;[39m Responding to client with driver.click() result: null
&amp#27;[35m[HTTP]&amp#27;[39m &amp#27;[37m<-- POST /wd/hub/session/ebb62c54-6b49-441c-b8af-5401626c3d62/element/d3672ec5-bd36-4429-8079-4f0fb5c1bc6c/click &amp#27;[39m&amp#27;[32m200&amp#27;[39m &amp#27;[90m2537 ms - 14&amp#27;[39m
&amp#27;[35m[HTTP]&amp#27;[39m &amp#27;[90m&amp#27;[39m
&amp#27;[35m[HTTP]&amp#27;[39m &amp#27;[37m-->&amp#27;[39m &amp#27;[37mPOST&amp#27;[39m &amp#27;[37m/wd/hub/session/ebb62c54-6b49-441c-b8af-5401626c3d62/element&amp#27;[39m
&amp#27;[35m[HTTP]&amp#27;[39m &amp#27;[90m{"using":"id","value":"android:id/alertTitle"}&amp#27;[39m
[debug] &amp#27;[35m[W3C (ebb62c54)]&amp#27;[39m Calling AppiumDriver.findElement() with args: ["id","android:id/alertTitle","ebb62c54-6b49-441c-b8af-5401626c3d62"]
[debug] &amp#27;[35m[BaseDriver]&amp#27;[39m Valid locator strategies for this request: xpath, id, class name, accessibility id, -android uiautomator
[debug] &amp#27;[35m[BaseDriver]&amp#27;[39m Waiting up to 0 ms for condition
[debug] &amp#27;[35m[WD Proxy]&amp#27;[39m Matched '/element' to command name 'findElement'
[debug] &amp#27;[35m[WD Proxy]&amp#27;[39m Proxying [POST /element] to [POST http://127.0.0.1:8200/wd/hub/session/9a894636-8253-4a63-b19c-662c637409ff/element] with body: {"strategy":"id","selector":"android:id/alertTitle","context":"","multiple":false}
[debug] &amp#27;[35m[WD Proxy]&amp#27;[39m Got response with status 200: {"sessionId":"9a894636-8253-4a63-b19c-662c637409ff","value":{"ELEMENT":"8ca82f52-c541-4ce1-935a-db4ff5667674","element-6066-11e4-a52e-4f735466cecf":"8ca82f52-c541-4ce1-935a-db4ff5667674"}}
[debug] &amp#27;[35m[W3C (ebb62c54)]&amp#27;[39m Responding to client with driver.findElement() result: {"element-6066-11e4-a52e-4f735466cecf":"8ca82f52-c541-4ce1-935a-db4ff5667674","ELEMENT":"8ca82f52-c541-4ce1-935a-db4ff5667674"}
&amp#27;[35m[HTTP]&amp#27;[39m &amp#27;[37m<-- POST /wd/hub/session/ebb62c54-6b49-441c-b8af-5401626c3d62/element &amp#27;[39m&amp#27;[32m200&amp#27;[39m &amp#27;[90m73 ms - 137&amp#27;[39m
&amp#27;[35m[HTTP]&amp#27;[39m &amp#27;[90m&amp#27;[39m
&amp#27;[35m[HTTP]&amp#27;[39m &amp#27;[37m-->&amp#27;[39m &amp#27;[37mGET&amp#27;[39m &amp#27;[37m/wd/hub/session/ebb62c54-6b49-441c-b8af-5401626c3d62/element/8ca82f52-c541-4ce1-935a-db4ff5667674/text&amp#27;[39m
&amp#27;[35m[HTTP]&amp#27;[39m &amp#27;[90m{}&amp#27;[39m
&amp#27;[35m[W3C (ebb62c54)]&amp#27;[39m Driver proxy active, passing request on via HTTP proxy
[debug] &amp#27;[35m[WD Proxy]&amp#27;[39m Matched '/wd/hub/session/ebb62c54-6b49-441c-b8af-5401626c3d62/element/8ca82f52-c541-4ce1-935a-db4ff5667674/text' to command name 'getText'
[debug] &amp#27;[35m[WD Proxy]&amp#27;[39m Proxying [GET /wd/hub/session/ebb62c54-6b49-441c-b8af-5401626c3d62/element/8ca82f52-c541-4ce1-935a-db4ff5667674/text] to [GET http://127.0.0.1:8200/wd/hub/session/9a894636-8253-4a63-b19c-662c637409ff/element/8ca82f52-c541-4ce1-935a-db4ff5667674/text] with body: {}
[debug] &amp#27;[35m[WD Proxy]&amp#27;[39m Got response with status 200: {"sessionId":"9a894636-8253-4a63-b19c-662c637409ff","value":"Teacher added"}
&amp#27;[35m[WD Proxy]&amp#27;[39m Replacing sessionId 9a894636-8253-4a63-b19c-662c637409ff with ebb62c54-6b49-441c-b8af-5401626c3d62
&amp#27;[35m[HTTP]&amp#27;[39m &amp#27;[37m<-- GET /wd/hub/session/ebb62c54-6b49-441c-b8af-5401626c3d62/element/8ca82f52-c541-4ce1-935a-db4ff5667674/text &amp#27;[39m&amp#27;[32m200&amp#27;[39m &amp#27;[90m31 ms - 76&amp#27;[39m
&amp#27;[35m[HTTP]&amp#27;[39m &amp#27;[90m&amp#27;[39m
&amp#27;[35m[HTTP]&amp#27;[39m &amp#27;[37m-->&amp#27;[39m &amp#27;[37mPOST&amp#27;[39m &amp#27;[37m/wd/hub/session/ebb62c54-6b49-441c-b8af-5401626c3d62/element&amp#27;[39m
&amp#27;[35m[HTTP]&amp#27;[39m &amp#27;[90m{"using":"id","value":"android:id/button1"}&amp#27;[39m
[debug] &amp#27;[35m[W3C (ebb62c54)]&amp#27;[39m Calling AppiumDriver.findElement() with args: ["id","android:id/button1","ebb62c54-6b49-441c-b8af-5401626c3d62"]
[debug] &amp#27;[35m[BaseDriver]&amp#27;[39m Valid locator strategies for this request: xpath, id, class name, accessibility id, -android uiautomator
[debug] &amp#27;[35m[BaseDriver]&amp#27;[39m Waiting up to 0 ms for condition
[debug] &amp#27;[35m[WD Proxy]&amp#27;[39m Matched '/element' to command name 'findElement'
[debug] &amp#27;[35m[WD Proxy]&amp#27;[39m Proxying [POST /element] to [POST http://127.0.0.1:8200/wd/hub/session/9a894636-8253-4a63-b19c-662c637409ff/element] with body: {"strategy":"id","selector":"android:id/button1","context":"","multiple":false}
[debug] &amp#27;[35m[WD Proxy]&amp#27;[39m Got response with status 200: {"sessionId":"9a894636-8253-4a63-b19c-662c637409ff","value":{"ELEMENT":"445dd2c5-ab58-4061-adcf-905c690d1598","element-6066-11e4-a52e-4f735466cecf":"445dd2c5-ab58-4061-adcf-905c690d1598"}}
[debug] &amp#27;[35m[W3C (ebb62c54)]&amp#27;[39m Responding to client with driver.findElement() result: {"element-6066-11e4-a52e-4f735466cecf":"445dd2c5-ab58-4061-adcf-905c690d1598","ELEMENT":"445dd2c5-ab58-4061-adcf-905c690d1598"}
&amp#27;[35m[HTTP]&amp#27;[39m &amp#27;[37m<-- POST /wd/hub/session/ebb62c54-6b49-441c-b8af-5401626c3d62/element &amp#27;[39m&amp#27;[32m200&amp#27;[39m &amp#27;[90m35 ms - 137&amp#27;[39m
&amp#27;[35m[HTTP]&amp#27;[39m &amp#27;[90m&amp#27;[39m
&amp#27;[35m[HTTP]&amp#27;[39m &amp#27;[37m-->&amp#27;[39m &amp#27;[37mPOST&amp#27;[39m &amp#27;[37m/wd/hub/session/ebb62c54-6b49-441c-b8af-5401626c3d62/element/445dd2c5-ab58-4061-adcf-905c690d1598/click&amp#27;[39m
&amp#27;[35m[HTTP]&amp#27;[39m &amp#27;[90m{"id":"445dd2c5-ab58-4061-adcf-905c690d1598"}&amp#27;[39m
[debug] &amp#27;[35m[W3C (ebb62c54)]&amp#27;[39m Calling AppiumDriver.click() with args: ["445dd2c5-ab58-4061-adcf-905c690d1598","ebb62c54-6b49-441c-b8af-5401626c3d62"]
[debug] &amp#27;[35m[WD Proxy]&amp#27;[39m Matched '/element/445dd2c5-ab58-4061-adcf-905c690d1598/click' to command name 'click'
[debug] &amp#27;[35m[WD Proxy]&amp#27;[39m Proxying [POST /element/445dd2c5-ab58-4061-adcf-905c690d1598/click] to [POST http://127.0.0.1:8200/wd/hub/session/9a894636-8253-4a63-b19c-662c637409ff/element/445dd2c5-ab58-4061-adcf-905c690d1598/click] with body: {"element":"445dd2c5-ab58-4061-adcf-905c690d1598"}
[debug] &amp#27;[35m[WD Proxy]&amp#27;[39m Got response with status 200: {"sessionId":"9a894636-8253-4a63-b19c-662c637409ff","value":null}
[debug] &amp#27;[35m[W3C (ebb62c54)]&amp#27;[39m Responding to client with driver.click() result: null
&amp#27;[35m[HTTP]&amp#27;[39m &amp#27;[37m<-- POST /wd/hub/session/ebb62c54-6b49-441c-b8af-5401626c3d62/element/445dd2c5-ab58-4061-adcf-905c690d1598/click &amp#27;[39m&amp#27;[32m200&amp#27;[39m &amp#27;[90m38 ms - 14&amp#27;[39m
&amp#27;[35m[HTTP]&amp#27;[39m &amp#27;[90m&amp#27;[39m
]]></system-out>
  </testcase>
  <testcase name="TC_003" classname="SDETAssignment.KhanAcademy.TC_01" time="32.057">
    <system-out><![CDATA[&amp#27;[35m[HTTP]&amp#27;[39m &amp#27;[37m-->&amp#27;[39m &amp#27;[37mPOST&amp#27;[39m &amp#27;[37m/wd/hub/session/ebb62c54-6b49-441c-b8af-5401626c3d62/element&amp#27;[39m
&amp#27;[35m[HTTP]&amp#27;[39m &amp#27;[90m{"using":"xpath","value":"//android.widget.ImageView[@content-desc='Settings']"}&amp#27;[39m
[debug] &amp#27;[35m[W3C (ebb62c54)]&amp#27;[39m Calling AppiumDriver.findElement() with args: ["xpath","//android.widget.ImageView[@content-desc='Settings']","ebb62c54-6b49-441c-b8af-5401626c3d62"]
[debug] &amp#27;[35m[BaseDriver]&amp#27;[39m Valid locator strategies for this request: xpath, id, class name, accessibility id, -android uiautomator
[debug] &amp#27;[35m[BaseDriver]&amp#27;[39m Waiting up to 0 ms for condition
[debug] &amp#27;[35m[WD Proxy]&amp#27;[39m Matched '/element' to command name 'findElement'
[debug] &amp#27;[35m[WD Proxy]&amp#27;[39m Proxying [POST /element] to [POST http://127.0.0.1:8200/wd/hub/session/9a894636-8253-4a63-b19c-662c637409ff/element] with body: {"strategy":"xpath","selector":"//android.widget.ImageView[@content-desc='Settings']","context":"","multiple":false}
[debug] &amp#27;[35m[WD Proxy]&amp#27;[39m Got response with status 200: {"sessionId":"9a894636-8253-4a63-b19c-662c637409ff","value":{"ELEMENT":"18784386-54ec-473b-b5c7-4c553b089bed","element-6066-11e4-a52e-4f735466cecf":"18784386-54ec-473b-b5c7-4c553b089bed"}}
[debug] &amp#27;[35m[W3C (ebb62c54)]&amp#27;[39m Responding to client with driver.findElement() result: {"element-6066-11e4-a52e-4f735466cecf":"18784386-54ec-473b-b5c7-4c553b089bed","ELEMENT":"18784386-54ec-473b-b5c7-4c553b089bed"}
&amp#27;[35m[HTTP]&amp#27;[39m &amp#27;[37m<-- POST /wd/hub/session/ebb62c54-6b49-441c-b8af-5401626c3d62/element &amp#27;[39m&amp#27;[32m200&amp#27;[39m &amp#27;[90m320 ms - 137&amp#27;[39m
&amp#27;[35m[HTTP]&amp#27;[39m &amp#27;[90m&amp#27;[39m
&amp#27;[35m[HTTP]&amp#27;[39m &amp#27;[37m-->&amp#27;[39m &amp#27;[37mPOST&amp#27;[39m &amp#27;[37m/wd/hub/session/ebb62c54-6b49-441c-b8af-5401626c3d62/element/18784386-54ec-473b-b5c7-4c553b089bed/click&amp#27;[39m
&amp#27;[35m[HTTP]&amp#27;[39m &amp#27;[90m{"id":"18784386-54ec-473b-b5c7-4c553b089bed"}&amp#27;[39m
[debug] &amp#27;[35m[W3C (ebb62c54)]&amp#27;[39m Calling AppiumDriver.click() with args: ["18784386-54ec-473b-b5c7-4c553b089bed","ebb62c54-6b49-441c-b8af-5401626c3d62"]
[debug] &amp#27;[35m[WD Proxy]&amp#27;[39m Matched '/element/18784386-54ec-473b-b5c7-4c553b089bed/click' to command name 'click'
[debug] &amp#27;[35m[WD Proxy]&amp#27;[39m Proxying [POST /element/18784386-54ec-473b-b5c7-4c553b089bed/click] to [POST http://127.0.0.1:8200/wd/hub/session/9a894636-8253-4a63-b19c-662c637409ff/element/18784386-54ec-473b-b5c7-4c553b089bed/click] with body: {"element":"18784386-54ec-473b-b5c7-4c553b089bed"}
[debug] &amp#27;[35m[WD Proxy]&amp#27;[39m Got response with status 200: {"sessionId":"9a894636-8253-4a63-b19c-662c637409ff","value":null}
[debug] &amp#27;[35m[W3C (ebb62c54)]&amp#27;[39m Responding to client with driver.click() result: null
&amp#27;[35m[HTTP]&amp#27;[39m &amp#27;[37m<-- POST /wd/hub/session/ebb62c54-6b49-441c-b8af-5401626c3d62/element/18784386-54ec-473b-b5c7-4c553b089bed/click &amp#27;[39m&amp#27;[32m200&amp#27;[39m &amp#27;[90m47 ms - 14&amp#27;[39m
&amp#27;[35m[HTTP]&amp#27;[39m &amp#27;[90m&amp#27;[39m
&amp#27;[35m[HTTP]&amp#27;[39m &amp#27;[37m-->&amp#27;[39m &amp#27;[37mPOST&amp#27;[39m &amp#27;[37m/wd/hub/session/ebb62c54-6b49-441c-b8af-5401626c3d62/element&amp#27;[39m
&amp#27;[35m[HTTP]&amp#27;[39m &amp#27;[90m{"using":"-android uiautomator","value":"UiSelector().text(\"Terms of service\")"}&amp#27;[39m
[debug] &amp#27;[35m[W3C (ebb62c54)]&amp#27;[39m Calling AppiumDriver.findElement() with args: ["-android uiautomator","UiSelector().text(\"Terms of service\")","ebb62c54-6b49-441c-b8af-5401626c3d62"]
[debug] &amp#27;[35m[BaseDriver]&amp#27;[39m Valid locator strategies for this request: xpath, id, class name, accessibility id, -android uiautomator
[debug] &amp#27;[35m[BaseDriver]&amp#27;[39m Waiting up to 0 ms for condition
[debug] &amp#27;[35m[WD Proxy]&amp#27;[39m Matched '/element' to command name 'findElement'
[debug] &amp#27;[35m[WD Proxy]&amp#27;[39m Proxying [POST /element] to [POST http://127.0.0.1:8200/wd/hub/session/9a894636-8253-4a63-b19c-662c637409ff/element] with body: {"strategy":"-android uiautomator","selector":"UiSelector().text(\"Terms of service\")","context":"","multiple":false}
&amp#27;[35m[WD Proxy]&amp#27;[39m Got response with status 404: {"sessionId":"9a894636-8253-4a63-b19c-662c637409ff","value":{"error":"no such element","message":"An element could not be located on the page using the given search parameters","stacktrace":"io.appium.uiautomator2.common.exceptions.ElementNotFoundException: An element could not be located on the page using the given search parameters\n\tat io.appium.uiautomator2.handler.FindElement.safeHandle(FindElement.java:78)\n\tat io.appium.uiautomator2.handler.request.SafeRequestHandler.handle(SafeRequestHandler.java:38)\n\tat io.appium.uiautomator2.server.AppiumServlet.handleRequest(AppiumServlet.java:252)\n\tat io.appium.uiautomator2.server.AppiumServlet.handleHttpRequest(AppiumServlet.java:242)\n\tat io.appium.uiautomator2.http.ServerHandler.channelRead(ServerHandler.java:51)\n\tat io.netty.channel.AbstractChannelHandlerContext.invokeChannelRead(AbstractChannelHandlerContext.java:366)\n\tat io.netty.channel.AbstractChannelHandlerContext.invokeChannelRead(AbstractChannelHandlerContext.java:352)\n\tat io.netty.chann...
[debug] &amp#27;[35m[W3C]&amp#27;[39m Matched W3C error code 'no such element' to NoSuchElementError
[debug] &amp#27;[35m[W3C (ebb62c54)]&amp#27;[39m Encountered internal error running command: NoSuchElementError: An element could not be located on the page using the given search parameters.
[debug] &amp#27;[35m[W3C (ebb62c54)]&amp#27;[39m     at AndroidUiautomator2Driver.findElOrEls (C:\Users\MathanRajS\AppData\Roaming\npm\node_modules\appium\node_modules\appium-android-driver\lib\commands\find.js:75:11)
[debug] &amp#27;[35m[W3C (ebb62c54)]&amp#27;[39m     at AndroidUiautomator2Driver.findElOrElsWithProcessing (C:\Users\MathanRajS\AppData\Roaming\npm\node_modules\appium\node_modules\appium-base-driver\lib\basedriver\commands\find.js:33:12)
[debug] &amp#27;[35m[W3C (ebb62c54)]&amp#27;[39m     at AndroidUiautomator2Driver.findElement (C:\Users\MathanRajS\AppData\Roaming\npm\node_modules\appium\node_modules\appium-base-driver\lib\basedriver\commands\find.js:53:10)
&amp#27;[35m[HTTP]&amp#27;[39m &amp#27;[37m<-- POST /wd/hub/session/ebb62c54-6b49-441c-b8af-5401626c3d62/element &amp#27;[39m&amp#27;[33m404&amp#27;[39m &amp#27;[90m219 ms - 820&amp#27;[39m
&amp#27;[35m[HTTP]&amp#27;[39m &amp#27;[90m&amp#27;[39m
&amp#27;[35m[HTTP]&amp#27;[39m &amp#27;[37m-->&amp#27;[39m &amp#27;[37mPOST&amp#27;[39m &amp#27;[37m/wd/hub/session/ebb62c54-6b49-441c-b8af-5401626c3d62/element&amp#27;[39m
&amp#27;[35m[HTTP]&amp#27;[39m &amp#27;[90m{"using":"-android uiautomator","value":"UiSelector().text(\"Terms of service\")"}&amp#27;[39m
[debug] &amp#27;[35m[W3C (ebb62c54)]&amp#27;[39m Calling AppiumDriver.findElement() with args: ["-android uiautomator","UiSelector().text(\"Terms of service\")","ebb62c54-6b49-441c-b8af-5401626c3d62"]
[debug] &amp#27;[35m[BaseDriver]&amp#27;[39m Valid locator strategies for this request: xpath, id, class name, accessibility id, -android uiautomator
[debug] &amp#27;[35m[BaseDriver]&amp#27;[39m Waiting up to 0 ms for condition
[debug] &amp#27;[35m[WD Proxy]&amp#27;[39m Matched '/element' to command name 'findElement'
[debug] &amp#27;[35m[WD Proxy]&amp#27;[39m Proxying [POST /element] to [POST http://127.0.0.1:8200/wd/hub/session/9a894636-8253-4a63-b19c-662c637409ff/element] with body: {"strategy":"-android uiautomator","selector":"UiSelector().text(\"Terms of service\")","context":"","multiple":false}
&amp#27;[35m[WD Proxy]&amp#27;[39m Got response with status 404: {"sessionId":"9a894636-8253-4a63-b19c-662c637409ff","value":{"error":"no such element","message":"An element could not be located on the page using the given search parameters","stacktrace":"io.appium.uiautomator2.common.exceptions.ElementNotFoundException: An element could not be located on the page using the given search parameters\n\tat io.appium.uiautomator2.handler.FindElement.safeHandle(FindElement.java:78)\n\tat io.appium.uiautomator2.handler.request.SafeRequestHandler.handle(SafeRequestHandler.java:38)\n\tat io.appium.uiautomator2.server.AppiumServlet.handleRequest(AppiumServlet.java:252)\n\tat io.appium.uiautomator2.server.AppiumServlet.handleHttpRequest(AppiumServlet.java:242)\n\tat io.appium.uiautomator2.http.ServerHandler.channelRead(ServerHandler.java:51)\n\tat io.netty.channel.AbstractChannelHandlerContext.invokeChannelRead(AbstractChannelHandlerContext.java:366)\n\tat io.netty.channel.AbstractChannelHandlerContext.invokeChannelRead(AbstractChannelHandlerContext.java:352)\n\tat io.netty.chann...
[debug] &amp#27;[35m[W3C]&amp#27;[39m Matched W3C error code 'no such element' to NoSuchElementError
[debug] &amp#27;[35m[W3C (ebb62c54)]&amp#27;[39m Encountered internal error running command: NoSuchElementError: An element could not be located on the page using the given search parameters.
[debug] &amp#27;[35m[W3C (ebb62c54)]&amp#27;[39m     at AndroidUiautomator2Driver.findElOrEls (C:\Users\MathanRajS\AppData\Roaming\npm\node_modules\appium\node_modules\appium-android-driver\lib\commands\find.js:75:11)
[debug] &amp#27;[35m[W3C (ebb62c54)]&amp#27;[39m     at AndroidUiautomator2Driver.findElOrElsWithProcessing (C:\Users\MathanRajS\AppData\Roaming\npm\node_modules\appium\node_modules\appium-base-driver\lib\basedriver\commands\find.js:33:12)
[debug] &amp#27;[35m[W3C (ebb62c54)]&amp#27;[39m     at AndroidUiautomator2Driver.findElement (C:\Users\MathanRajS\AppData\Roaming\npm\node_modules\appium\node_modules\appium-base-driver\lib\basedriver\commands\find.js:53:10)
&amp#27;[35m[HTTP]&amp#27;[39m &amp#27;[37m<-- POST /wd/hub/session/ebb62c54-6b49-441c-b8af-5401626c3d62/element &amp#27;[39m&amp#27;[33m404&amp#27;[39m &amp#27;[90m46 ms - 820&amp#27;[39m
&amp#27;[35m[HTTP]&amp#27;[39m &amp#27;[90m&amp#27;[39m
&amp#27;[35m[HTTP]&amp#27;[39m &amp#27;[37m-->&amp#27;[39m &amp#27;[37mPOST&amp#27;[39m &amp#27;[37m/wd/hub/session/ebb62c54-6b49-441c-b8af-5401626c3d62/element&amp#27;[39m
&amp#27;[35m[HTTP]&amp#27;[39m &amp#27;[90m{"using":"-android uiautomator","value":"UiSelector().text(\"Terms of service\")"}&amp#27;[39m
[debug] &amp#27;[35m[W3C (ebb62c54)]&amp#27;[39m Calling AppiumDriver.findElement() with args: ["-android uiautomator","UiSelector().text(\"Terms of service\")","ebb62c54-6b49-441c-b8af-5401626c3d62"]
[debug] &amp#27;[35m[BaseDriver]&amp#27;[39m Valid locator strategies for this request: xpath, id, class name, accessibility id, -android uiautomator
[debug] &amp#27;[35m[BaseDriver]&amp#27;[39m Waiting up to 0 ms for condition
[debug] &amp#27;[35m[WD Proxy]&amp#27;[39m Matched '/element' to command name 'findElement'
[debug] &amp#27;[35m[WD Proxy]&amp#27;[39m Proxying [POST /element] to [POST http://127.0.0.1:8200/wd/hub/session/9a894636-8253-4a63-b19c-662c637409ff/element] with body: {"strategy":"-android uiautomator","selector":"UiSelector().text(\"Terms of service\")","context":"","multiple":false}
[debug] &amp#27;[35m[WD Proxy]&amp#27;[39m Got response with status 200: {"sessionId":"9a894636-8253-4a63-b19c-662c637409ff","value":{"ELEMENT":"7aa50e35-9bfb-4e17-ace5-d52b7b902b61","element-6066-11e4-a52e-4f735466cecf":"7aa50e35-9bfb-4e17-ace5-d52b7b902b61"}}
[debug] &amp#27;[35m[W3C (ebb62c54)]&amp#27;[39m Responding to client with driver.findElement() result: {"element-6066-11e4-a52e-4f735466cecf":"7aa50e35-9bfb-4e17-ace5-d52b7b902b61","ELEMENT":"7aa50e35-9bfb-4e17-ace5-d52b7b902b61"}
&amp#27;[35m[HTTP]&amp#27;[39m &amp#27;[37m<-- POST /wd/hub/session/ebb62c54-6b49-441c-b8af-5401626c3d62/element &amp#27;[39m&amp#27;[32m200&amp#27;[39m &amp#27;[90m537 ms - 137&amp#27;[39m
&amp#27;[35m[HTTP]&amp#27;[39m &amp#27;[90m&amp#27;[39m
&amp#27;[35m[HTTP]&amp#27;[39m &amp#27;[37m-->&amp#27;[39m &amp#27;[37mGET&amp#27;[39m &amp#27;[37m/wd/hub/session/ebb62c54-6b49-441c-b8af-5401626c3d62/element/7aa50e35-9bfb-4e17-ace5-d52b7b902b61/displayed&amp#27;[39m
&amp#27;[35m[HTTP]&amp#27;[39m &amp#27;[90m{}&amp#27;[39m
[debug] &amp#27;[35m[W3C (ebb62c54)]&amp#27;[39m Calling AppiumDriver.elementDisplayed() with args: ["7aa50e35-9bfb-4e17-ace5-d52b7b902b61","ebb62c54-6b49-441c-b8af-5401626c3d62"]
[debug] &amp#27;[35m[WD Proxy]&amp#27;[39m Matched '/element/7aa50e35-9bfb-4e17-ace5-d52b7b902b61/attribute/displayed' to command name 'getAttribute'
[debug] &amp#27;[35m[WD Proxy]&amp#27;[39m Proxying [GET /element/7aa50e35-9bfb-4e17-ace5-d52b7b902b61/attribute/displayed] to [GET http://127.0.0.1:8200/wd/hub/session/9a894636-8253-4a63-b19c-662c637409ff/element/7aa50e35-9bfb-4e17-ace5-d52b7b902b61/attribute/displayed] with body: {}
[debug] &amp#27;[35m[WD Proxy]&amp#27;[39m Got response with status 200: {"sessionId":"9a894636-8253-4a63-b19c-662c637409ff","value":"true"}
[debug] &amp#27;[35m[W3C (ebb62c54)]&amp#27;[39m Responding to client with driver.elementDisplayed() result: true
&amp#27;[35m[HTTP]&amp#27;[39m &amp#27;[37m<-- GET /wd/hub/session/ebb62c54-6b49-441c-b8af-5401626c3d62/element/7aa50e35-9bfb-4e17-ace5-d52b7b902b61/displayed &amp#27;[39m&amp#27;[32m200&amp#27;[39m &amp#27;[90m178 ms - 14&amp#27;[39m
&amp#27;[35m[HTTP]&amp#27;[39m &amp#27;[90m&amp#27;[39m
&amp#27;[35m[HTTP]&amp#27;[39m &amp#27;[37m-->&amp#27;[39m &amp#27;[37mPOST&amp#27;[39m &amp#27;[37m/wd/hub/session/ebb62c54-6b49-441c-b8af-5401626c3d62/element&amp#27;[39m
&amp#27;[35m[HTTP]&amp#27;[39m &amp#27;[90m{"using":"-android uiautomator","value":"UiSelector().text(\"Terms of service\")"}&amp#27;[39m
[debug] &amp#27;[35m[W3C (ebb62c54)]&amp#27;[39m Calling AppiumDriver.findElement() with args: ["-android uiautomator","UiSelector().text(\"Terms of service\")","ebb62c54-6b49-441c-b8af-5401626c3d62"]
[debug] &amp#27;[35m[BaseDriver]&amp#27;[39m Valid locator strategies for this request: xpath, id, class name, accessibility id, -android uiautomator
[debug] &amp#27;[35m[BaseDriver]&amp#27;[39m Waiting up to 0 ms for condition
[debug] &amp#27;[35m[WD Proxy]&amp#27;[39m Matched '/element' to command name 'findElement'
[debug] &amp#27;[35m[WD Proxy]&amp#27;[39m Proxying [POST /element] to [POST http://127.0.0.1:8200/wd/hub/session/9a894636-8253-4a63-b19c-662c637409ff/element] with body: {"strategy":"-android uiautomator","selector":"UiSelector().text(\"Terms of service\")","context":"","multiple":false}
[debug] &amp#27;[35m[WD Proxy]&amp#27;[39m Got response with status 200: {"sessionId":"9a894636-8253-4a63-b19c-662c637409ff","value":{"ELEMENT":"ee107c96-7534-4464-94eb-0accf608981b","element-6066-11e4-a52e-4f735466cecf":"ee107c96-7534-4464-94eb-0accf608981b"}}
[debug] &amp#27;[35m[W3C (ebb62c54)]&amp#27;[39m Responding to client with driver.findElement() result: {"element-6066-11e4-a52e-4f735466cecf":"ee107c96-7534-4464-94eb-0accf608981b","ELEMENT":"ee107c96-7534-4464-94eb-0accf608981b"}
&amp#27;[35m[HTTP]&amp#27;[39m &amp#27;[37m<-- POST /wd/hub/session/ebb62c54-6b49-441c-b8af-5401626c3d62/element &amp#27;[39m&amp#27;[32m200&amp#27;[39m &amp#27;[90m174 ms - 137&amp#27;[39m
&amp#27;[35m[HTTP]&amp#27;[39m &amp#27;[90m&amp#27;[39m
&amp#27;[35m[HTTP]&amp#27;[39m &amp#27;[37m-->&amp#27;[39m &amp#27;[37mPOST&amp#27;[39m &amp#27;[37m/wd/hub/session/ebb62c54-6b49-441c-b8af-5401626c3d62/element/ee107c96-7534-4464-94eb-0accf608981b/click&amp#27;[39m
&amp#27;[35m[HTTP]&amp#27;[39m &amp#27;[90m{"id":"ee107c96-7534-4464-94eb-0accf608981b"}&amp#27;[39m
[debug] &amp#27;[35m[W3C (ebb62c54)]&amp#27;[39m Calling AppiumDriver.click() with args: ["ee107c96-7534-4464-94eb-0accf608981b","ebb62c54-6b49-441c-b8af-5401626c3d62"]
[debug] &amp#27;[35m[WD Proxy]&amp#27;[39m Matched '/element/ee107c96-7534-4464-94eb-0accf608981b/click' to command name 'click'
[debug] &amp#27;[35m[WD Proxy]&amp#27;[39m Proxying [POST /element/ee107c96-7534-4464-94eb-0accf608981b/click] to [POST http://127.0.0.1:8200/wd/hub/session/9a894636-8253-4a63-b19c-662c637409ff/element/ee107c96-7534-4464-94eb-0accf608981b/click] with body: {"element":"ee107c96-7534-4464-94eb-0accf608981b"}
[debug] &amp#27;[35m[WD Proxy]&amp#27;[39m Got response with status 200: {"sessionId":"9a894636-8253-4a63-b19c-662c637409ff","value":null}
[debug] &amp#27;[35m[W3C (ebb62c54)]&amp#27;[39m Responding to client with driver.click() result: null
&amp#27;[35m[HTTP]&amp#27;[39m &amp#27;[37m<-- POST /wd/hub/session/ebb62c54-6b49-441c-b8af-5401626c3d62/element/ee107c96-7534-4464-94eb-0accf608981b/click &amp#27;[39m&amp#27;[32m200&amp#27;[39m &amp#27;[90m2799 ms - 14&amp#27;[39m
&amp#27;[35m[HTTP]&amp#27;[39m &amp#27;[90m&amp#27;[39m
&amp#27;[35m[HTTP]&amp#27;[39m &amp#27;[37m-->&amp#27;[39m &amp#27;[37mPOST&amp#27;[39m &amp#27;[37m/wd/hub/session/ebb62c54-6b49-441c-b8af-5401626c3d62/elements&amp#27;[39m
&amp#27;[35m[HTTP]&amp#27;[39m &amp#27;[90m{"using":"xpath","value":"//*[@class='android.widget.TextView']"}&amp#27;[39m
[debug] &amp#27;[35m[W3C (ebb62c54)]&amp#27;[39m Calling AppiumDriver.findElements() with args: ["xpath","//*[@class='android.widget.TextView']","ebb62c54-6b49-441c-b8af-5401626c3d62"]
[debug] &amp#27;[35m[BaseDriver]&amp#27;[39m Valid locator strategies for this request: xpath, id, class name, accessibility id, -android uiautomator
[debug] &amp#27;[35m[BaseDriver]&amp#27;[39m Waiting up to 0 ms for condition
[debug] &amp#27;[35m[WD Proxy]&amp#27;[39m Matched '/elements' to command name 'findElements'
[debug] &amp#27;[35m[WD Proxy]&amp#27;[39m Proxying [POST /elements] to [POST http://127.0.0.1:8200/wd/hub/session/9a894636-8253-4a63-b19c-662c637409ff/elements] with body: {"strategy":"xpath","selector":"//*[@class='android.widget.TextView']","context":"","multiple":true}
[debug] &amp#27;[35m[WD Proxy]&amp#27;[39m Got response with status 200: {"sessionId":"9a894636-8253-4a63-b19c-662c637409ff","value":[{"ELEMENT":"3182f442-72e4-46fc-a3a8-775291801d7b","element-6066-11e4-a52e-4f735466cecf":"3182f442-72e4-46fc-a3a8-775291801d7b"},{"ELEMENT":"70e0d33e-e394-4a58-8073-6f94bd5f7acd","element-6066-11e4-a52e-4f735466cecf":"70e0d33e-e394-4a58-8073-6f94bd5f7acd"},{"ELEMENT":"052d01ba-59d7-4bd2-a6a9-4aa85a5afbbb","element-6066-11e4-a52e-4f735466cecf":"052d01ba-59d7-4bd2-a6a9-4aa85a5afbbb"}]}
[debug] &amp#27;[35m[W3C (ebb62c54)]&amp#27;[39m Responding to client with driver.findElements() result: [{"element-6066-11e4-a52e-4f735466cecf":"3182f442-72e4-46fc-a3a8-775291801d7b","ELEMENT":"3182f442-72e4-46fc-a3a8-775291801d7b"},{"element-6066-11e4-a52e-4f735466cecf":"70e0d33e-e394-4a58-8073-6f94bd5f7acd","ELEMENT":"70e0d33e-e394-4a58-8073-6f94bd5f7acd"},{"element-6066-11e4-a52e-4f735466cecf":"052d01ba-59d7-4bd2-a6a9-4aa85a5afbbb","ELEMENT":"052d01ba-59d7-4bd2-a6a9-4aa85a5afbbb"}]
&amp#27;[35m[HTTP]&amp#27;[39m &amp#27;[37m<-- POST /wd/hub/session/ebb62c54-6b49-441c-b8af-5401626c3d62/elements &amp#27;[39m&amp#27;[32m200&amp#27;[39m &amp#27;[90m192 ms - 395&amp#27;[39m
&amp#27;[35m[HTTP]&amp#27;[39m &amp#27;[90m&amp#27;[39m
&amp#27;[35m[HTTP]&amp#27;[39m &amp#27;[37m-->&amp#27;[39m &amp#27;[37mPOST&amp#27;[39m &amp#27;[37m/wd/hub/session/ebb62c54-6b49-441c-b8af-5401626c3d62/element/3182f442-72e4-46fc-a3a8-775291801d7b/click&amp#27;[39m
&amp#27;[35m[HTTP]&amp#27;[39m &amp#27;[90m{"id":"3182f442-72e4-46fc-a3a8-775291801d7b"}&amp#27;[39m
[debug] &amp#27;[35m[W3C (ebb62c54)]&amp#27;[39m Calling AppiumDriver.click() with args: ["3182f442-72e4-46fc-a3a8-775291801d7b","ebb62c54-6b49-441c-b8af-5401626c3d62"]
[debug] &amp#27;[35m[WD Proxy]&amp#27;[39m Matched '/element/3182f442-72e4-46fc-a3a8-775291801d7b/click' to command name 'click'
[debug] &amp#27;[35m[WD Proxy]&amp#27;[39m Proxying [POST /element/3182f442-72e4-46fc-a3a8-775291801d7b/click] to [POST http://127.0.0.1:8200/wd/hub/session/9a894636-8253-4a63-b19c-662c637409ff/element/3182f442-72e4-46fc-a3a8-775291801d7b/click] with body: {"element":"3182f442-72e4-46fc-a3a8-775291801d7b"}
[debug] &amp#27;[35m[WD Proxy]&amp#27;[39m Got response with status 200: {"sessionId":"9a894636-8253-4a63-b19c-662c637409ff","value":null}
[debug] &amp#27;[35m[W3C (ebb62c54)]&amp#27;[39m Responding to client with driver.click() result: null
&amp#27;[35m[HTTP]&amp#27;[39m &amp#27;[37m<-- POST /wd/hub/session/ebb62c54-6b49-441c-b8af-5401626c3d62/element/3182f442-72e4-46fc-a3a8-775291801d7b/click &amp#27;[39m&amp#27;[32m200&amp#27;[39m &amp#27;[90m35 ms - 14&amp#27;[39m
&amp#27;[35m[HTTP]&amp#27;[39m &amp#27;[90m&amp#27;[39m
&amp#27;[35m[HTTP]&amp#27;[39m &amp#27;[37m-->&amp#27;[39m &amp#27;[37mPOST&amp#27;[39m &amp#27;[37m/wd/hub/session/ebb62c54-6b49-441c-b8af-5401626c3d62/element&amp#27;[39m
&amp#27;[35m[HTTP]&amp#27;[39m &amp#27;[90m{"using":"id","value":"android:id/button_once"}&amp#27;[39m
[debug] &amp#27;[35m[W3C (ebb62c54)]&amp#27;[39m Calling AppiumDriver.findElement() with args: ["id","android:id/button_once","ebb62c54-6b49-441c-b8af-5401626c3d62"]
[debug] &amp#27;[35m[BaseDriver]&amp#27;[39m Valid locator strategies for this request: xpath, id, class name, accessibility id, -android uiautomator
[debug] &amp#27;[35m[BaseDriver]&amp#27;[39m Waiting up to 0 ms for condition
[debug] &amp#27;[35m[WD Proxy]&amp#27;[39m Matched '/element' to command name 'findElement'
[debug] &amp#27;[35m[WD Proxy]&amp#27;[39m Proxying [POST /element] to [POST http://127.0.0.1:8200/wd/hub/session/9a894636-8253-4a63-b19c-662c637409ff/element] with body: {"strategy":"id","selector":"android:id/button_once","context":"","multiple":false}
[debug] &amp#27;[35m[WD Proxy]&amp#27;[39m Got response with status 200: {"sessionId":"9a894636-8253-4a63-b19c-662c637409ff","value":{"ELEMENT":"fcecdc35-8999-40aa-ae64-adfb584118a7","element-6066-11e4-a52e-4f735466cecf":"fcecdc35-8999-40aa-ae64-adfb584118a7"}}
[debug] &amp#27;[35m[W3C (ebb62c54)]&amp#27;[39m Responding to client with driver.findElement() result: {"element-6066-11e4-a52e-4f735466cecf":"fcecdc35-8999-40aa-ae64-adfb584118a7","ELEMENT":"fcecdc35-8999-40aa-ae64-adfb584118a7"}
&amp#27;[35m[HTTP]&amp#27;[39m &amp#27;[37m<-- POST /wd/hub/session/ebb62c54-6b49-441c-b8af-5401626c3d62/element &amp#27;[39m&amp#27;[32m200&amp#27;[39m &amp#27;[90m28 ms - 137&amp#27;[39m
&amp#27;[35m[HTTP]&amp#27;[39m &amp#27;[90m&amp#27;[39m
&amp#27;[35m[HTTP]&amp#27;[39m &amp#27;[37m-->&amp#27;[39m &amp#27;[37mPOST&amp#27;[39m &amp#27;[37m/wd/hub/session/ebb62c54-6b49-441c-b8af-5401626c3d62/element/fcecdc35-8999-40aa-ae64-adfb584118a7/click&amp#27;[39m
&amp#27;[35m[HTTP]&amp#27;[39m &amp#27;[90m{"id":"fcecdc35-8999-40aa-ae64-adfb584118a7"}&amp#27;[39m
[debug] &amp#27;[35m[W3C (ebb62c54)]&amp#27;[39m Calling AppiumDriver.click() with args: ["fcecdc35-8999-40aa-ae64-adfb584118a7","ebb62c54-6b49-441c-b8af-5401626c3d62"]
[debug] &amp#27;[35m[WD Proxy]&amp#27;[39m Matched '/element/fcecdc35-8999-40aa-ae64-adfb584118a7/click' to command name 'click'
[debug] &amp#27;[35m[WD Proxy]&amp#27;[39m Proxying [POST /element/fcecdc35-8999-40aa-ae64-adfb584118a7/click] to [POST http://127.0.0.1:8200/wd/hub/session/9a894636-8253-4a63-b19c-662c637409ff/element/fcecdc35-8999-40aa-ae64-adfb584118a7/click] with body: {"element":"fcecdc35-8999-40aa-ae64-adfb584118a7"}
[debug] &amp#27;[35m[WD Proxy]&amp#27;[39m Got response with status 200: {"sessionId":"9a894636-8253-4a63-b19c-662c637409ff","value":null}
[debug] &amp#27;[35m[W3C (ebb62c54)]&amp#27;[39m Responding to client with driver.click() result: null
&amp#27;[35m[HTTP]&amp#27;[39m &amp#27;[37m<-- POST /wd/hub/session/ebb62c54-6b49-441c-b8af-5401626c3d62/element/fcecdc35-8999-40aa-ae64-adfb584118a7/click &amp#27;[39m&amp#27;[32m200&amp#27;[39m &amp#27;[90m34 ms - 14&amp#27;[39m
&amp#27;[35m[HTTP]&amp#27;[39m &amp#27;[90m&amp#27;[39m
&amp#27;[35m[HTTP]&amp#27;[39m &amp#27;[37m-->&amp#27;[39m &amp#27;[37mGET&amp#27;[39m &amp#27;[37m/wd/hub/session/ebb62c54-6b49-441c-b8af-5401626c3d62/contexts&amp#27;[39m
&amp#27;[35m[HTTP]&amp#27;[39m &amp#27;[90m{}&amp#27;[39m
[debug] &amp#27;[35m[W3C (ebb62c54)]&amp#27;[39m Calling AppiumDriver.getContexts() with args: ["ebb62c54-6b49-441c-b8af-5401626c3d62"]
[debug] &amp#27;[35m[AndroidDriver]&amp#27;[39m Getting a list of available webviews
[debug] &amp#27;[35m[ADB]&amp#27;[39m Running 'C:\Users\MathanRajS\AppData\Local\Android\Sdk\platform-tools\adb.exe -P 5037 -s emulator-5554 shell cat /proc/net/unix'
&amp#27;[35m[AndroidDriver]&amp#27;[39m Not checking whether webviews have active pages; use the 'ensureWebviewsHavePages' cap to turn this check on
[debug] &amp#27;[35m[AndroidDriver]&amp#27;[39m WEBVIEW_15400 mapped to pid 15400
[debug] &amp#27;[35m[AndroidDriver]&amp#27;[39m Getting process name for webview
[debug] &amp#27;[35m[ADB]&amp#27;[39m Running 'C:\Users\MathanRajS\AppData\Local\Android\Sdk\platform-tools\adb.exe -P 5037 -s emulator-5554 shell ps'
[debug] &amp#27;[35m[AndroidDriver]&amp#27;[39m Parsed pid: '15400' pkg: 'org.khanacademy.android' from
[debug] &amp#27;[35m[AndroidDriver]&amp#27;[39m     USER           PID  PPID     VSZ    RSS WCHAN            ADDR S NAME
[debug] &amp#27;[35m[AndroidDriver]&amp#27;[39m     u0_a88       15400 24544 1697624 203208 SyS_epoll_wait      0 S org.khanacademy.android
[debug] &amp#27;[35m[AndroidDriver]&amp#27;[39m Returning process name: 'org.khanacademy.android'
[debug] &amp#27;[35m[AndroidDriver]&amp#27;[39m Found webviews: ["WEBVIEW_chrome","WEBVIEW_org.khanacademy.android"]
[debug] &amp#27;[35m[AndroidDriver]&amp#27;[39m Available contexts: ["NATIVE_APP","WEBVIEW_chrome","WEBVIEW_org.khanacademy.android"]
[debug] &amp#27;[35m[W3C (ebb62c54)]&amp#27;[39m Responding to client with driver.getContexts() result: ["NATIVE_APP","WEBVIEW_chrome","WEBVIEW_org.khanacademy.android"]
&amp#27;[35m[HTTP]&amp#27;[39m &amp#27;[37m<-- GET /wd/hub/session/ebb62c54-6b49-441c-b8af-5401626c3d62/contexts &amp#27;[39m&amp#27;[32m200&amp#27;[39m &amp#27;[90m681 ms - 75&amp#27;[39m
&amp#27;[35m[HTTP]&amp#27;[39m &amp#27;[90m&amp#27;[39m
NATIVE_APP
WEBVIEW_chrome
WEBVIEW_org.khanacademy.android
&amp#27;[35m[HTTP]&amp#27;[39m &amp#27;[37m-->&amp#27;[39m &amp#27;[37mPOST&amp#27;[39m &amp#27;[37m/wd/hub/session/ebb62c54-6b49-441c-b8af-5401626c3d62/context&amp#27;[39m
&amp#27;[35m[HTTP]&amp#27;[39m &amp#27;[90m{"name":"WEBVIEW_chrome"}&amp#27;[39m
[debug] &amp#27;[35m[W3C (ebb62c54)]&amp#27;[39m Calling AppiumDriver.setContext() with args: ["WEBVIEW_chrome","ebb62c54-6b49-441c-b8af-5401626c3d62"]
[debug] &amp#27;[35m[AndroidDriver]&amp#27;[39m Getting a list of available webviews
[debug] &amp#27;[35m[ADB]&amp#27;[39m Running 'C:\Users\MathanRajS\AppData\Local\Android\Sdk\platform-tools\adb.exe -P 5037 -s emulator-5554 shell cat /proc/net/unix'
&amp#27;[35m[AndroidDriver]&amp#27;[39m Not checking whether webviews have active pages; use the 'ensureWebviewsHavePages' cap to turn this check on
[debug] &amp#27;[35m[AndroidDriver]&amp#27;[39m WEBVIEW_15400 mapped to pid 15400
[debug] &amp#27;[35m[AndroidDriver]&amp#27;[39m Getting process name for webview
[debug] &amp#27;[35m[ADB]&amp#27;[39m Running 'C:\Users\MathanRajS\AppData\Local\Android\Sdk\platform-tools\adb.exe -P 5037 -s emulator-5554 shell ps'
[debug] &amp#27;[35m[AndroidDriver]&amp#27;[39m Parsed pid: '15400' pkg: 'org.khanacademy.android' from
[debug] &amp#27;[35m[AndroidDriver]&amp#27;[39m     USER           PID  PPID     VSZ    RSS WCHAN            ADDR S NAME
[debug] &amp#27;[35m[AndroidDriver]&amp#27;[39m     u0_a88       15400 24544 1695440 202872 SyS_epoll_wait      0 S org.khanacademy.android
[debug] &amp#27;[35m[AndroidDriver]&amp#27;[39m Returning process name: 'org.khanacademy.android'
[debug] &amp#27;[35m[AndroidDriver]&amp#27;[39m Found webviews: ["WEBVIEW_chrome","WEBVIEW_org.khanacademy.android"]
[debug] &amp#27;[35m[AndroidDriver]&amp#27;[39m Available contexts: ["NATIVE_APP","WEBVIEW_chrome","WEBVIEW_org.khanacademy.android"]
[debug] &amp#27;[35m[AndroidDriver]&amp#27;[39m Connecting to chrome-backed webview context 'WEBVIEW_chrome'
[debug] &amp#27;[35m[AndroidDriver]&amp#27;[39m A port was not given, using random free port: 8000
[debug] &amp#27;[35m[AndroidDriver]&amp#27;[39m Automated Chromedriver download is disabled. Use 'chromedriver_autodownload' server feature to enable it
[debug] &amp#27;[35m[AndroidDriver]&amp#27;[39m Before starting chromedriver, androidPackage is 'com.android.chrome'
[debug] &amp#27;[35m[Chromedriver]&amp#27;[39m Changed state to 'starting'
&amp#27;[35m[Chromedriver]&amp#27;[39m Set chromedriver binary as: C:\Users\MathanRajS\eclipse-workspace\CSEIBM23\drivers\chromedriver_87.exe
[debug] &amp#27;[35m[Chromedriver]&amp#27;[39m Killing any old chromedrivers, running: wmic process where "commandline like '%chromedriver.exe%--port=8000%'" delete
[debug] &amp#27;[35m[Chromedriver]&amp#27;[39m Successfully cleaned up old chromedrivers
[debug] &amp#27;[35m[Chromedriver]&amp#27;[39m Cleaning any old adb forwarded port socket connections
[debug] &amp#27;[35m[ADB]&amp#27;[39m List forwarding ports
[debug] &amp#27;[35m[ADB]&amp#27;[39m Running 'C:\Users\MathanRajS\AppData\Local\Android\Sdk\platform-tools\adb.exe -P 5037 -s emulator-5554 forward --list'
&amp#27;[35m[Chromedriver]&amp#27;[39m Spawning chromedriver with: C:\Users\MathanRajS\eclipse-workspace\CSEIBM23\drivers\chromedriver_87.exe --url-base=wd/hub --port=8000 --adb-port=5037 --verbose
[debug] &amp#27;[35m[Chromedriver]&amp#27;[39m Chromedriver version: '87.0.4280.88'
[debug] &amp#27;[35m[WD Proxy]&amp#27;[39m Matched '/status' to command name 'getStatus'
[debug] &amp#27;[35m[WD Proxy]&amp#27;[39m Proxying [GET /status] to [GET http://127.0.0.1:8000/wd/hub/status] with no body
&amp#27;[35m[WD Proxy]&amp#27;[39m Got response with unknown status: {"errno":-4078,"code":"ECONNREFUSED","syscall":"connect","address":"127.0.0.1","port":8000}
[debug] &amp#27;[35m[WD Proxy]&amp#27;[39m Matched '/status' to command name 'getStatus'
[debug] &amp#27;[35m[WD Proxy]&amp#27;[39m Proxying [GET /status] to [GET http://127.0.0.1:8000/wd/hub/status] with no body
[debug] &amp#27;[35m[WD Proxy]&amp#27;[39m Got response with status 200: {"value":{"build":{"version":"87.0.4280.88 (89e2380a3e36c3464b5dd1302349b1382549290d-refs/branch-heads/4280@{#1761})"},"message":"ChromeDriver ready for new sessions.","os":{"arch":"x86_64","name":"Windows NT","version":"10.0.18363"},"ready":true}}
&amp#27;[35m[Chromedriver]&amp#27;[39m Starting W3C Chromedriver session with capabilities: {
&amp#27;[35m[Chromedriver]&amp#27;[39m   "capabilities": {
&amp#27;[35m[Chromedriver]&amp#27;[39m     "alwaysMatch": {
&amp#27;[35m[Chromedriver]&amp#27;[39m       "goog:chromeOptions": {
&amp#27;[35m[Chromedriver]&amp#27;[39m         "androidPackage": "com.android.chrome",
&amp#27;[35m[Chromedriver]&amp#27;[39m         "androidUseRunningApp": true,
&amp#27;[35m[Chromedriver]&amp#27;[39m         "androidDeviceSerial": "emulator-5554"
&amp#27;[35m[Chromedriver]&amp#27;[39m       },
&amp#27;[35m[Chromedriver]&amp#27;[39m       "goog:loggingPrefs": {
&amp#27;[35m[Chromedriver]&amp#27;[39m         "browser": "ALL"
&amp#27;[35m[Chromedriver]&amp#27;[39m       }
&amp#27;[35m[Chromedriver]&amp#27;[39m     }
&amp#27;[35m[Chromedriver]&amp#27;[39m   }
&amp#27;[35m[Chromedriver]&amp#27;[39m }
[debug] &amp#27;[35m[WD Proxy]&amp#27;[39m Matched '/session' to command name 'createSession'
[debug] &amp#27;[35m[WD Proxy]&amp#27;[39m Proxying [POST /session] to [POST http://127.0.0.1:8000/wd/hub/session] with body: {"capabilities":{"alwaysMatch":{"goog:chromeOptions":{"androidPackage":"com.android.chrome","androidUseRunningApp":true,"androidDeviceSerial":"emulator-5554"},"goog:loggingPrefs":{"browser":"ALL"}}}}
[debug] &amp#27;[35m[Chromedriver]&amp#27;[39m Webview version: 'Chrome/87.0.4280.101'
[debug] &amp#27;[35m[WD Proxy]&amp#27;[39m Got response with status 200: {"value":{"capabilities":{"acceptInsecureCerts":false,"browserName":"chrome","browserVersion":"87.0.4280.101","chrome":{"chromedriverVersion":"87.0.4280.88 (89e2380a3e36c3464b5dd1302349b1382549290d-refs/branch-heads/4280@{#1761})"},"goog:chromeOptions":{"debuggerAddress":"localhost:56373"},"pageLoadStrategy":"normal","platformName":"android","proxy":{},"setWindowRect":false,"strictFileInteractability":false,"timeouts":{"implicit":0,"pageLoad":300000,"script":30000},"unhandledPromptBehavior":"dismiss and notify","webauthn:virtualAuthenticators":false},"sessionId":"2eb71fb1ae6027177851d96ebb980ba9"}}
&amp#27;[35m[WD Proxy]&amp#27;[39m Determined the downstream protocol as 'W3C'
[debug] &amp#27;[35m[Chromedriver]&amp#27;[39m Changed state to 'online'
[debug] &amp#27;[35m[W3C (ebb62c54)]&amp#27;[39m Responding to client with driver.setContext() result: null
&amp#27;[35m[HTTP]&amp#27;[39m &amp#27;[37m<-- POST /wd/hub/session/ebb62c54-6b49-441c-b8af-5401626c3d62/context &amp#27;[39m&amp#27;[32m200&amp#27;[39m &amp#27;[90m9371 ms - 14&amp#27;[39m
&amp#27;[35m[HTTP]&amp#27;[39m &amp#27;[90m&amp#27;[39m
&amp#27;[35m[HTTP]&amp#27;[39m &amp#27;[37m-->&amp#27;[39m &amp#27;[37mPOST&amp#27;[39m &amp#27;[37m/wd/hub/session/ebb62c54-6b49-441c-b8af-5401626c3d62/appium/device/press_keycode&amp#27;[39m
&amp#27;[35m[HTTP]&amp#27;[39m &amp#27;[90m{"keycode":4}&amp#27;[39m
[debug] &amp#27;[35m[W3C (ebb62c54)]&amp#27;[39m Calling AppiumDriver.pressKeyCode() with args: [4,null,null,null,null,"ebb62c54-6b49-441c-b8af-5401626c3d62"]
[debug] &amp#27;[35m[WD Proxy]&amp#27;[39m Matched '/appium/device/press_keycode' to command name 'pressKeyCode'
[debug] &amp#27;[35m[WD Proxy]&amp#27;[39m Proxying [POST /appium/device/press_keycode] to [POST http://127.0.0.1:8200/wd/hub/session/9a894636-8253-4a63-b19c-662c637409ff/appium/device/press_keycode] with body: {"keycode":4,"metastate":null,"flags":null}
[debug] &amp#27;[35m[WD Proxy]&amp#27;[39m Got response with status 200: {"sessionId":"9a894636-8253-4a63-b19c-662c637409ff","value":null}
[debug] &amp#27;[35m[W3C (ebb62c54)]&amp#27;[39m Responding to client with driver.pressKeyCode() result: null
&amp#27;[35m[HTTP]&amp#27;[39m &amp#27;[37m<-- POST /wd/hub/session/ebb62c54-6b49-441c-b8af-5401626c3d62/appium/device/press_keycode &amp#27;[39m&amp#27;[32m200&amp#27;[39m &amp#27;[90m144 ms - 14&amp#27;[39m
&amp#27;[35m[HTTP]&amp#27;[39m &amp#27;[90m&amp#27;[39m
&amp#27;[35m[HTTP]&amp#27;[39m &amp#27;[37m-->&amp#27;[39m &amp#27;[37mPOST&amp#27;[39m &amp#27;[37m/wd/hub/session/ebb62c54-6b49-441c-b8af-5401626c3d62/context&amp#27;[39m
&amp#27;[35m[HTTP]&amp#27;[39m &amp#27;[90m{"name":"NATIVE_APP"}&amp#27;[39m
[debug] &amp#27;[35m[W3C (ebb62c54)]&amp#27;[39m Calling AppiumDriver.setContext() with args: ["NATIVE_APP","ebb62c54-6b49-441c-b8af-5401626c3d62"]
[debug] &amp#27;[35m[AndroidDriver]&amp#27;[39m Getting a list of available webviews
[debug] &amp#27;[35m[ADB]&amp#27;[39m Running 'C:\Users\MathanRajS\AppData\Local\Android\Sdk\platform-tools\adb.exe -P 5037 -s emulator-5554 shell cat /proc/net/unix'
&amp#27;[35m[AndroidDriver]&amp#27;[39m Not checking whether webviews have active pages; use the 'ensureWebviewsHavePages' cap to turn this check on
[debug] &amp#27;[35m[AndroidDriver]&amp#27;[39m WEBVIEW_15400 mapped to pid 15400
[debug] &amp#27;[35m[AndroidDriver]&amp#27;[39m Getting process name for webview
[debug] &amp#27;[35m[ADB]&amp#27;[39m Running 'C:\Users\MathanRajS\AppData\Local\Android\Sdk\platform-tools\adb.exe -P 5037 -s emulator-5554 shell ps'
[debug] &amp#27;[35m[AndroidDriver]&amp#27;[39m Parsed pid: '15400' pkg: 'org.khanacademy.android' from
[debug] &amp#27;[35m[AndroidDriver]&amp#27;[39m     USER           PID  PPID     VSZ    RSS WCHAN            ADDR S NAME
[debug] &amp#27;[35m[AndroidDriver]&amp#27;[39m     u0_a88       15400 24544 1693312 197848 binder_thread_read  0 S org.khanacademy.android
[debug] &amp#27;[35m[AndroidDriver]&amp#27;[39m Returning process name: 'org.khanacademy.android'
[debug] &amp#27;[35m[AndroidDriver]&amp#27;[39m Found webviews: ["WEBVIEW_chrome","WEBVIEW_org.khanacademy.android"]
[debug] &amp#27;[35m[AndroidDriver]&amp#27;[39m Available contexts: ["NATIVE_APP","WEBVIEW_chrome","WEBVIEW_org.khanacademy.android"]
[debug] &amp#27;[35m[W3C (ebb62c54)]&amp#27;[39m Responding to client with driver.setContext() result: null
&amp#27;[35m[HTTP]&amp#27;[39m &amp#27;[37m<-- POST /wd/hub/session/ebb62c54-6b49-441c-b8af-5401626c3d62/context &amp#27;[39m&amp#27;[32m200&amp#27;[39m &amp#27;[90m556 ms - 14&amp#27;[39m
&amp#27;[35m[HTTP]&amp#27;[39m &amp#27;[90m&amp#27;[39m
]]></system-out>
  </testcase>
  <testcase name="TC_004" classname="SDETAssignment.KhanAcademy.TC_01" time="11.423">
    <system-out><![CDATA[&amp#27;[35m[HTTP]&amp#27;[39m &amp#27;[37m-->&amp#27;[39m &amp#27;[37mPOST&amp#27;[39m &amp#27;[37m/wd/hub/session/ebb62c54-6b49-441c-b8af-5401626c3d62/element&amp#27;[39m
&amp#27;[35m[HTTP]&amp#27;[39m &amp#27;[90m{"using":"-android uiautomator","value":"UiSelector().text(\"Manage teachers\")"}&amp#27;[39m
[debug] &amp#27;[35m[W3C (ebb62c54)]&amp#27;[39m Calling AppiumDriver.findElement() with args: ["-android uiautomator","UiSelector().text(\"Manage teachers\")","ebb62c54-6b49-441c-b8af-5401626c3d62"]
[debug] &amp#27;[35m[BaseDriver]&amp#27;[39m Valid locator strategies for this request: xpath, id, class name, accessibility id, -android uiautomator
[debug] &amp#27;[35m[BaseDriver]&amp#27;[39m Waiting up to 0 ms for condition
[debug] &amp#27;[35m[WD Proxy]&amp#27;[39m Matched '/element' to command name 'findElement'
[debug] &amp#27;[35m[WD Proxy]&amp#27;[39m Proxying [POST /element] to [POST http://127.0.0.1:8200/wd/hub/session/9a894636-8253-4a63-b19c-662c637409ff/element] with body: {"strategy":"-android uiautomator","selector":"UiSelector().text(\"Manage teachers\")","context":"","multiple":false}
[debug] &amp#27;[35m[WD Proxy]&amp#27;[39m Got response with status 200: {"sessionId":"9a894636-8253-4a63-b19c-662c637409ff","value":{"ELEMENT":"2cd384b0-d4e9-4e4e-90aa-1ee91184f394","element-6066-11e4-a52e-4f735466cecf":"2cd384b0-d4e9-4e4e-90aa-1ee91184f394"}}
[debug] &amp#27;[35m[W3C (ebb62c54)]&amp#27;[39m Responding to client with driver.findElement() result: {"element-6066-11e4-a52e-4f735466cecf":"2cd384b0-d4e9-4e4e-90aa-1ee91184f394","ELEMENT":"2cd384b0-d4e9-4e4e-90aa-1ee91184f394"}
&amp#27;[35m[HTTP]&amp#27;[39m &amp#27;[37m<-- POST /wd/hub/session/ebb62c54-6b49-441c-b8af-5401626c3d62/element &amp#27;[39m&amp#27;[32m200&amp#27;[39m &amp#27;[90m2568 ms - 137&amp#27;[39m
&amp#27;[35m[HTTP]&amp#27;[39m &amp#27;[90m&amp#27;[39m
&amp#27;[35m[HTTP]&amp#27;[39m &amp#27;[37m-->&amp#27;[39m &amp#27;[37mPOST&amp#27;[39m &amp#27;[37m/wd/hub/session/ebb62c54-6b49-441c-b8af-5401626c3d62/element/2cd384b0-d4e9-4e4e-90aa-1ee91184f394/click&amp#27;[39m
&amp#27;[35m[HTTP]&amp#27;[39m &amp#27;[90m{"id":"2cd384b0-d4e9-4e4e-90aa-1ee91184f394"}&amp#27;[39m
[debug] &amp#27;[35m[W3C (ebb62c54)]&amp#27;[39m Calling AppiumDriver.click() with args: ["2cd384b0-d4e9-4e4e-90aa-1ee91184f394","ebb62c54-6b49-441c-b8af-5401626c3d62"]
[debug] &amp#27;[35m[WD Proxy]&amp#27;[39m Matched '/element/2cd384b0-d4e9-4e4e-90aa-1ee91184f394/click' to command name 'click'
[debug] &amp#27;[35m[WD Proxy]&amp#27;[39m Proxying [POST /element/2cd384b0-d4e9-4e4e-90aa-1ee91184f394/click] to [POST http://127.0.0.1:8200/wd/hub/session/9a894636-8253-4a63-b19c-662c637409ff/element/2cd384b0-d4e9-4e4e-90aa-1ee91184f394/click] with body: {"element":"2cd384b0-d4e9-4e4e-90aa-1ee91184f394"}
[debug] &amp#27;[35m[WD Proxy]&amp#27;[39m Got response with status 200: {"sessionId":"9a894636-8253-4a63-b19c-662c637409ff","value":null}
[debug] &amp#27;[35m[W3C (ebb62c54)]&amp#27;[39m Responding to client with driver.click() result: null
&amp#27;[35m[HTTP]&amp#27;[39m &amp#27;[37m<-- POST /wd/hub/session/ebb62c54-6b49-441c-b8af-5401626c3d62/element/2cd384b0-d4e9-4e4e-90aa-1ee91184f394/click &amp#27;[39m&amp#27;[32m200&amp#27;[39m &amp#27;[90m2211 ms - 14&amp#27;[39m
&amp#27;[35m[HTTP]&amp#27;[39m &amp#27;[90m&amp#27;[39m
&amp#27;[35m[HTTP]&amp#27;[39m &amp#27;[37m-->&amp#27;[39m &amp#27;[37mPOST&amp#27;[39m &amp#27;[37m/wd/hub/session/ebb62c54-6b49-441c-b8af-5401626c3d62/element&amp#27;[39m
&amp#27;[35m[HTTP]&amp#27;[39m &amp#27;[90m{"using":"accessibility id","value":"Delete"}&amp#27;[39m
[debug] &amp#27;[35m[W3C (ebb62c54)]&amp#27;[39m Calling AppiumDriver.findElement() with args: ["accessibility id","Delete","ebb62c54-6b49-441c-b8af-5401626c3d62"]
[debug] &amp#27;[35m[BaseDriver]&amp#27;[39m Valid locator strategies for this request: xpath, id, class name, accessibility id, -android uiautomator
[debug] &amp#27;[35m[BaseDriver]&amp#27;[39m Waiting up to 0 ms for condition
[debug] &amp#27;[35m[WD Proxy]&amp#27;[39m Matched '/element' to command name 'findElement'
[debug] &amp#27;[35m[WD Proxy]&amp#27;[39m Proxying [POST /element] to [POST http://127.0.0.1:8200/wd/hub/session/9a894636-8253-4a63-b19c-662c637409ff/element] with body: {"strategy":"accessibility id","selector":"Delete","context":"","multiple":false}
[debug] &amp#27;[35m[WD Proxy]&amp#27;[39m Got response with status 200: {"sessionId":"9a894636-8253-4a63-b19c-662c637409ff","value":{"ELEMENT":"191aaa21-590a-458f-9d64-50db250967a0","element-6066-11e4-a52e-4f735466cecf":"191aaa21-590a-458f-9d64-50db250967a0"}}
[debug] &amp#27;[35m[W3C (ebb62c54)]&amp#27;[39m Responding to client with driver.findElement() result: {"element-6066-11e4-a52e-4f735466cecf":"191aaa21-590a-458f-9d64-50db250967a0","ELEMENT":"191aaa21-590a-458f-9d64-50db250967a0"}
&amp#27;[35m[HTTP]&amp#27;[39m &amp#27;[37m<-- POST /wd/hub/session/ebb62c54-6b49-441c-b8af-5401626c3d62/element &amp#27;[39m&amp#27;[32m200&amp#27;[39m &amp#27;[90m71 ms - 137&amp#27;[39m
&amp#27;[35m[HTTP]&amp#27;[39m &amp#27;[90m&amp#27;[39m
&amp#27;[35m[HTTP]&amp#27;[39m &amp#27;[37m-->&amp#27;[39m &amp#27;[37mPOST&amp#27;[39m &amp#27;[37m/wd/hub/session/ebb62c54-6b49-441c-b8af-5401626c3d62/element/191aaa21-590a-458f-9d64-50db250967a0/click&amp#27;[39m
&amp#27;[35m[HTTP]&amp#27;[39m &amp#27;[90m{"id":"191aaa21-590a-458f-9d64-50db250967a0"}&amp#27;[39m
[debug] &amp#27;[35m[W3C (ebb62c54)]&amp#27;[39m Calling AppiumDriver.click() with args: ["191aaa21-590a-458f-9d64-50db250967a0","ebb62c54-6b49-441c-b8af-5401626c3d62"]
[debug] &amp#27;[35m[WD Proxy]&amp#27;[39m Matched '/element/191aaa21-590a-458f-9d64-50db250967a0/click' to command name 'click'
[debug] &amp#27;[35m[WD Proxy]&amp#27;[39m Proxying [POST /element/191aaa21-590a-458f-9d64-50db250967a0/click] to [POST http://127.0.0.1:8200/wd/hub/session/9a894636-8253-4a63-b19c-662c637409ff/element/191aaa21-590a-458f-9d64-50db250967a0/click] with body: {"element":"191aaa21-590a-458f-9d64-50db250967a0"}
[debug] &amp#27;[35m[WD Proxy]&amp#27;[39m Got response with status 200: {"sessionId":"9a894636-8253-4a63-b19c-662c637409ff","value":null}
[debug] &amp#27;[35m[W3C (ebb62c54)]&amp#27;[39m Responding to client with driver.click() result: null
&amp#27;[35m[HTTP]&amp#27;[39m &amp#27;[37m<-- POST /wd/hub/session/ebb62c54-6b49-441c-b8af-5401626c3d62/element/191aaa21-590a-458f-9d64-50db250967a0/click &amp#27;[39m&amp#27;[32m200&amp#27;[39m &amp#27;[90m54 ms - 14&amp#27;[39m
&amp#27;[35m[HTTP]&amp#27;[39m &amp#27;[90m&amp#27;[39m
&amp#27;[35m[HTTP]&amp#27;[39m &amp#27;[37m-->&amp#27;[39m &amp#27;[37mPOST&amp#27;[39m &amp#27;[37m/wd/hub/session/ebb62c54-6b49-441c-b8af-5401626c3d62/element&amp#27;[39m
&amp#27;[35m[HTTP]&amp#27;[39m &amp#27;[90m{"using":"id","value":"android:id/button1"}&amp#27;[39m
[debug] &amp#27;[35m[W3C (ebb62c54)]&amp#27;[39m Calling AppiumDriver.findElement() with args: ["id","android:id/button1","ebb62c54-6b49-441c-b8af-5401626c3d62"]
[debug] &amp#27;[35m[BaseDriver]&amp#27;[39m Valid locator strategies for this request: xpath, id, class name, accessibility id, -android uiautomator
[debug] &amp#27;[35m[BaseDriver]&amp#27;[39m Waiting up to 0 ms for condition
[debug] &amp#27;[35m[WD Proxy]&amp#27;[39m Matched '/element' to command name 'findElement'
[debug] &amp#27;[35m[WD Proxy]&amp#27;[39m Proxying [POST /element] to [POST http://127.0.0.1:8200/wd/hub/session/9a894636-8253-4a63-b19c-662c637409ff/element] with body: {"strategy":"id","selector":"android:id/button1","context":"","multiple":false}
[debug] &amp#27;[35m[WD Proxy]&amp#27;[39m Got response with status 200: {"sessionId":"9a894636-8253-4a63-b19c-662c637409ff","value":{"ELEMENT":"ee008715-2089-4368-9fb7-82950ab828c4","element-6066-11e4-a52e-4f735466cecf":"ee008715-2089-4368-9fb7-82950ab828c4"}}
[debug] &amp#27;[35m[W3C (ebb62c54)]&amp#27;[39m Responding to client with driver.findElement() result: {"element-6066-11e4-a52e-4f735466cecf":"ee008715-2089-4368-9fb7-82950ab828c4","ELEMENT":"ee008715-2089-4368-9fb7-82950ab828c4"}
&amp#27;[35m[HTTP]&amp#27;[39m &amp#27;[37m<-- POST /wd/hub/session/ebb62c54-6b49-441c-b8af-5401626c3d62/element &amp#27;[39m&amp#27;[32m200&amp#27;[39m &amp#27;[90m45 ms - 137&amp#27;[39m
&amp#27;[35m[HTTP]&amp#27;[39m &amp#27;[90m&amp#27;[39m
&amp#27;[35m[HTTP]&amp#27;[39m &amp#27;[37m-->&amp#27;[39m &amp#27;[37mPOST&amp#27;[39m &amp#27;[37m/wd/hub/session/ebb62c54-6b49-441c-b8af-5401626c3d62/element/ee008715-2089-4368-9fb7-82950ab828c4/click&amp#27;[39m
&amp#27;[35m[HTTP]&amp#27;[39m &amp#27;[90m{"id":"ee008715-2089-4368-9fb7-82950ab828c4"}&amp#27;[39m
[debug] &amp#27;[35m[W3C (ebb62c54)]&amp#27;[39m Calling AppiumDriver.click() with args: ["ee008715-2089-4368-9fb7-82950ab828c4","ebb62c54-6b49-441c-b8af-5401626c3d62"]
[debug] &amp#27;[35m[WD Proxy]&amp#27;[39m Matched '/element/ee008715-2089-4368-9fb7-82950ab828c4/click' to command name 'click'
[debug] &amp#27;[35m[WD Proxy]&amp#27;[39m Proxying [POST /element/ee008715-2089-4368-9fb7-82950ab828c4/click] to [POST http://127.0.0.1:8200/wd/hub/session/9a894636-8253-4a63-b19c-662c637409ff/element/ee008715-2089-4368-9fb7-82950ab828c4/click] with body: {"element":"ee008715-2089-4368-9fb7-82950ab828c4"}
[debug] &amp#27;[35m[WD Proxy]&amp#27;[39m Got response with status 200: {"sessionId":"9a894636-8253-4a63-b19c-662c637409ff","value":null}
[debug] &amp#27;[35m[W3C (ebb62c54)]&amp#27;[39m Responding to client with driver.click() result: null
&amp#27;[35m[HTTP]&amp#27;[39m &amp#27;[37m<-- POST /wd/hub/session/ebb62c54-6b49-441c-b8af-5401626c3d62/element/ee008715-2089-4368-9fb7-82950ab828c4/click &amp#27;[39m&amp#27;[32m200&amp#27;[39m &amp#27;[90m43 ms - 14&amp#27;[39m
&amp#27;[35m[HTTP]&amp#27;[39m &amp#27;[90m&amp#27;[39m
&amp#27;[35m[HTTP]&amp#27;[39m &amp#27;[37m-->&amp#27;[39m &amp#27;[37mPOST&amp#27;[39m &amp#27;[37m/wd/hub/session/ebb62c54-6b49-441c-b8af-5401626c3d62/element&amp#27;[39m
&amp#27;[35m[HTTP]&amp#27;[39m &amp#27;[90m{"using":"xpath","value":"//android.widget.Button[@content-desc='Dismiss']/android.widget.ImageView"}&amp#27;[39m
[debug] &amp#27;[35m[W3C (ebb62c54)]&amp#27;[39m Calling AppiumDriver.findElement() with args: ["xpath","//android.widget.Button[@content-desc='Dismiss']/android.widget.ImageView","ebb62c54-6b49-441c-b8af-5401626c3d62"]
[debug] &amp#27;[35m[BaseDriver]&amp#27;[39m Valid locator strategies for this request: xpath, id, class name, accessibility id, -android uiautomator
[debug] &amp#27;[35m[BaseDriver]&amp#27;[39m Waiting up to 0 ms for condition
[debug] &amp#27;[35m[WD Proxy]&amp#27;[39m Matched '/element' to command name 'findElement'
[debug] &amp#27;[35m[WD Proxy]&amp#27;[39m Proxying [POST /element] to [POST http://127.0.0.1:8200/wd/hub/session/9a894636-8253-4a63-b19c-662c637409ff/element] with body: {"strategy":"xpath","selector":"//android.widget.Button[@content-desc='Dismiss']/android.widget.ImageView","context":"","multiple":false}
[debug] &amp#27;[35m[WD Proxy]&amp#27;[39m Got response with status 200: {"sessionId":"9a894636-8253-4a63-b19c-662c637409ff","value":{"ELEMENT":"239c7092-23f9-41fe-a809-aa7cb0a3b8d3","element-6066-11e4-a52e-4f735466cecf":"239c7092-23f9-41fe-a809-aa7cb0a3b8d3"}}
[debug] &amp#27;[35m[W3C (ebb62c54)]&amp#27;[39m Responding to client with driver.findElement() result: {"element-6066-11e4-a52e-4f735466cecf":"239c7092-23f9-41fe-a809-aa7cb0a3b8d3","ELEMENT":"239c7092-23f9-41fe-a809-aa7cb0a3b8d3"}
&amp#27;[35m[HTTP]&amp#27;[39m &amp#27;[37m<-- POST /wd/hub/session/ebb62c54-6b49-441c-b8af-5401626c3d62/element &amp#27;[39m&amp#27;[32m200&amp#27;[39m &amp#27;[90m894 ms - 137&amp#27;[39m
&amp#27;[35m[HTTP]&amp#27;[39m &amp#27;[90m&amp#27;[39m
&amp#27;[35m[HTTP]&amp#27;[39m &amp#27;[37m-->&amp#27;[39m &amp#27;[37mPOST&amp#27;[39m &amp#27;[37m/wd/hub/session/ebb62c54-6b49-441c-b8af-5401626c3d62/element/239c7092-23f9-41fe-a809-aa7cb0a3b8d3/click&amp#27;[39m
&amp#27;[35m[HTTP]&amp#27;[39m &amp#27;[90m{"id":"239c7092-23f9-41fe-a809-aa7cb0a3b8d3"}&amp#27;[39m
[debug] &amp#27;[35m[W3C (ebb62c54)]&amp#27;[39m Calling AppiumDriver.click() with args: ["239c7092-23f9-41fe-a809-aa7cb0a3b8d3","ebb62c54-6b49-441c-b8af-5401626c3d62"]
[debug] &amp#27;[35m[WD Proxy]&amp#27;[39m Matched '/element/239c7092-23f9-41fe-a809-aa7cb0a3b8d3/click' to command name 'click'
[debug] &amp#27;[35m[WD Proxy]&amp#27;[39m Proxying [POST /element/239c7092-23f9-41fe-a809-aa7cb0a3b8d3/click] to [POST http://127.0.0.1:8200/wd/hub/session/9a894636-8253-4a63-b19c-662c637409ff/element/239c7092-23f9-41fe-a809-aa7cb0a3b8d3/click] with body: {"element":"239c7092-23f9-41fe-a809-aa7cb0a3b8d3"}
[debug] &amp#27;[35m[WD Proxy]&amp#27;[39m Got response with status 200: {"sessionId":"9a894636-8253-4a63-b19c-662c637409ff","value":null}
[debug] &amp#27;[35m[W3C (ebb62c54)]&amp#27;[39m Responding to client with driver.click() result: null
&amp#27;[35m[HTTP]&amp#27;[39m &amp#27;[37m<-- POST /wd/hub/session/ebb62c54-6b49-441c-b8af-5401626c3d62/element/239c7092-23f9-41fe-a809-aa7cb0a3b8d3/click &amp#27;[39m&amp#27;[32m200&amp#27;[39m &amp#27;[90m40 ms - 14&amp#27;[39m
&amp#27;[35m[HTTP]&amp#27;[39m &amp#27;[90m&amp#27;[39m
]]></system-out>
  </testcase>
  <testcase name="TC_005" classname="SDETAssignment.KhanAcademy.TC_01" time="10.313">
    <system-out><![CDATA[&amp#27;[35m[HTTP]&amp#27;[39m &amp#27;[37m-->&amp#27;[39m &amp#27;[37mPOST&amp#27;[39m &amp#27;[37m/wd/hub/session/ebb62c54-6b49-441c-b8af-5401626c3d62/element&amp#27;[39m
&amp#27;[35m[HTTP]&amp#27;[39m &amp#27;[90m{"using":"xpath","value":"//android.widget.Button[@index='4']"}&amp#27;[39m
[debug] &amp#27;[35m[W3C (ebb62c54)]&amp#27;[39m Calling AppiumDriver.findElement() with args: ["xpath","//android.widget.Button[@index='4']","ebb62c54-6b49-441c-b8af-5401626c3d62"]
[debug] &amp#27;[35m[BaseDriver]&amp#27;[39m Valid locator strategies for this request: xpath, id, class name, accessibility id, -android uiautomator
[debug] &amp#27;[35m[BaseDriver]&amp#27;[39m Waiting up to 0 ms for condition
[debug] &amp#27;[35m[WD Proxy]&amp#27;[39m Matched '/element' to command name 'findElement'
[debug] &amp#27;[35m[WD Proxy]&amp#27;[39m Proxying [POST /element] to [POST http://127.0.0.1:8200/wd/hub/session/9a894636-8253-4a63-b19c-662c637409ff/element] with body: {"strategy":"xpath","selector":"//android.widget.Button[@index='4']","context":"","multiple":false}
[debug] &amp#27;[35m[WD Proxy]&amp#27;[39m Got response with status 200: {"sessionId":"9a894636-8253-4a63-b19c-662c637409ff","value":{"ELEMENT":"f5cf7a19-1872-42de-8ad2-89e7f4ad6f0a","element-6066-11e4-a52e-4f735466cecf":"f5cf7a19-1872-42de-8ad2-89e7f4ad6f0a"}}
[debug] &amp#27;[35m[W3C (ebb62c54)]&amp#27;[39m Responding to client with driver.findElement() result: {"element-6066-11e4-a52e-4f735466cecf":"f5cf7a19-1872-42de-8ad2-89e7f4ad6f0a","ELEMENT":"f5cf7a19-1872-42de-8ad2-89e7f4ad6f0a"}
&amp#27;[35m[HTTP]&amp#27;[39m &amp#27;[37m<-- POST /wd/hub/session/ebb62c54-6b49-441c-b8af-5401626c3d62/element &amp#27;[39m&amp#27;[32m200&amp#27;[39m &amp#27;[90m532 ms - 137&amp#27;[39m
&amp#27;[35m[HTTP]&amp#27;[39m &amp#27;[90m&amp#27;[39m
&amp#27;[35m[HTTP]&amp#27;[39m &amp#27;[37m-->&amp#27;[39m &amp#27;[37mPOST&amp#27;[39m &amp#27;[37m/wd/hub/session/ebb62c54-6b49-441c-b8af-5401626c3d62/element/f5cf7a19-1872-42de-8ad2-89e7f4ad6f0a/click&amp#27;[39m
&amp#27;[35m[HTTP]&amp#27;[39m &amp#27;[90m{"id":"f5cf7a19-1872-42de-8ad2-89e7f4ad6f0a"}&amp#27;[39m
[debug] &amp#27;[35m[W3C (ebb62c54)]&amp#27;[39m Calling AppiumDriver.click() with args: ["f5cf7a19-1872-42de-8ad2-89e7f4ad6f0a","ebb62c54-6b49-441c-b8af-5401626c3d62"]
[debug] &amp#27;[35m[WD Proxy]&amp#27;[39m Matched '/element/f5cf7a19-1872-42de-8ad2-89e7f4ad6f0a/click' to command name 'click'
[debug] &amp#27;[35m[WD Proxy]&amp#27;[39m Proxying [POST /element/f5cf7a19-1872-42de-8ad2-89e7f4ad6f0a/click] to [POST http://127.0.0.1:8200/wd/hub/session/9a894636-8253-4a63-b19c-662c637409ff/element/f5cf7a19-1872-42de-8ad2-89e7f4ad6f0a/click] with body: {"element":"f5cf7a19-1872-42de-8ad2-89e7f4ad6f0a"}
[debug] &amp#27;[35m[WD Proxy]&amp#27;[39m Got response with status 200: {"sessionId":"9a894636-8253-4a63-b19c-662c637409ff","value":null}
[debug] &amp#27;[35m[W3C (ebb62c54)]&amp#27;[39m Responding to client with driver.click() result: null
&amp#27;[35m[HTTP]&amp#27;[39m &amp#27;[37m<-- POST /wd/hub/session/ebb62c54-6b49-441c-b8af-5401626c3d62/element/f5cf7a19-1872-42de-8ad2-89e7f4ad6f0a/click &amp#27;[39m&amp#27;[32m200&amp#27;[39m &amp#27;[90m71 ms - 14&amp#27;[39m
&amp#27;[35m[HTTP]&amp#27;[39m &amp#27;[90m&amp#27;[39m
&amp#27;[35m[HTTP]&amp#27;[39m &amp#27;[37m-->&amp#27;[39m &amp#27;[37mPOST&amp#27;[39m &amp#27;[37m/wd/hub/session/ebb62c54-6b49-441c-b8af-5401626c3d62/element&amp#27;[39m
&amp#27;[35m[HTTP]&amp#27;[39m &amp#27;[90m{"using":"id","value":"android:id/button1"}&amp#27;[39m
[debug] &amp#27;[35m[W3C (ebb62c54)]&amp#27;[39m Calling AppiumDriver.findElement() with args: ["id","android:id/button1","ebb62c54-6b49-441c-b8af-5401626c3d62"]
[debug] &amp#27;[35m[BaseDriver]&amp#27;[39m Valid locator strategies for this request: xpath, id, class name, accessibility id, -android uiautomator
[debug] &amp#27;[35m[BaseDriver]&amp#27;[39m Waiting up to 0 ms for condition
[debug] &amp#27;[35m[WD Proxy]&amp#27;[39m Matched '/element' to command name 'findElement'
[debug] &amp#27;[35m[WD Proxy]&amp#27;[39m Proxying [POST /element] to [POST http://127.0.0.1:8200/wd/hub/session/9a894636-8253-4a63-b19c-662c637409ff/element] with body: {"strategy":"id","selector":"android:id/button1","context":"","multiple":false}
[debug] &amp#27;[35m[WD Proxy]&amp#27;[39m Got response with status 200: {"sessionId":"9a894636-8253-4a63-b19c-662c637409ff","value":{"ELEMENT":"833b04c7-05f5-4f22-a18c-78e51799f879","element-6066-11e4-a52e-4f735466cecf":"833b04c7-05f5-4f22-a18c-78e51799f879"}}
[debug] &amp#27;[35m[W3C (ebb62c54)]&amp#27;[39m Responding to client with driver.findElement() result: {"element-6066-11e4-a52e-4f735466cecf":"833b04c7-05f5-4f22-a18c-78e51799f879","ELEMENT":"833b04c7-05f5-4f22-a18c-78e51799f879"}
&amp#27;[35m[HTTP]&amp#27;[39m &amp#27;[37m<-- POST /wd/hub/session/ebb62c54-6b49-441c-b8af-5401626c3d62/element &amp#27;[39m&amp#27;[32m200&amp#27;[39m &amp#27;[90m108 ms - 137&amp#27;[39m
&amp#27;[35m[HTTP]&amp#27;[39m &amp#27;[90m&amp#27;[39m
&amp#27;[35m[HTTP]&amp#27;[39m &amp#27;[37m-->&amp#27;[39m &amp#27;[37mPOST&amp#27;[39m &amp#27;[37m/wd/hub/session/ebb62c54-6b49-441c-b8af-5401626c3d62/element/833b04c7-05f5-4f22-a18c-78e51799f879/click&amp#27;[39m
&amp#27;[35m[HTTP]&amp#27;[39m &amp#27;[90m{"id":"833b04c7-05f5-4f22-a18c-78e51799f879"}&amp#27;[39m
[debug] &amp#27;[35m[W3C (ebb62c54)]&amp#27;[39m Calling AppiumDriver.click() with args: ["833b04c7-05f5-4f22-a18c-78e51799f879","ebb62c54-6b49-441c-b8af-5401626c3d62"]
[debug] &amp#27;[35m[WD Proxy]&amp#27;[39m Matched '/element/833b04c7-05f5-4f22-a18c-78e51799f879/click' to command name 'click'
[debug] &amp#27;[35m[WD Proxy]&amp#27;[39m Proxying [POST /element/833b04c7-05f5-4f22-a18c-78e51799f879/click] to [POST http://127.0.0.1:8200/wd/hub/session/9a894636-8253-4a63-b19c-662c637409ff/element/833b04c7-05f5-4f22-a18c-78e51799f879/click] with body: {"element":"833b04c7-05f5-4f22-a18c-78e51799f879"}
[debug] &amp#27;[35m[WD Proxy]&amp#27;[39m Got response with status 200: {"sessionId":"9a894636-8253-4a63-b19c-662c637409ff","value":null}
[debug] &amp#27;[35m[W3C (ebb62c54)]&amp#27;[39m Responding to client with driver.click() result: null
&amp#27;[35m[HTTP]&amp#27;[39m &amp#27;[37m<-- POST /wd/hub/session/ebb62c54-6b49-441c-b8af-5401626c3d62/element/833b04c7-05f5-4f22-a18c-78e51799f879/click &amp#27;[39m&amp#27;[32m200&amp#27;[39m &amp#27;[90m61 ms - 14&amp#27;[39m
&amp#27;[35m[HTTP]&amp#27;[39m &amp#27;[90m&amp#27;[39m
&amp#27;[35m[HTTP]&amp#27;[39m &amp#27;[37m-->&amp#27;[39m &amp#27;[37mPOST&amp#27;[39m &amp#27;[37m/wd/hub/session/ebb62c54-6b49-441c-b8af-5401626c3d62/element&amp#27;[39m
&amp#27;[35m[HTTP]&amp#27;[39m &amp#27;[90m{"using":"xpath","value":"//android.widget.Button[@content-desc='Back']"}&amp#27;[39m
[debug] &amp#27;[35m[W3C (ebb62c54)]&amp#27;[39m Calling AppiumDriver.findElement() with args: ["xpath","//android.widget.Button[@content-desc='Back']","ebb62c54-6b49-441c-b8af-5401626c3d62"]
[debug] &amp#27;[35m[BaseDriver]&amp#27;[39m Valid locator strategies for this request: xpath, id, class name, accessibility id, -android uiautomator
[debug] &amp#27;[35m[BaseDriver]&amp#27;[39m Waiting up to 0 ms for condition
[debug] &amp#27;[35m[WD Proxy]&amp#27;[39m Matched '/element' to command name 'findElement'
[debug] &amp#27;[35m[WD Proxy]&amp#27;[39m Proxying [POST /element] to [POST http://127.0.0.1:8200/wd/hub/session/9a894636-8253-4a63-b19c-662c637409ff/element] with body: {"strategy":"xpath","selector":"//android.widget.Button[@content-desc='Back']","context":"","multiple":false}
[debug] &amp#27;[35m[WD Proxy]&amp#27;[39m Got response with status 200: {"sessionId":"9a894636-8253-4a63-b19c-662c637409ff","value":{"ELEMENT":"463bd353-9d6d-4c90-a0be-950028f6a1c0","element-6066-11e4-a52e-4f735466cecf":"463bd353-9d6d-4c90-a0be-950028f6a1c0"}}
[debug] &amp#27;[35m[W3C (ebb62c54)]&amp#27;[39m Responding to client with driver.findElement() result: {"element-6066-11e4-a52e-4f735466cecf":"463bd353-9d6d-4c90-a0be-950028f6a1c0","ELEMENT":"463bd353-9d6d-4c90-a0be-950028f6a1c0"}
&amp#27;[35m[HTTP]&amp#27;[39m &amp#27;[37m<-- POST /wd/hub/session/ebb62c54-6b49-441c-b8af-5401626c3d62/element &amp#27;[39m&amp#27;[32m200&amp#27;[39m &amp#27;[90m1009 ms - 137&amp#27;[39m
&amp#27;[35m[HTTP]&amp#27;[39m &amp#27;[90m&amp#27;[39m
&amp#27;[35m[HTTP]&amp#27;[39m &amp#27;[37m-->&amp#27;[39m &amp#27;[37mPOST&amp#27;[39m &amp#27;[37m/wd/hub/session/ebb62c54-6b49-441c-b8af-5401626c3d62/element/463bd353-9d6d-4c90-a0be-950028f6a1c0/click&amp#27;[39m
&amp#27;[35m[HTTP]&amp#27;[39m &amp#27;[90m{"id":"463bd353-9d6d-4c90-a0be-950028f6a1c0"}&amp#27;[39m
[debug] &amp#27;[35m[W3C (ebb62c54)]&amp#27;[39m Calling AppiumDriver.click() with args: ["463bd353-9d6d-4c90-a0be-950028f6a1c0","ebb62c54-6b49-441c-b8af-5401626c3d62"]
[debug] &amp#27;[35m[WD Proxy]&amp#27;[39m Matched '/element/463bd353-9d6d-4c90-a0be-950028f6a1c0/click' to command name 'click'
[debug] &amp#27;[35m[WD Proxy]&amp#27;[39m Proxying [POST /element/463bd353-9d6d-4c90-a0be-950028f6a1c0/click] to [POST http://127.0.0.1:8200/wd/hub/session/9a894636-8253-4a63-b19c-662c637409ff/element/463bd353-9d6d-4c90-a0be-950028f6a1c0/click] with body: {"element":"463bd353-9d6d-4c90-a0be-950028f6a1c0"}
[debug] &amp#27;[35m[WD Proxy]&amp#27;[39m Got response with status 200: {"sessionId":"9a894636-8253-4a63-b19c-662c637409ff","value":null}
[debug] &amp#27;[35m[W3C (ebb62c54)]&amp#27;[39m Responding to client with driver.click() result: null
&amp#27;[35m[HTTP]&amp#27;[39m &amp#27;[37m<-- POST /wd/hub/session/ebb62c54-6b49-441c-b8af-5401626c3d62/element/463bd353-9d6d-4c90-a0be-950028f6a1c0/click &amp#27;[39m&amp#27;[32m200&amp#27;[39m &amp#27;[90m36 ms - 14&amp#27;[39m
&amp#27;[35m[HTTP]&amp#27;[39m &amp#27;[90m&amp#27;[39m
]]></system-out>
  </testcase>
</testsuite>