<?xml version="1.0" encoding="UTF-8"?>
<!-- Generated by org.testng.reporters.JUnitReportReporter -->
<testsuite hostname="DESKTOP-813B9JT" name="SDETAssignment.KhanAcademy.TC_01" tests="5" failures="0" timestamp="9 Jan 2021 20:06:15 GMT" time="140.110" errors="0">
  <testcase name="TC_003" time="28.428" classname="SDETAssignment.KhanAcademy.TC_01"/>
  <testcase name="TC_002" time="13.571" classname="SDETAssignment.KhanAcademy.TC_01"/>
  <testcase name="TC_001" time="75.986" classname="SDETAssignment.KhanAcademy.TC_01"/>
  <testcase name="TC_005" time="9.296" classname="SDETAssignment.KhanAcademy.TC_01"/>
  <testcase name="TC_004" time="12.829" classname="SDETAssignment.KhanAcademy.TC_01"/>
</testsuite> <!-- SDETAssignment.KhanAcademy.TC_01 -->
